2025-05-16 13:38:42,257 - Config loaded: {'task_name': 'Jin_2024_2025', 'train_model': 'rollingtrain', 'time_period': '2024-2025', 'factor_name': 'DrJin129', 'device': 'cuda:7', 'model_type': 'AttGRU', 'input_dim': 129, 'window_size': 30, 'hidden_dim': 128, 'num_layers': 3, 'output_dim': 1, 'dropout': 0.0, 'num_heads': 4, 'seq_len': 32, 'enc_in': 312, 'dec_in': 312, 'c_out': 312, 'down_sampling_layers': 2, 'down_sampling_window': 2, 'e_layers': 2, 'down_sampling_method': 'avg', 'decomp_method': 'moving_avg', 'moving_avg': 25, 'pred_len': 1, 'd_ff': 32, 'use_norm': 0, 'learning_rate': 0.0001, 'shuffle_time': True, 'early_stop_patience': 5, 'train_epochs': 50, 'num_val_windows': 100, 'val_sample_mode': 'random', 'loss': 'MHMSE', 'pct_start': 0.2, 'lradj': 'cos', 'exp_path': '/home/hongkou/TimeSeries/exp/Jin_2024_2025_new', 'cross_train': False, 'Ding128_alb_inner_path': '/home/USB_DRIVE3/data_CX/chenx/data_warehouse/Ding_factors/align_with_label/', 'Ding128_alb_outer_path': '/home/USB_DRIVE3/data_CX/chenx/data_warehouse/Ding_factors/factors_outer/align_with_label/', 'Ding128_amc_inner_path': '/home/USB_DRIVE3/data_CX/chenx/data_warehouse/Ding_factors/align_with_mktcap/', 'Ding128_amc_outer_path': '/home/USB_DRIVE3/data_CX/chenx/data_warehouse/Ding_factors/factors_outer/align_with_mktcap/', 'Ding128_label_path': '/home/hongkou/chenx/data_warehouse/labels/', 'CY312_factor_path': '/home/hongkou/chenx/data_warehouse/CY_1430_factors/factors', 'CY312_label_path': '/home/hongkou/chenx/data_warehouse/CY_1430_factors/labels', 'CY312_rollinglbl_align_path': '/home/hongkou/chenx/data_warehouse/CY_1430_factors/r_label_align_factor', 'CY312_rollinglabel_path': '/home/hongkou/chenx/data_warehouse/CY_1430_factors/r_label', 'CY312_rollingmkt_align_path': '/home/hongkou/chenx/data_warehouse/CY_1430_factors/r_market_align_factor', 'DrJin129_hal_factor_path': '/home/USB_DRIVE3/data_CX/chenx/data_warehouse/DrJin_factors/factors/', 'DrJin129_all_factor_path': '/home/USB_DRIVE3/data_CX/chenx/data_warehouse/DrJin_factors/allday_factors/', 'DrJin129_label_path': '/home/USB_DRIVE3/data_CX/chenx/data_warehouse/DrJin_factors/labels/', 'DrJin129_rollinglbl_align_path': '/home/USB_DRIVE3/data_CX/chenx/data_warehouse/DrJin_factors_new/r_label_align_factor/', 'DrJin129_rollinglabel_path': '/home/USB_DRIVE3/data_CX/chenx/data_warehouse/DrJin_factors_new/r_label/', 'DrJin129_rollingmkt_align_path': '/home/USB_DRIVE3/data_CX/chenx/data_warehouse/DrJin_factors_new/r_market_align_factor/', 'min5_factor_path': '/home/hongkou/chenx/data_warehouse/5min_factors/factors/', 'min5_label_path': '/home/hongkou/chenx/data_warehouse/5min_factors/lables/'} 
2025-05-16 13:38:42,257 - Using device: cuda:7 
2025-05-16 13:38:42,284 - Using model: AttGRU 
2025-05-16 13:38:42,285 - Using criterion: mse_reg_mh(
  (mh): multihead_loss()
) 
2025-05-16 13:38:56,423 - 	time_step: 100, epoch: 1 | train_loss: 1.2210519 | cval_loss: 1.2397602 | cval_ic: -0.0244 
2025-05-16 13:39:07,639 - 	time_step: 200, epoch: 1 | train_loss: 1.2126863 | cval_loss: 1.2418833 | cval_ic: 0.1012 
2025-05-16 13:39:18,990 - 	time_step: 300, epoch: 1 | train_loss: 1.2234126 | cval_loss: 1.2202827 | cval_ic: 0.0681 
2025-05-16 13:39:30,233 - 	time_step: 400, epoch: 1 | train_loss: 1.2577395 | cval_loss: 1.2186939 | cval_ic: 0.0835 
2025-05-16 13:39:41,528 - 	time_step: 500, epoch: 1 | train_loss: 1.2556205 | cval_loss: 1.2449181 | cval_ic: 0.0794 
2025-05-16 13:39:52,834 - 	time_step: 600, epoch: 1 | train_loss: 1.2255194 | cval_loss: 1.1422807 | cval_ic: 0.1276 
2025-05-16 13:40:04,097 - 	time_step: 700, epoch: 1 | train_loss: 1.2180772 | cval_loss: 1.2210256 | cval_ic: 0.1040 
2025-05-16 13:40:15,418 - 	time_step: 800, epoch: 1 | train_loss: 1.1985358 | cval_loss: 1.1660076 | cval_ic: 0.0346 
2025-05-16 13:40:26,779 - 	time_step: 900, epoch: 1 | train_loss: 1.2468885 | cval_loss: 1.2320161 | cval_ic: -0.0268 
2025-05-16 13:40:38,104 - 	time_step: 1000, epoch: 1 | train_loss: 1.1888959 | cval_loss: 1.2151525 | cval_ic: 0.1569 
2025-05-16 13:40:49,598 - 	time_step: 1100, epoch: 1 | train_loss: 1.1980417 | cval_loss: 1.2690210 | cval_ic: 0.0867 
2025-05-16 13:41:01,085 - 	time_step: 1200, epoch: 1 | train_loss: 1.3052251 | cval_loss: 1.2338790 | cval_ic: -0.0019 
2025-05-16 13:41:12,453 - 	time_step: 1300, epoch: 1 | train_loss: 1.2030988 | cval_loss: 1.1918430 | cval_ic: 0.1354 
2025-05-16 13:41:23,867 - 	time_step: 1400, epoch: 1 | train_loss: 1.2091013 | cval_loss: 1.2301340 | cval_ic: 0.0700 
2025-05-16 13:41:35,024 - 	time_step: 1500, epoch: 1 | train_loss: 1.1772436 | cval_loss: 1.1972225 | cval_ic: 0.0616 
2025-05-16 13:41:46,315 - 	time_step: 1600, epoch: 1 | train_loss: 1.2326008 | cval_loss: 1.2135931 | cval_ic: 0.0865 
2025-05-16 13:41:57,535 - 	time_step: 1700, epoch: 1 | train_loss: 1.2048218 | cval_loss: 1.2528911 | cval_ic: 0.0487 
2025-05-16 13:42:08,218 - 	time_step: 1800, epoch: 1 | train_loss: 1.2103641 | cval_loss: 1.2136308 | cval_ic: -0.0074 
2025-05-16 13:42:27,159 - Epoch: 0 | Time: 223.97s 
2025-05-16 13:42:27,159 - Train Loss: 1.2176 | Val Loss: 1.2106 | Test Loss: 1.2207 | Val IC Mean: 0.0909| Test IC Mean: 0.0662 
2025-05-16 13:42:27,164 - Updating learning rate to 9.999999747378752e-05 
2025-05-16 13:42:27,167 - best model saved with test ic : 0.0662 
2025-05-16 13:42:39,929 - 	time_step: 100, epoch: 2 | train_loss: 1.2473779 | cval_loss: 1.2554361 | cval_ic: 0.1307 
2025-05-16 13:42:51,650 - 	time_step: 200, epoch: 2 | train_loss: 1.1817333 | cval_loss: 1.1697325 | cval_ic: 0.1543 
2025-05-16 13:43:03,108 - 	time_step: 300, epoch: 2 | train_loss: 1.1882851 | cval_loss: 1.2205321 | cval_ic: 0.1152 
2025-05-16 13:43:14,025 - 	time_step: 400, epoch: 2 | train_loss: 1.1986740 | cval_loss: 1.1414264 | cval_ic: 0.0969 
2025-05-16 13:43:25,004 - 	time_step: 500, epoch: 2 | train_loss: 1.2358551 | cval_loss: 1.2036402 | cval_ic: 0.0779 
2025-05-16 13:43:36,233 - 	time_step: 600, epoch: 2 | train_loss: 1.2265004 | cval_loss: 1.2203418 | cval_ic: -0.0371 
2025-05-16 13:43:47,941 - 	time_step: 700, epoch: 2 | train_loss: 1.2203729 | cval_loss: 1.2322981 | cval_ic: 0.0777 
2025-05-16 13:43:59,479 - 	time_step: 800, epoch: 2 | train_loss: 1.2149804 | cval_loss: 1.2604985 | cval_ic: 0.0721 
2025-05-16 13:44:10,730 - 	time_step: 900, epoch: 2 | train_loss: 1.2704554 | cval_loss: 1.2479560 | cval_ic: 0.0416 
2025-05-16 13:44:22,051 - 	time_step: 1000, epoch: 2 | train_loss: 1.2304583 | cval_loss: 1.2131016 | cval_ic: 0.1521 
2025-05-16 13:44:33,139 - 	time_step: 1100, epoch: 2 | train_loss: 1.2175068 | cval_loss: 1.1713569 | cval_ic: 0.2144 
2025-05-16 13:44:43,999 - 	time_step: 1200, epoch: 2 | train_loss: 1.2043328 | cval_loss: 1.2158036 | cval_ic: 0.1925 
2025-05-16 13:44:54,932 - 	time_step: 1300, epoch: 2 | train_loss: 1.1698225 | cval_loss: 1.1314727 | cval_ic: 0.1402 
2025-05-16 13:45:06,027 - 	time_step: 1400, epoch: 2 | train_loss: 1.1697118 | cval_loss: 1.2544738 | cval_ic: 0.0272 
2025-05-16 13:45:17,461 - 	time_step: 1500, epoch: 2 | train_loss: 1.2118701 | cval_loss: 1.2110374 | cval_ic: 0.1660 
2025-05-16 13:45:28,952 - 	time_step: 1600, epoch: 2 | train_loss: 1.1149803 | cval_loss: 1.2642514 | cval_ic: 0.0650 
2025-05-16 13:45:40,343 - 	time_step: 1700, epoch: 2 | train_loss: 1.1688154 | cval_loss: 1.2347784 | cval_ic: 0.0736 
2025-05-16 13:45:51,281 - 	time_step: 1800, epoch: 2 | train_loss: 1.2283945 | cval_loss: 1.2612972 | cval_ic: 0.0030 
2025-05-16 13:46:10,667 - Epoch: 1 | Time: 223.50s 
2025-05-16 13:46:10,667 - Train Loss: 1.2119 | Val Loss: 1.2088 | Test Loss: 1.2191 | Val IC Mean: 0.0953| Test IC Mean: 0.0729 
2025-05-16 13:46:10,671 - Updating learning rate to 9.990133548853919e-05 
2025-05-16 13:46:10,674 - best model saved with test ic : 0.0729 
2025-05-16 13:46:23,526 - 	time_step: 100, epoch: 3 | train_loss: 1.2025082 | cval_loss: 1.2189540 | cval_ic: 0.1686 
2025-05-16 13:46:35,168 - 	time_step: 200, epoch: 3 | train_loss: 1.1946524 | cval_loss: 1.2194099 | cval_ic: 0.0410 
2025-05-16 13:46:46,895 - 	time_step: 300, epoch: 3 | train_loss: 1.1090151 | cval_loss: 1.2216631 | cval_ic: -0.0302 
2025-05-16 13:46:58,548 - 	time_step: 400, epoch: 3 | train_loss: 1.1635406 | cval_loss: 1.2523404 | cval_ic: 0.0886 
2025-05-16 13:47:10,120 - 	time_step: 500, epoch: 3 | train_loss: 1.2187563 | cval_loss: 1.2099192 | cval_ic: 0.0828 
2025-05-16 13:47:21,614 - 	time_step: 600, epoch: 3 | train_loss: 1.1706387 | cval_loss: 1.2115157 | cval_ic: -0.0265 
2025-05-16 13:47:33,410 - 	time_step: 700, epoch: 3 | train_loss: 1.2055815 | cval_loss: 1.2008599 | cval_ic: 0.0008 
2025-05-16 13:47:44,958 - 	time_step: 800, epoch: 3 | train_loss: 1.1362250 | cval_loss: 1.2591425 | cval_ic: 0.0768 
2025-05-16 13:47:56,575 - 	time_step: 900, epoch: 3 | train_loss: 1.2056315 | cval_loss: 1.1384196 | cval_ic: 0.2100 
2025-05-16 13:48:08,224 - 	time_step: 1000, epoch: 3 | train_loss: 1.1552892 | cval_loss: 1.1947367 | cval_ic: 0.0832 
2025-05-16 13:48:19,821 - 	time_step: 1100, epoch: 3 | train_loss: 1.1956750 | cval_loss: 1.2687254 | cval_ic: -0.1096 
2025-05-16 13:48:31,346 - 	time_step: 1200, epoch: 3 | train_loss: 1.2487897 | cval_loss: 1.1555767 | cval_ic: 0.1455 
2025-05-16 13:48:43,042 - 	time_step: 1300, epoch: 3 | train_loss: 1.2089387 | cval_loss: 1.2340496 | cval_ic: -0.0368 
2025-05-16 13:48:54,535 - 	time_step: 1400, epoch: 3 | train_loss: 1.1622396 | cval_loss: 1.2179431 | cval_ic: 0.0577 
2025-05-16 13:49:06,176 - 	time_step: 1500, epoch: 3 | train_loss: 1.1762574 | cval_loss: 1.1577077 | cval_ic: 0.2065 
2025-05-16 13:49:17,747 - 	time_step: 1600, epoch: 3 | train_loss: 1.2114758 | cval_loss: 1.1892208 | cval_ic: 0.1318 
2025-05-16 13:49:29,285 - 	time_step: 1700, epoch: 3 | train_loss: 1.2536666 | cval_loss: 1.2227290 | cval_ic: 0.1787 
2025-05-16 13:49:40,209 - 	time_step: 1800, epoch: 3 | train_loss: 1.1765655 | cval_loss: 1.1908023 | cval_ic: 0.0101 
2025-05-16 13:49:59,629 - Epoch: 2 | Time: 228.95s 
2025-05-16 13:49:59,630 - Train Loss: 1.2091 | Val Loss: 1.2066 | Test Loss: 1.2195 | Val IC Mean: 0.1173| Test IC Mean: 0.0872 
2025-05-16 13:49:59,634 - Updating learning rate to 9.960573515854776e-05 
2025-05-16 13:49:59,637 - best model saved with test ic : 0.0872 
2025-05-16 13:50:12,735 - 	time_step: 100, epoch: 4 | train_loss: 1.2001524 | cval_loss: 1.2424884 | cval_ic: 0.1318 
2025-05-16 13:50:24,441 - 	time_step: 200, epoch: 4 | train_loss: 1.1703858 | cval_loss: 1.2325332 | cval_ic: 0.1226 
2025-05-16 13:50:36,086 - 	time_step: 300, epoch: 4 | train_loss: 1.2000041 | cval_loss: 1.1276233 | cval_ic: 0.1397 
2025-05-16 13:50:47,762 - 	time_step: 400, epoch: 4 | train_loss: 1.2638098 | cval_loss: 1.2336329 | cval_ic: 0.0738 
2025-05-16 13:50:59,304 - 	time_step: 500, epoch: 4 | train_loss: 1.2179624 | cval_loss: 1.2216271 | cval_ic: 0.1221 
2025-05-16 13:51:11,013 - 	time_step: 600, epoch: 4 | train_loss: 1.1972872 | cval_loss: 1.1732049 | cval_ic: 0.1986 
2025-05-16 13:51:22,560 - 	time_step: 700, epoch: 4 | train_loss: 1.1631324 | cval_loss: 1.1794224 | cval_ic: 0.2279 
2025-05-16 13:51:33,949 - 	time_step: 800, epoch: 4 | train_loss: 1.2220594 | cval_loss: 1.2190723 | cval_ic: 0.0484 
2025-05-16 13:51:47,863 - 	time_step: 900, epoch: 4 | train_loss: 1.1915793 | cval_loss: 1.1744764 | cval_ic: 0.1508 
2025-05-16 13:51:59,226 - 	time_step: 1000, epoch: 4 | train_loss: 1.2086935 | cval_loss: 1.2208182 | cval_ic: 0.2077 
2025-05-16 13:52:11,239 - 	time_step: 1100, epoch: 4 | train_loss: 1.2351623 | cval_loss: 1.2033646 | cval_ic: 0.2036 
2025-05-16 13:52:22,924 - 	time_step: 1200, epoch: 4 | train_loss: 1.1751046 | cval_loss: 1.1782722 | cval_ic: 0.0985 
2025-05-16 13:52:35,181 - 	time_step: 1300, epoch: 4 | train_loss: 1.2303492 | cval_loss: 1.1984954 | cval_ic: 0.1203 
2025-05-16 13:52:47,655 - 	time_step: 1400, epoch: 4 | train_loss: 1.2056639 | cval_loss: 1.2293428 | cval_ic: 0.0528 
2025-05-16 13:52:59,286 - 	time_step: 1500, epoch: 4 | train_loss: 1.1950992 | cval_loss: 1.2703331 | cval_ic: 0.0532 
2025-05-16 13:53:10,849 - 	time_step: 1600, epoch: 4 | train_loss: 1.2549770 | cval_loss: 1.1692097 | cval_ic: 0.1622 
2025-05-16 13:53:22,424 - 	time_step: 1700, epoch: 4 | train_loss: 1.1653752 | cval_loss: 1.1771433 | cval_ic: 0.1698 
2025-05-16 13:53:34,988 - 	time_step: 1800, epoch: 4 | train_loss: 1.2150465 | cval_loss: 1.2577952 | cval_ic: -0.0164 
2025-05-16 13:53:54,974 - Epoch: 3 | Time: 235.34s 
2025-05-16 13:53:54,974 - Train Loss: 1.2070 | Val Loss: 1.2049 | Test Loss: 1.2174 | Val IC Mean: 0.1123| Test IC Mean: 0.0845 
2025-05-16 13:53:54,978 - Updating learning rate to 9.911435336107388e-05 
2025-05-16 13:54:07,547 - 	time_step: 100, epoch: 5 | train_loss: 1.2305335 | cval_loss: 1.1778255 | cval_ic: 0.2243 
2025-05-16 13:54:18,981 - 	time_step: 200, epoch: 5 | train_loss: 1.2602479 | cval_loss: 1.2051163 | cval_ic: 0.0416 
2025-05-16 13:54:30,312 - 	time_step: 300, epoch: 5 | train_loss: 1.1998819 | cval_loss: 1.1889955 | cval_ic: 0.1848 
2025-05-16 13:54:41,825 - 	time_step: 400, epoch: 5 | train_loss: 1.1909770 | cval_loss: 1.1852343 | cval_ic: 0.1974 
2025-05-16 13:54:53,127 - 	time_step: 500, epoch: 5 | train_loss: 1.2304634 | cval_loss: 1.2423196 | cval_ic: 0.1089 
2025-05-16 13:55:04,643 - 	time_step: 600, epoch: 5 | train_loss: 1.2723743 | cval_loss: 1.2325597 | cval_ic: 0.1048 
2025-05-16 13:55:16,381 - 	time_step: 700, epoch: 5 | train_loss: 1.1461154 | cval_loss: 1.2141041 | cval_ic: 0.1826 
2025-05-16 13:55:27,220 - 	time_step: 800, epoch: 5 | train_loss: 1.1332493 | cval_loss: 1.2723274 | cval_ic: 0.1564 
2025-05-16 13:55:38,781 - 	time_step: 900, epoch: 5 | train_loss: 1.2024620 | cval_loss: 1.1785581 | cval_ic: 0.2033 
2025-05-16 13:55:50,456 - 	time_step: 1000, epoch: 5 | train_loss: 1.1978590 | cval_loss: 1.1911391 | cval_ic: 0.1406 
2025-05-16 13:56:02,114 - 	time_step: 1100, epoch: 5 | train_loss: 1.1806219 | cval_loss: 1.1356744 | cval_ic: 0.1811 
2025-05-16 13:56:13,405 - 	time_step: 1200, epoch: 5 | train_loss: 1.2297434 | cval_loss: 1.1796428 | cval_ic: 0.0687 
2025-05-16 13:56:24,847 - 	time_step: 1300, epoch: 5 | train_loss: 1.2187991 | cval_loss: 1.2156402 | cval_ic: 0.1074 
2025-05-16 13:56:36,097 - 	time_step: 1400, epoch: 5 | train_loss: 1.2217586 | cval_loss: 1.2358387 | cval_ic: 0.1052 
2025-05-16 13:56:47,415 - 	time_step: 1500, epoch: 5 | train_loss: 1.2185388 | cval_loss: 1.1962277 | cval_ic: 0.2091 
2025-05-16 13:56:58,919 - 	time_step: 1600, epoch: 5 | train_loss: 1.1533540 | cval_loss: 1.2734916 | cval_ic: 0.1023 
2025-05-16 13:57:10,698 - 	time_step: 1700, epoch: 5 | train_loss: 1.1856518 | cval_loss: 1.2075646 | cval_ic: 0.0206 
2025-05-16 13:57:21,641 - 	time_step: 1800, epoch: 5 | train_loss: 1.2421410 | cval_loss: 1.2599237 | cval_ic: -0.0269 
2025-05-16 13:57:41,322 - Epoch: 4 | Time: 226.34s 
2025-05-16 13:57:41,322 - Train Loss: 1.2054 | Val Loss: 1.2053 | Test Loss: 1.2168 | Val IC Mean: 0.1047| Test IC Mean: 0.0799 
2025-05-16 13:57:41,322 - Updating learning rate to 9.842915460467339e-05 
2025-05-16 13:57:53,959 - 	time_step: 100, epoch: 6 | train_loss: 1.2042309 | cval_loss: 1.2121353 | cval_ic: 0.0554 
2025-05-16 13:58:05,402 - 	time_step: 200, epoch: 6 | train_loss: 1.2049809 | cval_loss: 1.1381114 | cval_ic: 0.1716 
2025-05-16 13:58:17,006 - 	time_step: 300, epoch: 6 | train_loss: 1.1943967 | cval_loss: 1.2042917 | cval_ic: 0.1479 
2025-05-16 13:58:28,511 - 	time_step: 400, epoch: 6 | train_loss: 1.1855093 | cval_loss: 1.1965282 | cval_ic: 0.1680 
2025-05-16 13:58:40,083 - 	time_step: 500, epoch: 6 | train_loss: 1.2094493 | cval_loss: 1.1408346 | cval_ic: 0.2327 
2025-05-16 13:58:52,266 - 	time_step: 600, epoch: 6 | train_loss: 1.2198342 | cval_loss: 1.2367008 | cval_ic: 0.2048 
2025-05-16 13:59:03,765 - 	time_step: 700, epoch: 6 | train_loss: 1.2145749 | cval_loss: 1.2152518 | cval_ic: 0.1587 
2025-05-16 13:59:15,290 - 	time_step: 800, epoch: 6 | train_loss: 1.1713749 | cval_loss: 1.1216028 | cval_ic: 0.1425 
2025-05-16 13:59:27,257 - 	time_step: 900, epoch: 6 | train_loss: 1.1923487 | cval_loss: 1.2120911 | cval_ic: 0.0701 
2025-05-16 13:59:39,209 - 	time_step: 1000, epoch: 6 | train_loss: 1.2602726 | cval_loss: 1.2554762 | cval_ic: 0.0928 
2025-05-16 13:59:50,817 - 	time_step: 1100, epoch: 6 | train_loss: 1.2297361 | cval_loss: 1.1986316 | cval_ic: 0.1515 
2025-05-16 14:00:02,446 - 	time_step: 1200, epoch: 6 | train_loss: 1.1618769 | cval_loss: 1.1792914 | cval_ic: 0.1692 
2025-05-16 14:00:14,080 - 	time_step: 1300, epoch: 6 | train_loss: 1.2018946 | cval_loss: 1.2519145 | cval_ic: 0.0525 
2025-05-16 14:00:25,848 - 	time_step: 1400, epoch: 6 | train_loss: 1.2259370 | cval_loss: 1.1660258 | cval_ic: 0.2477 
2025-05-16 14:00:37,483 - 	time_step: 1500, epoch: 6 | train_loss: 1.1831653 | cval_loss: 1.1389555 | cval_ic: 0.2501 
2025-05-16 14:00:49,134 - 	time_step: 1600, epoch: 6 | train_loss: 1.1940022 | cval_loss: 1.2433375 | cval_ic: 0.0288 
2025-05-16 14:01:00,738 - 	time_step: 1700, epoch: 6 | train_loss: 1.1754040 | cval_loss: 1.2122358 | cval_ic: 0.1297 
2025-05-16 14:01:11,776 - 	time_step: 1800, epoch: 6 | train_loss: 1.2022636 | cval_loss: 1.2723432 | cval_ic: -0.0189 
2025-05-16 14:01:31,396 - Epoch: 5 | Time: 230.07s 
2025-05-16 14:01:31,397 - Train Loss: 1.2039 | Val Loss: 1.2022 | Test Loss: 1.2170 | Val IC Mean: 0.1226| Test IC Mean: 0.0912 
2025-05-16 14:01:31,401 - Updating learning rate to 9.75528237177059e-05 
2025-05-16 14:01:31,404 - best model saved with test ic : 0.0912 
2025-05-16 14:01:44,405 - 	time_step: 100, epoch: 7 | train_loss: 1.2061568 | cval_loss: 1.2158073 | cval_ic: -0.0373 
2025-05-16 14:01:56,078 - 	time_step: 200, epoch: 7 | train_loss: 1.1792279 | cval_loss: 1.1995448 | cval_ic: 0.1125 
2025-05-16 14:02:07,625 - 	time_step: 300, epoch: 7 | train_loss: 1.2687180 | cval_loss: 1.0811112 | cval_ic: 0.2396 
2025-05-16 14:02:19,175 - 	time_step: 400, epoch: 7 | train_loss: 1.2362447 | cval_loss: 1.2089764 | cval_ic: 0.1415 
2025-05-16 14:02:30,718 - 	time_step: 500, epoch: 7 | train_loss: 1.2113614 | cval_loss: 1.2059734 | cval_ic: 0.1695 
2025-05-16 14:02:42,196 - 	time_step: 600, epoch: 7 | train_loss: 1.2593135 | cval_loss: 1.1980174 | cval_ic: 0.0620 
2025-05-16 14:02:53,703 - 	time_step: 700, epoch: 7 | train_loss: 1.1865408 | cval_loss: 1.2526649 | cval_ic: 0.0394 
2025-05-16 14:03:05,315 - 	time_step: 800, epoch: 7 | train_loss: 1.2235796 | cval_loss: 1.2428867 | cval_ic: -0.0740 
2025-05-16 14:03:17,235 - 	time_step: 900, epoch: 7 | train_loss: 1.2162781 | cval_loss: 1.2523583 | cval_ic: -0.0434 
2025-05-16 14:03:28,915 - 	time_step: 1000, epoch: 7 | train_loss: 1.1997101 | cval_loss: 1.2050648 | cval_ic: 0.1097 
2025-05-16 14:03:40,931 - 	time_step: 1100, epoch: 7 | train_loss: 1.1795527 | cval_loss: 1.1826464 | cval_ic: 0.2227 
2025-05-16 14:03:52,562 - 	time_step: 1200, epoch: 7 | train_loss: 1.2613301 | cval_loss: 1.1925875 | cval_ic: 0.1514 
2025-05-16 14:04:04,538 - 	time_step: 1300, epoch: 7 | train_loss: 1.2193522 | cval_loss: 1.1312828 | cval_ic: 0.1724 
2025-05-16 14:04:16,313 - 	time_step: 1400, epoch: 7 | train_loss: 1.2397195 | cval_loss: 1.1806076 | cval_ic: 0.1477 
2025-05-16 14:04:28,021 - 	time_step: 1500, epoch: 7 | train_loss: 1.2712579 | cval_loss: 1.1301322 | cval_ic: 0.2257 
2025-05-16 14:04:39,079 - 	time_step: 1600, epoch: 7 | train_loss: 1.2027595 | cval_loss: 1.2327043 | cval_ic: 0.0532 
2025-05-16 14:04:50,775 - 	time_step: 1700, epoch: 7 | train_loss: 1.2116926 | cval_loss: 1.2274461 | cval_ic: 0.2156 
2025-05-16 14:05:01,788 - 	time_step: 1800, epoch: 7 | train_loss: 1.2063478 | cval_loss: 1.2328472 | cval_ic: 0.0070 
2025-05-16 14:05:21,338 - Epoch: 6 | Time: 229.93s 
2025-05-16 14:05:21,338 - Train Loss: 1.2024 | Val Loss: 1.2035 | Test Loss: 1.2161 | Val IC Mean: 0.1195| Test IC Mean: 0.0931 
2025-05-16 14:05:21,339 - Updating learning rate to 9.648881678003818e-05 
2025-05-16 14:05:21,342 - best model saved with test ic : 0.0931 
2025-05-16 14:05:33,998 - 	time_step: 100, epoch: 8 | train_loss: 1.3443887 | cval_loss: 1.2341061 | cval_ic: 0.0868 
2025-05-16 14:05:45,752 - 	time_step: 200, epoch: 8 | train_loss: 1.2032303 | cval_loss: 1.1964889 | cval_ic: 0.1344 
2025-05-16 14:05:57,758 - 	time_step: 300, epoch: 8 | train_loss: 1.1392633 | cval_loss: 1.2347120 | cval_ic: 0.0132 
2025-05-16 14:06:09,850 - 	time_step: 400, epoch: 8 | train_loss: 1.2039453 | cval_loss: 1.2364401 | cval_ic: 0.0392 
2025-05-16 14:06:23,026 - 	time_step: 500, epoch: 8 | train_loss: 1.1496990 | cval_loss: 1.2010148 | cval_ic: 0.0870 
2025-05-16 14:06:35,020 - 	time_step: 600, epoch: 8 | train_loss: 1.2264799 | cval_loss: 1.2488246 | cval_ic: 0.1053 
2025-05-16 14:06:46,914 - 	time_step: 700, epoch: 8 | train_loss: 1.2080870 | cval_loss: 1.2136596 | cval_ic: 0.1353 
2025-05-16 14:06:58,545 - 	time_step: 800, epoch: 8 | train_loss: 1.2013544 | cval_loss: 1.2078450 | cval_ic: 0.1301 
2025-05-16 14:07:10,461 - 	time_step: 900, epoch: 8 | train_loss: 1.2347875 | cval_loss: 1.1798108 | cval_ic: 0.0984 
2025-05-16 14:07:24,139 - 	time_step: 1000, epoch: 8 | train_loss: 1.1880143 | cval_loss: 1.2278359 | cval_ic: 0.0642 
2025-05-16 14:07:35,812 - 	time_step: 1100, epoch: 8 | train_loss: 1.2130601 | cval_loss: 1.1754797 | cval_ic: 0.2115 
2025-05-16 14:07:47,303 - 	time_step: 1200, epoch: 8 | train_loss: 1.2115076 | cval_loss: 1.2717848 | cval_ic: 0.0534 
2025-05-16 14:07:58,933 - 	time_step: 1300, epoch: 8 | train_loss: 1.1943357 | cval_loss: 1.1773517 | cval_ic: 0.1654 
2025-05-16 14:08:10,611 - 	time_step: 1400, epoch: 8 | train_loss: 1.1920601 | cval_loss: 1.0998293 | cval_ic: 0.2365 
2025-05-16 14:08:22,196 - 	time_step: 1500, epoch: 8 | train_loss: 1.1986089 | cval_loss: 1.1675254 | cval_ic: 0.1546 
2025-05-16 14:08:33,769 - 	time_step: 1600, epoch: 8 | train_loss: 1.2189819 | cval_loss: 1.1850843 | cval_ic: 0.2069 
2025-05-16 14:08:45,340 - 	time_step: 1700, epoch: 8 | train_loss: 1.2040513 | cval_loss: 1.2192997 | cval_ic: 0.0902 
2025-05-16 14:08:56,307 - 	time_step: 1800, epoch: 8 | train_loss: 1.2155837 | cval_loss: 1.2335224 | cval_ic: 0.0035 
2025-05-16 14:09:16,298 - Epoch: 7 | Time: 234.96s 
2025-05-16 14:09:16,298 - Train Loss: 1.2011 | Val Loss: 1.2020 | Test Loss: 1.2168 | Val IC Mean: 0.1217| Test IC Mean: 0.0928 
2025-05-16 14:09:16,302 - Updating learning rate to 9.524135384708643e-05 
2025-05-16 14:09:29,573 - 	time_step: 100, epoch: 9 | train_loss: 1.2317250 | cval_loss: 1.1878022 | cval_ic: 0.1932 
2025-05-16 14:09:41,422 - 	time_step: 200, epoch: 9 | train_loss: 1.1869665 | cval_loss: 1.2214310 | cval_ic: 0.1448 
2025-05-16 14:09:53,362 - 	time_step: 300, epoch: 9 | train_loss: 1.1702664 | cval_loss: 1.2136168 | cval_ic: 0.1612 
2025-05-16 14:10:05,440 - 	time_step: 400, epoch: 9 | train_loss: 1.1781514 | cval_loss: 1.1918111 | cval_ic: 0.1015 
2025-05-16 14:10:17,639 - 	time_step: 500, epoch: 9 | train_loss: 1.1169463 | cval_loss: 1.2161825 | cval_ic: 0.0904 
2025-05-16 14:10:29,619 - 	time_step: 600, epoch: 9 | train_loss: 1.2304466 | cval_loss: 1.2267268 | cval_ic: 0.0654 
2025-05-16 14:10:41,878 - 	time_step: 700, epoch: 9 | train_loss: 1.1906428 | cval_loss: 1.2055430 | cval_ic: 0.1795 
2025-05-16 14:10:53,735 - 	time_step: 800, epoch: 9 | train_loss: 1.1965659 | cval_loss: 1.2251809 | cval_ic: 0.1095 
2025-05-16 14:11:05,567 - 	time_step: 900, epoch: 9 | train_loss: 1.2195089 | cval_loss: 1.2098657 | cval_ic: 0.2025 
2025-05-16 14:11:17,421 - 	time_step: 1000, epoch: 9 | train_loss: 1.1974596 | cval_loss: 1.2247013 | cval_ic: 0.0802 
2025-05-16 14:11:30,697 - 	time_step: 1100, epoch: 9 | train_loss: 1.1742055 | cval_loss: 1.2038321 | cval_ic: 0.1042 
2025-05-16 14:11:42,561 - 	time_step: 1200, epoch: 9 | train_loss: 1.1903177 | cval_loss: 1.1615541 | cval_ic: 0.2649 
2025-05-16 14:11:54,503 - 	time_step: 1300, epoch: 9 | train_loss: 1.2045668 | cval_loss: 1.1863755 | cval_ic: 0.1367 
2025-05-16 14:12:06,353 - 	time_step: 1400, epoch: 9 | train_loss: 1.1725982 | cval_loss: 1.1670091 | cval_ic: 0.2297 
2025-05-16 14:12:18,255 - 	time_step: 1500, epoch: 9 | train_loss: 1.2004080 | cval_loss: 1.2340428 | cval_ic: 0.0599 
2025-05-16 14:12:29,877 - 	time_step: 1600, epoch: 9 | train_loss: 1.2232281 | cval_loss: 1.2595766 | cval_ic: 0.1451 
2025-05-16 14:12:41,610 - 	time_step: 1700, epoch: 9 | train_loss: 1.2400830 | cval_loss: 1.2065878 | cval_ic: 0.1423 
2025-05-16 14:12:52,763 - 	time_step: 1800, epoch: 9 | train_loss: 1.2332753 | cval_loss: 1.2750211 | cval_ic: -0.0200 
2025-05-16 14:13:12,993 - Epoch: 8 | Time: 236.69s 
2025-05-16 14:13:12,993 - Train Loss: 1.1998 | Val Loss: 1.2019 | Test Loss: 1.2170 | Val IC Mean: 0.1310| Test IC Mean: 0.0997 
2025-05-16 14:13:12,998 - Updating learning rate to 9.3815331638325e-05 
2025-05-16 14:13:13,001 - best model saved with test ic : 0.0997 
2025-05-16 14:13:26,154 - 	time_step: 100, epoch: 10 | train_loss: 1.1408615 | cval_loss: 1.2883453 | cval_ic: -0.0240 
2025-05-16 14:13:38,152 - 	time_step: 200, epoch: 10 | train_loss: 1.1107675 | cval_loss: 1.1849484 | cval_ic: -0.0096 
2025-05-16 14:13:50,095 - 	time_step: 300, epoch: 10 | train_loss: 1.1552643 | cval_loss: 1.2221229 | cval_ic: 0.0681 
2025-05-16 14:14:02,000 - 	time_step: 400, epoch: 10 | train_loss: 1.2257512 | cval_loss: 1.1329262 | cval_ic: 0.1627 
2025-05-16 14:14:13,911 - 	time_step: 500, epoch: 10 | train_loss: 0.8660960 | cval_loss: 1.1828492 | cval_ic: 0.2264 
2025-05-16 14:14:25,698 - 	time_step: 600, epoch: 10 | train_loss: 1.2487071 | cval_loss: 1.1239426 | cval_ic: 0.1786 
2025-05-16 14:14:37,576 - 	time_step: 700, epoch: 10 | train_loss: 1.1944849 | cval_loss: 1.1981335 | cval_ic: 0.0620 
2025-05-16 14:14:49,622 - 	time_step: 800, epoch: 10 | train_loss: 1.2343199 | cval_loss: 1.2311633 | cval_ic: 0.0860 
2025-05-16 14:15:01,608 - 	time_step: 900, epoch: 10 | train_loss: 1.1867855 | cval_loss: 1.1885376 | cval_ic: 0.1817 
2025-05-16 14:15:13,913 - 	time_step: 1000, epoch: 10 | train_loss: 1.1697242 | cval_loss: 1.1959482 | cval_ic: 0.1000 
2025-05-16 14:15:25,975 - 	time_step: 1100, epoch: 10 | train_loss: 1.1481783 | cval_loss: 1.2511020 | cval_ic: 0.1150 
2025-05-16 14:15:37,731 - 	time_step: 1200, epoch: 10 | train_loss: 1.1750878 | cval_loss: 1.1716409 | cval_ic: 0.0911 
2025-05-16 14:15:49,694 - 	time_step: 1300, epoch: 10 | train_loss: 1.1869971 | cval_loss: 1.1825311 | cval_ic: 0.1046 
2025-05-16 14:16:01,591 - 	time_step: 1400, epoch: 10 | train_loss: 1.2010009 | cval_loss: 1.2069135 | cval_ic: 0.1855 
2025-05-16 14:16:13,470 - 	time_step: 1500, epoch: 10 | train_loss: 1.1976024 | cval_loss: 1.2226846 | cval_ic: 0.0223 
2025-05-16 14:16:25,776 - 	time_step: 1600, epoch: 10 | train_loss: 1.1440530 | cval_loss: 1.1390650 | cval_ic: 0.1740 
2025-05-16 14:16:37,790 - 	time_step: 1700, epoch: 10 | train_loss: 1.2193210 | cval_loss: 1.1113151 | cval_ic: 0.2197 
2025-05-16 14:16:49,260 - 	time_step: 1800, epoch: 10 | train_loss: 1.1698825 | cval_loss: 1.2249974 | cval_ic: -0.0043 
2025-05-16 14:17:09,609 - Epoch: 9 | Time: 236.61s 
2025-05-16 14:17:09,610 - Train Loss: 1.1984 | Val Loss: 1.2027 | Test Loss: 1.2171 | Val IC Mean: 0.1252| Test IC Mean: 0.0997 
2025-05-16 14:17:09,610 - Updating learning rate to 9.221639629686251e-05 
2025-05-16 14:17:09,614 - best model saved with test ic : 0.0997 
2025-05-16 14:17:22,752 - 	time_step: 100, epoch: 11 | train_loss: 1.2252729 | cval_loss: 1.1804305 | cval_ic: 0.1942 
2025-05-16 14:17:34,761 - 	time_step: 200, epoch: 11 | train_loss: 1.1972779 | cval_loss: 1.2223003 | cval_ic: 0.1161 
2025-05-16 14:17:46,741 - 	time_step: 300, epoch: 11 | train_loss: 1.2591008 | cval_loss: 1.1963203 | cval_ic: 0.1764 
2025-05-16 14:17:58,552 - 	time_step: 400, epoch: 11 | train_loss: 1.1162213 | cval_loss: 1.2243024 | cval_ic: 0.1023 
2025-05-16 14:18:10,543 - 	time_step: 500, epoch: 11 | train_loss: 1.1961745 | cval_loss: 1.1775122 | cval_ic: 0.0239 
2025-05-16 14:18:22,171 - 	time_step: 600, epoch: 11 | train_loss: 1.1744175 | cval_loss: 1.1554446 | cval_ic: 0.1347 
2025-05-16 14:18:34,074 - 	time_step: 700, epoch: 11 | train_loss: 1.2058437 | cval_loss: 1.2213794 | cval_ic: 0.0230 
2025-05-16 14:18:46,058 - 	time_step: 800, epoch: 11 | train_loss: 1.1490502 | cval_loss: 1.1943116 | cval_ic: 0.0902 
2025-05-16 14:18:57,901 - 	time_step: 900, epoch: 11 | train_loss: 1.2024518 | cval_loss: 1.2639439 | cval_ic: 0.1173 
2025-05-16 14:19:09,715 - 	time_step: 1000, epoch: 11 | train_loss: 1.1591020 | cval_loss: 1.2131096 | cval_ic: 0.1668 
2025-05-16 14:19:21,525 - 	time_step: 1100, epoch: 11 | train_loss: 1.1683075 | cval_loss: 1.2206749 | cval_ic: 0.1190 
2025-05-16 14:19:33,183 - 	time_step: 1200, epoch: 11 | train_loss: 1.2442707 | cval_loss: 1.2144558 | cval_ic: 0.0650 
2025-05-16 14:19:44,980 - 	time_step: 1300, epoch: 11 | train_loss: 1.1917460 | cval_loss: 1.1328961 | cval_ic: 0.1982 
2025-05-16 14:19:56,757 - 	time_step: 1400, epoch: 11 | train_loss: 1.1285028 | cval_loss: 1.1910114 | cval_ic: 0.2191 
2025-05-16 14:20:09,354 - 	time_step: 1500, epoch: 11 | train_loss: 1.2353915 | cval_loss: 1.1940969 | cval_ic: 0.1580 
2025-05-16 14:20:21,172 - 	time_step: 1600, epoch: 11 | train_loss: 1.1681204 | cval_loss: 1.1864758 | cval_ic: 0.1636 
2025-05-16 14:20:33,580 - 	time_step: 1700, epoch: 11 | train_loss: 1.2165000 | cval_loss: 1.1566250 | cval_ic: 0.1687 
2025-05-16 14:20:45,073 - 	time_step: 1800, epoch: 11 | train_loss: 1.1211133 | cval_loss: 1.2026947 | cval_ic: 0.0431 
2025-05-16 14:21:04,828 - Epoch: 10 | Time: 235.21s 
2025-05-16 14:21:04,828 - Train Loss: 1.1972 | Val Loss: 1.2009 | Test Loss: 1.2162 | Val IC Mean: 0.1248| Test IC Mean: 0.0961 
2025-05-16 14:21:04,833 - Updating learning rate to 9.045084152603522e-05 
2025-05-16 14:21:18,238 - 	time_step: 100, epoch: 12 | train_loss: 1.1565223 | cval_loss: 1.2128211 | cval_ic: 0.1970 
2025-05-16 14:21:31,078 - 	time_step: 200, epoch: 12 | train_loss: 1.2145119 | cval_loss: 1.2736881 | cval_ic: 0.0914 
2025-05-16 14:21:43,855 - 	time_step: 300, epoch: 12 | train_loss: 1.1980224 | cval_loss: 1.1787957 | cval_ic: 0.1784 
2025-05-16 14:21:57,082 - 	time_step: 400, epoch: 12 | train_loss: 1.1617279 | cval_loss: 1.2019088 | cval_ic: -0.0143 
2025-05-16 14:22:09,582 - 	time_step: 500, epoch: 12 | train_loss: 1.2066274 | cval_loss: 1.2095994 | cval_ic: 0.1119 
2025-05-16 14:22:21,909 - 	time_step: 600, epoch: 12 | train_loss: 1.1412100 | cval_loss: 1.2502620 | cval_ic: -0.0534 
2025-05-16 14:22:34,253 - 	time_step: 700, epoch: 12 | train_loss: 1.2252263 | cval_loss: 1.2031474 | cval_ic: 0.0918 
2025-05-16 14:22:45,910 - 	time_step: 800, epoch: 12 | train_loss: 1.1345513 | cval_loss: 1.1724937 | cval_ic: 0.2208 
2025-05-16 14:22:57,330 - 	time_step: 900, epoch: 12 | train_loss: 1.2160543 | cval_loss: 1.1897843 | cval_ic: 0.1553 
2025-05-16 14:23:08,978 - 	time_step: 1000, epoch: 12 | train_loss: 1.1080829 | cval_loss: 1.1530854 | cval_ic: 0.2211 
2025-05-16 14:23:20,236 - 	time_step: 1100, epoch: 12 | train_loss: 1.1793389 | cval_loss: 1.1970470 | cval_ic: 0.2267 
2025-05-16 14:23:31,851 - 	time_step: 1200, epoch: 12 | train_loss: 1.2122943 | cval_loss: 1.1248240 | cval_ic: 0.2832 
2025-05-16 14:23:44,319 - 	time_step: 1300, epoch: 12 | train_loss: 1.2302852 | cval_loss: 1.2314860 | cval_ic: 0.0576 
2025-05-16 14:23:56,552 - 	time_step: 1400, epoch: 12 | train_loss: 1.1972328 | cval_loss: 1.2260085 | cval_ic: 0.1510 
2025-05-16 14:24:08,276 - 	time_step: 1500, epoch: 12 | train_loss: 1.1592950 | cval_loss: 1.1963992 | cval_ic: 0.0837 
2025-05-16 14:24:20,095 - 	time_step: 1600, epoch: 12 | train_loss: 1.1604577 | cval_loss: 1.1895206 | cval_ic: 0.1406 
2025-05-16 14:24:31,959 - 	time_step: 1700, epoch: 12 | train_loss: 1.2012693 | cval_loss: 1.1738790 | cval_ic: 0.1830 
2025-05-16 14:24:42,886 - 	time_step: 1800, epoch: 12 | train_loss: 1.2789986 | cval_loss: 1.3136212 | cval_ic: 0.0142 
2025-05-16 14:25:02,804 - Epoch: 11 | Time: 237.97s 
2025-05-16 14:25:02,805 - Train Loss: 1.1959 | Val Loss: 1.2058 | Test Loss: 1.2219 | Val IC Mean: 0.1291| Test IC Mean: 0.1036 
2025-05-16 14:25:02,805 - Updating learning rate to 8.852565952111036e-05 
2025-05-16 14:25:02,809 - best model saved with test ic : 0.1036 
2025-05-16 14:25:16,199 - 	time_step: 100, epoch: 13 | train_loss: 1.1510897 | cval_loss: 1.2589866 | cval_ic: 0.1384 
2025-05-16 14:25:28,015 - 	time_step: 200, epoch: 13 | train_loss: 1.1880503 | cval_loss: 1.1786120 | cval_ic: 0.0788 
2025-05-16 14:25:40,000 - 	time_step: 300, epoch: 13 | train_loss: 1.1904769 | cval_loss: 1.1407740 | cval_ic: 0.3256 
2025-05-16 14:25:51,853 - 	time_step: 400, epoch: 13 | train_loss: 1.2670478 | cval_loss: 1.1237049 | cval_ic: 0.2760 
2025-05-16 14:26:03,703 - 	time_step: 500, epoch: 13 | train_loss: 1.2060711 | cval_loss: 1.2125421 | cval_ic: 0.0894 
2025-05-16 14:26:15,328 - 	time_step: 600, epoch: 13 | train_loss: 1.2440846 | cval_loss: 1.2067055 | cval_ic: 0.1333 
2025-05-16 14:26:27,372 - 	time_step: 700, epoch: 13 | train_loss: 1.1863742 | cval_loss: 1.1753840 | cval_ic: 0.1340 
2025-05-16 14:26:39,296 - 	time_step: 800, epoch: 13 | train_loss: 1.2013874 | cval_loss: 1.2187285 | cval_ic: 0.0724 
2025-05-16 14:26:51,214 - 	time_step: 900, epoch: 13 | train_loss: 1.2036283 | cval_loss: 1.2291281 | cval_ic: 0.0367 
2025-05-16 14:27:03,427 - 	time_step: 1000, epoch: 13 | train_loss: 1.2204443 | cval_loss: 1.2157701 | cval_ic: 0.1418 
2025-05-16 14:27:15,412 - 	time_step: 1100, epoch: 13 | train_loss: 1.1763662 | cval_loss: 1.2372530 | cval_ic: 0.0988 
2025-05-16 14:27:27,171 - 	time_step: 1200, epoch: 13 | train_loss: 1.2358956 | cval_loss: 1.1717830 | cval_ic: 0.2564 
2025-05-16 14:27:39,436 - 	time_step: 1300, epoch: 13 | train_loss: 1.2593380 | cval_loss: 1.2197641 | cval_ic: 0.0555 
2025-05-16 14:27:51,450 - 	time_step: 1400, epoch: 13 | train_loss: 1.1994270 | cval_loss: 1.2080781 | cval_ic: 0.1237 
2025-05-16 14:28:03,203 - 	time_step: 1500, epoch: 13 | train_loss: 1.1801690 | cval_loss: 1.1712289 | cval_ic: -0.0537 
2025-05-16 14:28:15,775 - 	time_step: 1600, epoch: 13 | train_loss: 1.1808622 | cval_loss: 1.2315751 | cval_ic: 0.1319 
2025-05-16 14:28:27,611 - 	time_step: 1700, epoch: 13 | train_loss: 1.2127528 | cval_loss: 1.1612579 | cval_ic: 0.1700 
2025-05-16 14:28:38,933 - 	time_step: 1800, epoch: 13 | train_loss: 1.2028290 | cval_loss: 1.2340395 | cval_ic: 0.0220 
2025-05-16 14:28:59,146 - Epoch: 12 | Time: 236.34s 
2025-05-16 14:28:59,146 - Train Loss: 1.1949 | Val Loss: 1.2003 | Test Loss: 1.2156 | Val IC Mean: 0.1273| Test IC Mean: 0.0955 
2025-05-16 14:28:59,150 - Updating learning rate to 8.64484318299219e-05 
2025-05-16 14:29:12,490 - 	time_step: 100, epoch: 14 | train_loss: 1.1405034 | cval_loss: 1.2136041 | cval_ic: 0.1730 
2025-05-16 14:29:25,049 - 	time_step: 200, epoch: 14 | train_loss: 1.1714290 | cval_loss: 1.2232306 | cval_ic: 0.0264 
2025-05-16 14:29:37,436 - 	time_step: 300, epoch: 14 | train_loss: 1.2154642 | cval_loss: 1.2347466 | cval_ic: 0.1379 
2025-05-16 14:29:50,190 - 	time_step: 400, epoch: 14 | train_loss: 1.2144550 | cval_loss: 1.1821383 | cval_ic: 0.2247 
2025-05-16 14:30:02,410 - 	time_step: 500, epoch: 14 | train_loss: 1.1472304 | cval_loss: 1.1910703 | cval_ic: 0.1379 
2025-05-16 14:30:14,258 - 	time_step: 600, epoch: 14 | train_loss: 1.1476382 | cval_loss: 1.2795582 | cval_ic: 0.0965 
2025-05-16 14:30:26,173 - 	time_step: 700, epoch: 14 | train_loss: 0.7326484 | cval_loss: 1.1665572 | cval_ic: 0.1666 
2025-05-16 14:30:38,073 - 	time_step: 800, epoch: 14 | train_loss: 1.2043028 | cval_loss: 1.2010767 | cval_ic: 0.1592 
2025-05-16 14:30:52,118 - 	time_step: 900, epoch: 14 | train_loss: 1.2212154 | cval_loss: 1.1908557 | cval_ic: 0.0749 
2025-05-16 14:31:04,171 - 	time_step: 1000, epoch: 14 | train_loss: 1.2324198 | cval_loss: 1.1484615 | cval_ic: 0.2623 
2025-05-16 14:31:16,205 - 	time_step: 1100, epoch: 14 | train_loss: 1.2139729 | cval_loss: 1.1525352 | cval_ic: 0.1435 
2025-05-16 14:31:28,166 - 	time_step: 1200, epoch: 14 | train_loss: 1.1817716 | cval_loss: 1.1780875 | cval_ic: 0.1332 
2025-05-16 14:31:40,356 - 	time_step: 1300, epoch: 14 | train_loss: 1.1622467 | cval_loss: 1.1982199 | cval_ic: 0.0882 
2025-05-16 14:31:52,301 - 	time_step: 1400, epoch: 14 | train_loss: 1.2467374 | cval_loss: 1.1714728 | cval_ic: 0.2135 
2025-05-16 14:32:04,626 - 	time_step: 1500, epoch: 14 | train_loss: 1.1840949 | cval_loss: 1.1704520 | cval_ic: 0.1911 
2025-05-16 14:32:16,535 - 	time_step: 1600, epoch: 14 | train_loss: 1.1764278 | cval_loss: 1.1855376 | cval_ic: 0.0908 
2025-05-16 14:32:28,920 - 	time_step: 1700, epoch: 14 | train_loss: 1.2015244 | cval_loss: 1.1528476 | cval_ic: 0.1686 
2025-05-16 14:32:40,446 - 	time_step: 1800, epoch: 14 | train_loss: 1.2108587 | cval_loss: 1.2439280 | cval_ic: -0.0111 
2025-05-16 14:33:00,556 - Epoch: 13 | Time: 241.41s 
2025-05-16 14:33:00,556 - Train Loss: 1.1937 | Val Loss: 1.2010 | Test Loss: 1.2164 | Val IC Mean: 0.1322| Test IC Mean: 0.1042 
2025-05-16 14:33:00,557 - Updating learning rate to 8.422735845670104e-05 
2025-05-16 14:33:00,560 - best model saved with test ic : 0.1042 
2025-05-16 14:33:13,647 - 	time_step: 100, epoch: 15 | train_loss: 1.1825830 | cval_loss: 1.2163458 | cval_ic: 0.1381 
2025-05-16 14:33:25,440 - 	time_step: 200, epoch: 15 | train_loss: 1.2075993 | cval_loss: 1.2330605 | cval_ic: 0.1423 
2025-05-16 14:33:37,347 - 	time_step: 300, epoch: 15 | train_loss: 1.1789117 | cval_loss: 1.1588850 | cval_ic: 0.1769 
2025-05-16 14:33:49,104 - 	time_step: 400, epoch: 15 | train_loss: 1.2404753 | cval_loss: 1.1669296 | cval_ic: 0.2476 
2025-05-16 14:34:00,926 - 	time_step: 500, epoch: 15 | train_loss: 1.1257344 | cval_loss: 1.1940733 | cval_ic: 0.0958 
2025-05-16 14:34:12,686 - 	time_step: 600, epoch: 15 | train_loss: 1.1692101 | cval_loss: 1.1848717 | cval_ic: 0.2251 
2025-05-16 14:34:24,623 - 	time_step: 700, epoch: 15 | train_loss: 1.1725135 | cval_loss: 1.2380953 | cval_ic: -0.0690 
2025-05-16 14:34:36,642 - 	time_step: 800, epoch: 15 | train_loss: 1.1475130 | cval_loss: 1.1832395 | cval_ic: 0.1939 
2025-05-16 14:34:48,592 - 	time_step: 900, epoch: 15 | train_loss: 1.2045796 | cval_loss: 1.0984781 | cval_ic: 0.3246 
2025-05-16 14:35:00,513 - 	time_step: 1000, epoch: 15 | train_loss: 1.2556045 | cval_loss: 1.1401647 | cval_ic: 0.1907 
2025-05-16 14:35:12,348 - 	time_step: 1100, epoch: 15 | train_loss: 1.2086507 | cval_loss: 1.1745969 | cval_ic: 0.1958 
2025-05-16 14:35:24,251 - 	time_step: 1200, epoch: 15 | train_loss: 1.1763541 | cval_loss: 1.2165627 | cval_ic: 0.1367 
2025-05-16 14:35:36,110 - 	time_step: 1300, epoch: 15 | train_loss: 1.2619210 | cval_loss: 1.2331383 | cval_ic: 0.1695 
2025-05-16 14:35:47,974 - 	time_step: 1400, epoch: 15 | train_loss: 1.1800056 | cval_loss: 1.1501106 | cval_ic: 0.2031 
2025-05-16 14:35:59,895 - 	time_step: 1500, epoch: 15 | train_loss: 1.1981871 | cval_loss: 1.1985937 | cval_ic: 0.0394 
2025-05-16 14:36:11,655 - 	time_step: 1600, epoch: 15 | train_loss: 1.1558392 | cval_loss: 1.1828260 | cval_ic: 0.2282 
2025-05-16 14:36:23,511 - 	time_step: 1700, epoch: 15 | train_loss: 1.2060564 | cval_loss: 1.2184570 | cval_ic: 0.0863 
2025-05-16 14:36:34,577 - 	time_step: 1800, epoch: 15 | train_loss: 1.1566302 | cval_loss: 1.2237240 | cval_ic: -0.0136 
2025-05-16 14:36:54,621 - Epoch: 14 | Time: 234.06s 
2025-05-16 14:36:54,621 - Train Loss: 1.1925 | Val Loss: 1.2015 | Test Loss: 1.2187 | Val IC Mean: 0.1319| Test IC Mean: 0.1024 
2025-05-16 14:36:54,621 - Updating learning rate to 8.187119965441525e-05 
2025-05-16 14:37:07,649 - 	time_step: 100, epoch: 16 | train_loss: 1.1648905 | cval_loss: 1.2227361 | cval_ic: 0.0591 
2025-05-16 14:37:19,619 - 	time_step: 200, epoch: 16 | train_loss: 1.2108278 | cval_loss: 1.1988235 | cval_ic: 0.1835 
2025-05-16 14:37:31,571 - 	time_step: 300, epoch: 16 | train_loss: 1.2323169 | cval_loss: 1.1952728 | cval_ic: 0.1856 
2025-05-16 14:37:43,380 - 	time_step: 400, epoch: 16 | train_loss: 1.1853908 | cval_loss: 1.2032349 | cval_ic: 0.1528 
2025-05-16 14:37:55,298 - 	time_step: 500, epoch: 16 | train_loss: 1.1744652 | cval_loss: 1.1640875 | cval_ic: 0.2300 
2025-05-16 14:38:07,308 - 	time_step: 600, epoch: 16 | train_loss: 1.2462904 | cval_loss: 1.1756051 | cval_ic: 0.1407 
2025-05-16 14:38:18,991 - 	time_step: 700, epoch: 16 | train_loss: 1.2228873 | cval_loss: 1.1834947 | cval_ic: 0.1756 
2025-05-16 14:38:30,762 - 	time_step: 800, epoch: 16 | train_loss: 1.2601181 | cval_loss: 1.1895211 | cval_ic: 0.2098 
2025-05-16 14:38:42,684 - 	time_step: 900, epoch: 16 | train_loss: 1.2259868 | cval_loss: 1.1953105 | cval_ic: 0.2085 
2025-05-16 14:38:54,459 - 	time_step: 1000, epoch: 16 | train_loss: 1.2096707 | cval_loss: 1.2288105 | cval_ic: 0.1662 
2025-05-16 14:39:06,305 - 	time_step: 1100, epoch: 16 | train_loss: 1.1627955 | cval_loss: 1.2033387 | cval_ic: 0.0984 
2025-05-16 14:39:18,202 - 	time_step: 1200, epoch: 16 | train_loss: 1.2047242 | cval_loss: 1.1997263 | cval_ic: 0.0879 
2025-05-16 14:39:30,036 - 	time_step: 1300, epoch: 16 | train_loss: 1.2391108 | cval_loss: 1.1176059 | cval_ic: 0.2475 
2025-05-16 14:39:41,807 - 	time_step: 1400, epoch: 16 | train_loss: 1.1730077 | cval_loss: 1.1803923 | cval_ic: 0.2244 
2025-05-16 14:39:53,801 - 	time_step: 1500, epoch: 16 | train_loss: 1.2183042 | cval_loss: 1.1495972 | cval_ic: 0.1702 
2025-05-16 14:40:05,449 - 	time_step: 1600, epoch: 16 | train_loss: 1.1671809 | cval_loss: 1.2956617 | cval_ic: 0.0555 
2025-05-16 14:40:17,278 - 	time_step: 1700, epoch: 16 | train_loss: 1.2370838 | cval_loss: 1.2043593 | cval_ic: 0.0745 
2025-05-16 14:40:28,387 - 	time_step: 1800, epoch: 16 | train_loss: 1.2241036 | cval_loss: 1.2425576 | cval_ic: -0.0129 
2025-05-16 14:40:48,805 - Epoch: 15 | Time: 234.18s 
2025-05-16 14:40:48,805 - Train Loss: 1.1915 | Val Loss: 1.1991 | Test Loss: 1.2153 | Val IC Mean: 0.1320| Test IC Mean: 0.0997 
2025-05-16 14:40:48,811 - Updating learning rate to 7.938926137285307e-05 
2025-05-16 14:41:02,026 - 	time_step: 100, epoch: 17 | train_loss: 1.1959645 | cval_loss: 1.2203556 | cval_ic: 0.0940 
2025-05-16 14:41:13,853 - 	time_step: 200, epoch: 17 | train_loss: 1.2619648 | cval_loss: 1.1361382 | cval_ic: 0.1281 
2025-05-16 14:41:25,657 - 	time_step: 300, epoch: 17 | train_loss: 1.1666042 | cval_loss: 1.1534541 | cval_ic: 0.2260 
2025-05-16 14:41:37,648 - 	time_step: 400, epoch: 17 | train_loss: 1.1975875 | cval_loss: 1.1362983 | cval_ic: 0.2653 
2025-05-16 14:41:49,430 - 	time_step: 500, epoch: 17 | train_loss: 1.1536000 | cval_loss: 1.2322779 | cval_ic: 0.1779 
2025-05-16 14:42:02,119 - 	time_step: 600, epoch: 17 | train_loss: 1.1028391 | cval_loss: 1.1278741 | cval_ic: 0.2346 
2025-05-16 14:42:15,161 - 	time_step: 700, epoch: 17 | train_loss: 1.1883622 | cval_loss: 1.1357058 | cval_ic: 0.2338 
2025-05-16 14:42:27,747 - 	time_step: 800, epoch: 17 | train_loss: 1.1644222 | cval_loss: 1.2170036 | cval_ic: 0.1563 
2025-05-16 14:42:40,364 - 	time_step: 900, epoch: 17 | train_loss: 1.1936965 | cval_loss: 1.1589352 | cval_ic: 0.1864 
2025-05-16 14:42:52,181 - 	time_step: 1000, epoch: 17 | train_loss: 1.2342944 | cval_loss: 1.2101097 | cval_ic: 0.2140 
2025-05-16 14:43:04,024 - 	time_step: 1100, epoch: 17 | train_loss: 1.1560268 | cval_loss: 1.1741241 | cval_ic: 0.0216 
2025-05-16 14:43:15,628 - 	time_step: 1200, epoch: 17 | train_loss: 1.2389956 | cval_loss: 1.1978064 | cval_ic: 0.1234 
2025-05-16 14:43:27,229 - 	time_step: 1300, epoch: 17 | train_loss: 1.1972635 | cval_loss: 1.1861866 | cval_ic: 0.1996 
2025-05-16 14:43:38,957 - 	time_step: 1400, epoch: 17 | train_loss: 1.2122836 | cval_loss: 1.1887101 | cval_ic: 0.1316 
2025-05-16 14:43:50,681 - 	time_step: 1500, epoch: 17 | train_loss: 1.1345985 | cval_loss: 1.1608582 | cval_ic: 0.2140 
2025-05-16 14:44:02,531 - 	time_step: 1600, epoch: 17 | train_loss: 1.2092702 | cval_loss: 1.1934003 | cval_ic: 0.2384 
2025-05-16 14:44:14,285 - 	time_step: 1700, epoch: 17 | train_loss: 1.1758636 | cval_loss: 1.2333474 | cval_ic: 0.0931 
2025-05-16 14:44:25,522 - 	time_step: 1800, epoch: 17 | train_loss: 1.1975254 | cval_loss: 1.2163430 | cval_ic: 0.0143 
2025-05-16 14:44:45,386 - Epoch: 16 | Time: 236.57s 
2025-05-16 14:44:45,386 - Train Loss: 1.1904 | Val Loss: 1.2013 | Test Loss: 1.2155 | Val IC Mean: 0.1150| Test IC Mean: 0.0859 
2025-05-16 14:44:45,386 - Updating learning rate to 7.679132977500558e-05 
2025-05-16 14:44:58,264 - 	time_step: 100, epoch: 18 | train_loss: 1.2219621 | cval_loss: 1.1989434 | cval_ic: 0.1432 
2025-05-16 14:45:10,005 - 	time_step: 200, epoch: 18 | train_loss: 1.1644877 | cval_loss: 1.1399016 | cval_ic: 0.2492 
2025-05-16 14:45:21,875 - 	time_step: 300, epoch: 18 | train_loss: 1.1714025 | cval_loss: 1.1683931 | cval_ic: 0.1932 
2025-05-16 14:45:33,579 - 	time_step: 400, epoch: 18 | train_loss: 1.2258006 | cval_loss: 1.1804827 | cval_ic: 0.1827 
2025-05-16 14:45:45,511 - 	time_step: 500, epoch: 18 | train_loss: 1.2279792 | cval_loss: 1.1882862 | cval_ic: 0.2038 
2025-05-16 14:45:57,213 - 	time_step: 600, epoch: 18 | train_loss: 1.1857077 | cval_loss: 1.0969920 | cval_ic: 0.1935 
2025-05-16 14:46:08,756 - 	time_step: 700, epoch: 18 | train_loss: 1.1193023 | cval_loss: 1.2045621 | cval_ic: 0.1119 
2025-05-16 14:46:20,530 - 	time_step: 800, epoch: 18 | train_loss: 1.2094871 | cval_loss: 1.1575534 | cval_ic: 0.1876 
2025-05-16 14:46:32,410 - 	time_step: 900, epoch: 18 | train_loss: 1.1292739 | cval_loss: 1.2230171 | cval_ic: 0.1053 
2025-05-16 14:46:44,400 - 	time_step: 1000, epoch: 18 | train_loss: 1.1794751 | cval_loss: 1.2131462 | cval_ic: 0.1309 
2025-05-16 14:46:56,422 - 	time_step: 1100, epoch: 18 | train_loss: 1.1699010 | cval_loss: 1.3101913 | cval_ic: 0.0388 
2025-05-16 14:47:08,430 - 	time_step: 1200, epoch: 18 | train_loss: 1.2096304 | cval_loss: 1.2084061 | cval_ic: 0.0606 
2025-05-16 14:47:20,254 - 	time_step: 1300, epoch: 18 | train_loss: 1.1771075 | cval_loss: 1.1194713 | cval_ic: 0.2620 
2025-05-16 14:47:31,071 - 	time_step: 1400, epoch: 18 | train_loss: 1.2442187 | cval_loss: 1.2598822 | cval_ic: 0.1611 
2025-05-16 14:47:48,615 - 	time_step: 1500, epoch: 18 | train_loss: 1.2698271 | cval_loss: 1.2200181 | cval_ic: 0.1738 
2025-05-16 14:48:03,010 - 	time_step: 1600, epoch: 18 | train_loss: 1.1661979 | cval_loss: 1.1803832 | cval_ic: 0.2003 
2025-05-16 14:48:15,284 - 	time_step: 1700, epoch: 18 | train_loss: 1.1963228 | cval_loss: 1.1849754 | cval_ic: 0.1368 
2025-05-16 14:48:27,526 - 	time_step: 1800, epoch: 18 | train_loss: 1.1858304 | cval_loss: 1.2181489 | cval_ic: -0.0038 
2025-05-16 14:48:51,638 - Epoch: 17 | Time: 246.25s 
2025-05-16 14:48:51,639 - Train Loss: 1.1893 | Val Loss: 1.2016 | Test Loss: 1.2176 | Val IC Mean: 0.1205| Test IC Mean: 0.0903 
2025-05-16 14:48:51,639 - Updating learning rate to 7.408768578898162e-05 
2025-05-16 14:49:04,782 - 	time_step: 100, epoch: 19 | train_loss: 1.1494709 | cval_loss: 1.2008179 | cval_ic: 0.0496 
2025-05-16 14:49:16,746 - 	time_step: 200, epoch: 19 | train_loss: 1.2620001 | cval_loss: 1.1404591 | cval_ic: 0.2184 
2025-05-16 14:49:28,500 - 	time_step: 300, epoch: 19 | train_loss: 1.0743427 | cval_loss: 1.1699944 | cval_ic: 0.1474 
2025-05-16 14:49:40,468 - 	time_step: 400, epoch: 19 | train_loss: 1.2222582 | cval_loss: 1.2234266 | cval_ic: 0.0930 
2025-05-16 14:49:52,227 - 	time_step: 500, epoch: 19 | train_loss: 1.1986535 | cval_loss: 1.1830727 | cval_ic: 0.2249 
2025-05-16 14:50:03,930 - 	time_step: 600, epoch: 19 | train_loss: 1.2360686 | cval_loss: 1.1696097 | cval_ic: 0.2183 
2025-05-16 14:50:15,723 - 	time_step: 700, epoch: 19 | train_loss: 1.1858193 | cval_loss: 1.2295287 | cval_ic: 0.0846 
2025-05-16 14:50:27,592 - 	time_step: 800, epoch: 19 | train_loss: 1.1839601 | cval_loss: 1.2219284 | cval_ic: 0.1220 
2025-05-16 14:50:39,114 - 	time_step: 900, epoch: 19 | train_loss: 1.2132908 | cval_loss: 1.1864313 | cval_ic: 0.2128 
2025-05-16 14:50:50,654 - 	time_step: 1000, epoch: 19 | train_loss: 1.1925830 | cval_loss: 1.2144097 | cval_ic: 0.1819 
2025-05-16 14:51:02,542 - 	time_step: 1100, epoch: 19 | train_loss: 1.2180548 | cval_loss: 1.2016230 | cval_ic: 0.0619 
2025-05-16 14:51:17,615 - 	time_step: 1200, epoch: 19 | train_loss: 1.2260604 | cval_loss: 1.1567086 | cval_ic: 0.1947 
2025-05-16 14:51:37,224 - 	time_step: 1300, epoch: 19 | train_loss: 1.1422077 | cval_loss: 1.2077229 | cval_ic: 0.1683 
2025-05-16 14:51:56,027 - 	time_step: 1400, epoch: 19 | train_loss: 1.2132241 | cval_loss: 1.1792485 | cval_ic: 0.2371 
2025-05-16 14:52:14,580 - 	time_step: 1500, epoch: 19 | train_loss: 1.1434277 | cval_loss: 1.2283370 | cval_ic: 0.0542 
2025-05-16 14:52:32,045 - 	time_step: 1600, epoch: 19 | train_loss: 1.2453270 | cval_loss: 1.1748754 | cval_ic: 0.2042 
2025-05-16 14:52:43,977 - 	time_step: 1700, epoch: 19 | train_loss: 1.1062822 | cval_loss: 1.1798818 | cval_ic: 0.1252 
2025-05-16 14:52:54,967 - 	time_step: 1800, epoch: 19 | train_loss: 1.1996402 | cval_loss: 1.2616985 | cval_ic: 0.0023 
2025-05-16 14:53:15,114 - Epoch: 18 | Time: 263.48s 
2025-05-16 14:53:15,115 - Train Loss: 1.1880 | Val Loss: 1.2022 | Test Loss: 1.2209 | Val IC Mean: 0.1336| Test IC Mean: 0.1055 
2025-05-16 14:53:15,115 - Updating learning rate to 7.128896686481312e-05 
2025-05-16 14:53:15,119 - best model saved with test ic : 0.1055 
2025-05-16 14:53:28,266 - 	time_step: 100, epoch: 20 | train_loss: 1.1583399 | cval_loss: 1.1904424 | cval_ic: 0.1784 
2025-05-16 14:53:40,297 - 	time_step: 200, epoch: 20 | train_loss: 1.1300033 | cval_loss: 1.1625888 | cval_ic: 0.2256 
2025-05-16 14:53:53,232 - 	time_step: 300, epoch: 20 | train_loss: 1.1767584 | cval_loss: 1.1614952 | cval_ic: 0.2744 
2025-05-16 14:54:06,145 - 	time_step: 400, epoch: 20 | train_loss: 1.1537210 | cval_loss: 1.2376003 | cval_ic: 0.1130 
2025-05-16 14:54:18,279 - 	time_step: 500, epoch: 20 | train_loss: 1.2337561 | cval_loss: 1.1518446 | cval_ic: 0.2644 
2025-05-16 14:54:29,831 - 	time_step: 600, epoch: 20 | train_loss: 1.1803093 | cval_loss: 1.2121108 | cval_ic: 0.0924 
2025-05-16 14:54:42,980 - 	time_step: 700, epoch: 20 | train_loss: 1.1719682 | cval_loss: 1.1762697 | cval_ic: 0.0894 
2025-05-16 14:54:55,156 - 	time_step: 800, epoch: 20 | train_loss: 1.1874239 | cval_loss: 1.1975095 | cval_ic: 0.0948 
2025-05-16 14:55:06,292 - 	time_step: 900, epoch: 20 | train_loss: 1.1352016 | cval_loss: 1.1708579 | cval_ic: 0.1471 
2025-05-16 14:55:17,295 - 	time_step: 1000, epoch: 20 | train_loss: 1.2622042 | cval_loss: 1.2383472 | cval_ic: 0.1173 
2025-05-16 14:55:28,419 - 	time_step: 1100, epoch: 20 | train_loss: 1.1877773 | cval_loss: 1.2322444 | cval_ic: 0.0694 
2025-05-16 14:55:39,621 - 	time_step: 1200, epoch: 20 | train_loss: 1.1899961 | cval_loss: 1.2228954 | cval_ic: 0.0690 
2025-05-16 14:55:50,719 - 	time_step: 1300, epoch: 20 | train_loss: 1.0996054 | cval_loss: 1.0950366 | cval_ic: 0.2241 
2025-05-16 14:56:02,309 - 	time_step: 1400, epoch: 20 | train_loss: 1.1604304 | cval_loss: 1.1790882 | cval_ic: 0.0870 
2025-05-16 14:56:14,001 - 	time_step: 1500, epoch: 20 | train_loss: 1.1993110 | cval_loss: 1.2168993 | cval_ic: 0.2227 
2025-05-16 14:56:25,585 - 	time_step: 1600, epoch: 20 | train_loss: 1.1950645 | cval_loss: 1.1887197 | cval_ic: 0.1544 
2025-05-16 14:56:36,602 - 	time_step: 1700, epoch: 20 | train_loss: 1.1631383 | cval_loss: 1.1574018 | cval_ic: 0.1310 
2025-05-16 14:56:47,031 - 	time_step: 1800, epoch: 20 | train_loss: 1.1602821 | cval_loss: 1.2070467 | cval_ic: 0.0068 
2025-05-16 14:57:06,897 - Epoch: 19 | Time: 231.78s 
2025-05-16 14:57:06,897 - Train Loss: 1.1871 | Val Loss: 1.2000 | Test Loss: 1.2165 | Val IC Mean: 0.1271| Test IC Mean: 0.0971 
2025-05-16 14:57:06,897 - Updating learning rate to 6.840622518211603e-05 
2025-05-16 14:57:19,891 - 	time_step: 100, epoch: 21 | train_loss: 1.1005563 | cval_loss: 1.2013017 | cval_ic: 0.1028 
2025-05-16 14:57:31,108 - 	time_step: 200, epoch: 21 | train_loss: 1.2200973 | cval_loss: 1.1581355 | cval_ic: 0.2167 
2025-05-16 14:57:42,625 - 	time_step: 300, epoch: 21 | train_loss: 1.1714756 | cval_loss: 1.2024817 | cval_ic: 0.1861 
2025-05-16 14:57:54,272 - 	time_step: 400, epoch: 21 | train_loss: 1.2034277 | cval_loss: 1.2026683 | cval_ic: 0.1145 
2025-05-16 14:58:05,551 - 	time_step: 500, epoch: 21 | train_loss: 1.1079618 | cval_loss: 1.1719320 | cval_ic: 0.2493 
2025-05-16 14:58:16,831 - 	time_step: 600, epoch: 21 | train_loss: 1.1961147 | cval_loss: 1.2263409 | cval_ic: 0.0952 
2025-05-16 14:58:28,027 - 	time_step: 700, epoch: 21 | train_loss: 1.1343073 | cval_loss: 1.2086006 | cval_ic: 0.1441 
2025-05-16 14:58:39,156 - 	time_step: 800, epoch: 21 | train_loss: 1.2422357 | cval_loss: 1.2023236 | cval_ic: 0.0968 
2025-05-16 14:58:50,910 - 	time_step: 900, epoch: 21 | train_loss: 1.1854796 | cval_loss: 1.1764733 | cval_ic: 0.1795 
2025-05-16 14:59:02,502 - 	time_step: 1000, epoch: 21 | train_loss: 1.1666871 | cval_loss: 1.1791809 | cval_ic: 0.2354 
2025-05-16 14:59:13,784 - 	time_step: 1100, epoch: 21 | train_loss: 1.1875001 | cval_loss: 1.2195853 | cval_ic: 0.1583 
2025-05-16 14:59:25,351 - 	time_step: 1200, epoch: 21 | train_loss: 1.1089473 | cval_loss: 1.1718643 | cval_ic: 0.1187 
2025-05-16 14:59:37,070 - 	time_step: 1300, epoch: 21 | train_loss: 1.1723735 | cval_loss: 1.1859946 | cval_ic: 0.1116 
2025-05-16 14:59:48,703 - 	time_step: 1400, epoch: 21 | train_loss: 1.1947395 | cval_loss: 1.1814202 | cval_ic: 0.1304 
2025-05-16 15:00:00,417 - 	time_step: 1500, epoch: 21 | train_loss: 1.2738490 | cval_loss: 1.1722873 | cval_ic: 0.2394 
2025-05-16 15:00:11,992 - 	time_step: 1600, epoch: 21 | train_loss: 1.1571592 | cval_loss: 1.1593517 | cval_ic: 0.2512 
2025-05-16 15:00:23,544 - 	time_step: 1700, epoch: 21 | train_loss: 1.2177532 | cval_loss: 1.1739123 | cval_ic: 0.1678 
2025-05-16 15:00:34,257 - 	time_step: 1800, epoch: 21 | train_loss: 1.1840527 | cval_loss: 1.2697024 | cval_ic: 0.0125 
2025-05-16 15:00:54,103 - Epoch: 20 | Time: 227.21s 
2025-05-16 15:00:54,103 - Train Loss: 1.1863 | Val Loss: 1.2035 | Test Loss: 1.2224 | Val IC Mean: 0.1328| Test IC Mean: 0.1037 
2025-05-16 15:00:54,103 - -----------Early stopping---------- 
2025-05-16 15:00:54,107 - last model saved with test ic : 0.1037 
2025-05-16 15:01:07,995 - GRU final model test IC: 0.1037 
2025-05-16 15:01:07,995 - GRU pred_arr shape:(242, 3873) 
2025-05-16 15:02:10,511 - LightGBM test IC: 0.0985 
2025-05-16 15:02:47,986 - xgBoost test IC: 0.1017 
2025-05-16 15:09:37,266 - catBoost test IC: 0.1019 
2025-05-16 15:09:37,273 - gbdt_pred_arr shape:(242, 3873) 
