2025-05-19 10:55:25,903 - Config loaded: {'task_name': 'Jin_2021_2022', 'train_model': 'rollingtrain', 'time_period': '2021-2022', 'factor_name': 'DrJin129', 'device': 'cuda:0', 'model_type': 'AttGRU', 'input_dim': 129, 'window_size': 30, 'hidden_dim': 256, 'num_layers': 3, 'output_dim': 1, 'dropout': 0.0, 'num_heads': 4, 'seq_len': 32, 'enc_in': 312, 'dec_in': 312, 'c_out': 312, 'down_sampling_layers': 2, 'down_sampling_window': 2, 'e_layers': 2, 'down_sampling_method': 'avg', 'decomp_method': 'moving_avg', 'moving_avg': 25, 'pred_len': 1, 'd_ff': 32, 'use_norm': 0, 'learning_rate': 5e-05, 'shuffle_time': True, 'early_stop_patience': 1, 'train_epochs': 50, 'num_val_windows': 100, 'val_sample_mode': 'random', 'loss': 'MHMSE', 'pct_start': 0.2, 'lradj': 'TST', 'exp_path': '/home/hongkou/TimeSeries/exp/Jin_2021_2022_new', 'cross_train': False, 'Ding128_alb_inner_path': '/home/USB_DRIVE3/data_CX/chenx/data_warehouse/Ding_factors/align_with_label/', 'Ding128_alb_outer_path': '/home/USB_DRIVE3/data_CX/chenx/data_warehouse/Ding_factors/factors_outer/align_with_label/', 'Ding128_amc_inner_path': '/home/USB_DRIVE3/data_CX/chenx/data_warehouse/Ding_factors/align_with_mktcap/', 'Ding128_amc_outer_path': '/home/USB_DRIVE3/data_CX/chenx/data_warehouse/Ding_factors/factors_outer/align_with_mktcap/', 'Ding128_label_path': '/home/hongkou/chenx/data_warehouse/labels/', 'CY312_factor_path': '/home/hongkou/chenx/data_warehouse/CY_1430_factors/factors', 'CY312_label_path': '/home/hongkou/chenx/data_warehouse/CY_1430_factors/labels', 'CY312_rollinglbl_align_path': '/home/USB_DRIVE3/data_CX/chenx/data_warehouse/CY_1430_factors/r_label_align_factor', 'CY312_rollinglabel_path': '/home/USB_DRIVE3/data_CX/chenx/data_warehouse/CY_1430_factors/r_label', 'CY312_rollingmkt_align_path': '/home/USB_DRIVE3/data_CX/chenx/data_warehouse/CY_1430_factors/r_market_align_factor', 'DrJin129_hal_factor_path': '/home/USB_DRIVE3/data_CX/chenx/data_warehouse/DrJin_factors/factors/', 'DrJin129_all_factor_path': '/home/USB_DRIVE3/data_CX/chenx/data_warehouse/DrJin_factors/allday_factors/', 'DrJin129_label_path': '/home/USB_DRIVE3/data_CX/chenx/data_warehouse/DrJin_factors/labels/', 'DrJin129_rollinglbl_align_path': '/home/USB_DRIVE3/data_CX/chenx/data_warehouse/DrJin_factors_rolling/r_label_align_factor/', 'DrJin129_rollinglabel_path': '/home/USB_DRIVE3/data_CX/chenx/data_warehouse/DrJin_factors_rolling/r_label/', 'DrJin129_rollingmkt_align_path': '/home/USB_DRIVE3/data_CX/chenx/data_warehouse/DrJin_factors_rolling/r_market_align_factor/', 'min5_factor_path': '/home/hongkou/chenx/data_warehouse/5min_factors/factors/', 'min5_label_path': '/home/hongkou/chenx/data_warehouse/5min_factors/lables/'} 
2025-05-19 10:55:25,903 - Using device: cuda:0 
2025-05-19 10:55:25,937 - Using model: AttGRU 
2025-05-19 10:55:25,938 - Using criterion: mse_reg_mh(
  (mh): multihead_loss()
) 
2025-05-19 10:55:39,639 - 	time_step: 100, epoch: 1 | train_loss: 1.1916877 | cval_loss: 1.2287436 | cval_ic: -0.0185 
2025-05-19 10:55:50,405 - 	time_step: 200, epoch: 1 | train_loss: 1.1907269 | cval_loss: 1.1683885 | cval_ic: 0.0144 
2025-05-19 10:56:00,725 - 	time_step: 300, epoch: 1 | train_loss: 1.2095726 | cval_loss: 1.2295514 | cval_ic: -0.0297 
2025-05-19 10:56:10,699 - 	time_step: 400, epoch: 1 | train_loss: 1.2059288 | cval_loss: 1.1943252 | cval_ic: -0.0120 
2025-05-19 10:56:20,717 - 	time_step: 500, epoch: 1 | train_loss: 1.1506230 | cval_loss: 1.2349501 | cval_ic: -0.0519 
2025-05-19 10:56:30,735 - 	time_step: 600, epoch: 1 | train_loss: 1.2310508 | cval_loss: 1.2546743 | cval_ic: -0.0910 
2025-05-19 10:56:40,794 - 	time_step: 700, epoch: 1 | train_loss: 1.2277803 | cval_loss: 1.2568746 | cval_ic: 0.0587 
2025-05-19 10:56:50,967 - 	time_step: 800, epoch: 1 | train_loss: 1.2558078 | cval_loss: 1.2524701 | cval_ic: -0.0606 
2025-05-19 10:57:02,176 - 	time_step: 900, epoch: 1 | train_loss: 1.1577903 | cval_loss: 1.2298759 | cval_ic: 0.0072 
2025-05-19 10:57:13,027 - 	time_step: 1000, epoch: 1 | train_loss: 1.1535927 | cval_loss: 1.2532552 | cval_ic: 0.0128 
2025-05-19 10:57:38,429 - Epoch: 0 | Time: 131.60s 
2025-05-19 10:57:38,429 - Train Loss: 1.2260 | Val Loss: 1.2231 | Test Loss: 1.2206 | Val IC Mean: 0.0190| Test IC Mean: 0.0068 
2025-05-19 10:57:38,479 - Updating learning rate to 3.1748577863943716e-06 
2025-05-19 10:57:38,487 - best model saved with test ic : 0.0068 
2025-05-19 10:57:49,884 - 	time_step: 100, epoch: 2 | train_loss: 1.1975547 | cval_loss: 1.1398990 | cval_ic: 0.0306 
2025-05-19 10:58:00,111 - 	time_step: 200, epoch: 2 | train_loss: 1.2622148 | cval_loss: 1.2021580 | cval_ic: -0.0223 
2025-05-19 10:58:10,116 - 	time_step: 300, epoch: 2 | train_loss: 1.2361511 | cval_loss: 1.2284521 | cval_ic: 0.0487 
2025-05-19 10:58:20,137 - 	time_step: 400, epoch: 2 | train_loss: 1.2255621 | cval_loss: 1.1731559 | cval_ic: 0.0360 
2025-05-19 10:58:30,025 - 	time_step: 500, epoch: 2 | train_loss: 1.1310170 | cval_loss: 1.2087785 | cval_ic: -0.0266 
2025-05-19 10:58:40,275 - 	time_step: 600, epoch: 2 | train_loss: 1.2240605 | cval_loss: 1.1993632 | cval_ic: 0.0122 
2025-05-19 10:58:51,330 - 	time_step: 700, epoch: 2 | train_loss: 1.2094331 | cval_loss: 1.2115953 | cval_ic: 0.0679 
2025-05-19 10:59:02,193 - 	time_step: 800, epoch: 2 | train_loss: 1.2273436 | cval_loss: 1.2280052 | cval_ic: 0.0863 
2025-05-19 10:59:12,986 - 	time_step: 900, epoch: 2 | train_loss: 1.1920969 | cval_loss: 1.2240245 | cval_ic: -0.0130 
2025-05-19 10:59:23,869 - 	time_step: 1000, epoch: 2 | train_loss: 1.2779759 | cval_loss: 1.2639199 | cval_ic: 0.0186 
2025-05-19 10:59:48,360 - Epoch: 1 | Time: 129.87s 
2025-05-19 10:59:48,360 - Train Loss: 1.2223 | Val Loss: 1.2211 | Test Loss: 1.2196 | Val IC Mean: 0.0390| Test IC Mean: 0.0205 
2025-05-19 10:59:48,369 - Updating learning rate to 6.584406910723205e-06 
2025-05-19 10:59:48,376 - best model saved with test ic : 0.0205 
2025-05-19 10:59:59,527 - 	time_step: 100, epoch: 3 | train_loss: 1.2048500 | cval_loss: 1.2208176 | cval_ic: -0.0272 
2025-05-19 11:00:09,653 - 	time_step: 200, epoch: 3 | train_loss: 1.2687798 | cval_loss: 1.2275826 | cval_ic: 0.0092 
2025-05-19 11:00:19,641 - 	time_step: 300, epoch: 3 | train_loss: 1.2320904 | cval_loss: 1.2109213 | cval_ic: 0.0292 
2025-05-19 11:00:30,213 - 	time_step: 400, epoch: 3 | train_loss: 1.2180587 | cval_loss: 1.2129375 | cval_ic: 0.1036 
2025-05-19 11:00:41,271 - 	time_step: 500, epoch: 3 | train_loss: 1.2227216 | cval_loss: 1.2269177 | cval_ic: 0.0274 
2025-05-19 11:00:52,032 - 	time_step: 600, epoch: 3 | train_loss: 1.2477168 | cval_loss: 1.2456993 | cval_ic: 0.0909 
2025-05-19 11:01:02,823 - 	time_step: 700, epoch: 3 | train_loss: 1.1386743 | cval_loss: 1.2296076 | cval_ic: 0.1346 
2025-05-19 11:01:13,499 - 	time_step: 800, epoch: 3 | train_loss: 1.2363153 | cval_loss: 1.2231507 | cval_ic: 0.1034 
2025-05-19 11:01:24,601 - 	time_step: 900, epoch: 3 | train_loss: 1.2391417 | cval_loss: 1.2311509 | cval_ic: -0.0860 
2025-05-19 11:01:36,873 - 	time_step: 1000, epoch: 3 | train_loss: 1.2509549 | cval_loss: 1.2663574 | cval_ic: 0.0895 
2025-05-19 11:02:05,113 - Epoch: 2 | Time: 136.74s 
2025-05-19 11:02:05,113 - Train Loss: 1.2200 | Val Loss: 1.2190 | Test Loss: 1.2195 | Val IC Mean: 0.0686| Test IC Mean: 0.0372 
2025-05-19 11:02:05,122 - Updating learning rate to 1.1894836094918829e-05 
2025-05-19 11:02:05,129 - best model saved with test ic : 0.0372 
2025-05-19 11:02:17,123 - 	time_step: 100, epoch: 4 | train_loss: 1.1940073 | cval_loss: 1.2430189 | cval_ic: 0.0276 
2025-05-19 11:02:29,763 - 	time_step: 200, epoch: 4 | train_loss: 1.2506891 | cval_loss: 1.1691732 | cval_ic: 0.0799 
2025-05-19 11:02:41,211 - 	time_step: 300, epoch: 4 | train_loss: 1.2348125 | cval_loss: 1.1878827 | cval_ic: 0.0985 
2025-05-19 11:02:52,161 - 	time_step: 400, epoch: 4 | train_loss: 1.1986738 | cval_loss: 1.2556499 | cval_ic: 0.0722 
2025-05-19 11:03:03,102 - 	time_step: 500, epoch: 4 | train_loss: 1.2844822 | cval_loss: 1.1970154 | cval_ic: 0.0787 
2025-05-19 11:03:13,862 - 	time_step: 600, epoch: 4 | train_loss: 1.2422577 | cval_loss: 1.2209667 | cval_ic: 0.1221 
2025-05-19 11:03:24,730 - 	time_step: 700, epoch: 4 | train_loss: 1.2155476 | cval_loss: 1.2363280 | cval_ic: 0.1232 
2025-05-19 11:03:35,552 - 	time_step: 800, epoch: 4 | train_loss: 1.2255594 | cval_loss: 1.1277251 | cval_ic: 0.1080 
2025-05-19 11:03:46,450 - 	time_step: 900, epoch: 4 | train_loss: 1.1716936 | cval_loss: 1.2298241 | cval_ic: 0.0953 
2025-05-19 11:03:57,491 - 	time_step: 1000, epoch: 4 | train_loss: 1.1694332 | cval_loss: 1.1317320 | cval_ic: 0.1383 
2025-05-19 11:04:23,548 - Epoch: 3 | Time: 138.42s 
2025-05-19 11:04:23,548 - Train Loss: 1.2169 | Val Loss: 1.2150 | Test Loss: 1.2193 | Val IC Mean: 0.0907| Test IC Mean: 0.0436 
2025-05-19 11:04:23,557 - Updating learning rate to 1.8586228749302257e-05 
2025-05-19 11:04:23,564 - best model saved with test ic : 0.0436 
2025-05-19 11:04:35,838 - 	time_step: 100, epoch: 5 | train_loss: 1.1704450 | cval_loss: 1.2277958 | cval_ic: 0.0836 
2025-05-19 11:04:46,913 - 	time_step: 200, epoch: 5 | train_loss: 1.1571884 | cval_loss: 1.2690867 | cval_ic: 0.0784 
2025-05-19 11:04:58,091 - 	time_step: 300, epoch: 5 | train_loss: 1.2349489 | cval_loss: 1.2145337 | cval_ic: 0.0856 
2025-05-19 11:05:09,120 - 	time_step: 400, epoch: 5 | train_loss: 1.1428649 | cval_loss: 1.2186097 | cval_ic: 0.1441 
2025-05-19 11:05:20,210 - 	time_step: 500, epoch: 5 | train_loss: 1.2054063 | cval_loss: 1.1974099 | cval_ic: 0.1747 
2025-05-19 11:05:31,333 - 	time_step: 600, epoch: 5 | train_loss: 1.2443926 | cval_loss: 1.1866424 | cval_ic: 0.1115 
2025-05-19 11:05:42,593 - 	time_step: 700, epoch: 5 | train_loss: 1.2339509 | cval_loss: 1.2207584 | cval_ic: 0.1058 
2025-05-19 11:05:53,714 - 	time_step: 800, epoch: 5 | train_loss: 1.2181567 | cval_loss: 1.2389101 | cval_ic: 0.0845 
2025-05-19 11:06:04,833 - 	time_step: 900, epoch: 5 | train_loss: 1.1450590 | cval_loss: 1.1621265 | cval_ic: 0.2072 
2025-05-19 11:06:15,923 - 	time_step: 1000, epoch: 5 | train_loss: 1.2264414 | cval_loss: 1.2648008 | cval_ic: 0.0330 
2025-05-19 11:06:42,245 - Epoch: 4 | Time: 138.68s 
2025-05-19 11:06:42,245 - Train Loss: 1.2128 | Val Loss: 1.2107 | Test Loss: 1.2203 | Val IC Mean: 0.1094| Test IC Mean: 0.0479 
2025-05-19 11:06:42,254 - Updating learning rate to 2.6003465310388102e-05 
2025-05-19 11:06:42,261 - best model saved with test ic : 0.0479 
2025-05-19 11:06:54,483 - 	time_step: 100, epoch: 6 | train_loss: 1.2328428 | cval_loss: 1.2050515 | cval_ic: 0.1266 
2025-05-19 11:07:05,640 - 	time_step: 200, epoch: 6 | train_loss: 1.2267499 | cval_loss: 1.2420754 | cval_ic: 0.1621 
2025-05-19 11:07:16,768 - 	time_step: 300, epoch: 6 | train_loss: 1.2166182 | cval_loss: 1.1787206 | cval_ic: 0.2591 
2025-05-19 11:07:28,060 - 	time_step: 400, epoch: 6 | train_loss: 1.2291243 | cval_loss: 1.1649151 | cval_ic: 0.1987 
2025-05-19 11:07:39,228 - 	time_step: 500, epoch: 6 | train_loss: 1.2833384 | cval_loss: 1.1546314 | cval_ic: 0.3165 
2025-05-19 11:07:50,437 - 	time_step: 600, epoch: 6 | train_loss: 1.2058414 | cval_loss: 1.2372320 | cval_ic: 0.0576 
2025-05-19 11:08:01,630 - 	time_step: 700, epoch: 6 | train_loss: 1.2256986 | cval_loss: 1.2360311 | cval_ic: 0.1622 
2025-05-19 11:08:12,727 - 	time_step: 800, epoch: 6 | train_loss: 1.1893343 | cval_loss: 1.1984278 | cval_ic: 0.1769 
2025-05-19 11:08:23,929 - 	time_step: 900, epoch: 6 | train_loss: 1.1936772 | cval_loss: 1.2510895 | cval_ic: 0.1909 
2025-05-19 11:08:35,109 - 	time_step: 1000, epoch: 6 | train_loss: 1.1395800 | cval_loss: 1.2426208 | cval_ic: -0.1179 
2025-05-19 11:09:00,625 - Epoch: 5 | Time: 138.36s 
2025-05-19 11:09:00,625 - Train Loss: 1.2095 | Val Loss: 1.2077 | Test Loss: 1.2209 | Val IC Mean: 0.1278| Test IC Mean: 0.0585 
2025-05-19 11:09:00,634 - Updating learning rate to 3.3420362600899625e-05 
2025-05-19 11:09:00,641 - best model saved with test ic : 0.0585 
2025-05-19 11:09:12,000 - 	time_step: 100, epoch: 7 | train_loss: 1.1706458 | cval_loss: 1.2058040 | cval_ic: 0.1630 
2025-05-19 11:09:22,120 - 	time_step: 200, epoch: 7 | train_loss: 1.2205755 | cval_loss: 1.1260893 | cval_ic: 0.1651 
2025-05-19 11:09:32,356 - 	time_step: 300, epoch: 7 | train_loss: 1.1849812 | cval_loss: 1.2195829 | cval_ic: 0.0003 
2025-05-19 11:09:42,488 - 	time_step: 400, epoch: 7 | train_loss: 1.2336785 | cval_loss: 1.1363267 | cval_ic: 0.1157 
2025-05-19 11:09:53,371 - 	time_step: 500, epoch: 7 | train_loss: 1.2373738 | cval_loss: 1.1923023 | cval_ic: 0.1810 
2025-05-19 11:10:04,672 - 	time_step: 600, epoch: 7 | train_loss: 1.2271247 | cval_loss: 1.1936382 | cval_ic: 0.0600 
2025-05-19 11:10:15,663 - 	time_step: 700, epoch: 7 | train_loss: 1.1786386 | cval_loss: 1.1718755 | cval_ic: 0.1718 
2025-05-19 11:10:26,712 - 	time_step: 800, epoch: 7 | train_loss: 1.2853792 | cval_loss: 1.1961631 | cval_ic: 0.0854 
2025-05-19 11:10:37,564 - 	time_step: 900, epoch: 7 | train_loss: 1.1032137 | cval_loss: 1.1557027 | cval_ic: 0.1808 
2025-05-19 11:10:47,924 - 	time_step: 1000, epoch: 7 | train_loss: 1.2320914 | cval_loss: 1.2488694 | cval_ic: 0.1431 
2025-05-19 11:11:12,259 - Epoch: 6 | Time: 131.62s 
2025-05-19 11:11:12,260 - Train Loss: 1.2068 | Val Loss: 1.2063 | Test Loss: 1.2227 | Val IC Mean: 0.1352| Test IC Mean: 0.0627 
2025-05-19 11:11:12,268 - Updating learning rate to 4.011077065978311e-05 
2025-05-19 11:11:12,276 - best model saved with test ic : 0.0627 
2025-05-19 11:11:23,594 - 	time_step: 100, epoch: 8 | train_loss: 1.1984910 | cval_loss: 1.2132728 | cval_ic: 0.1246 
2025-05-19 11:11:33,642 - 	time_step: 200, epoch: 8 | train_loss: 1.1714228 | cval_loss: 1.2542280 | cval_ic: 0.1657 
2025-05-19 11:11:44,883 - 	time_step: 300, epoch: 8 | train_loss: 1.2026155 | cval_loss: 1.2213475 | cval_ic: 0.0870 
2025-05-19 11:11:55,930 - 	time_step: 400, epoch: 8 | train_loss: 1.2293706 | cval_loss: 1.2663304 | cval_ic: 0.1038 
2025-05-19 11:12:06,585 - 	time_step: 500, epoch: 8 | train_loss: 1.1430256 | cval_loss: 1.2309642 | cval_ic: 0.1524 
2025-05-19 11:12:17,477 - 	time_step: 600, epoch: 8 | train_loss: 1.2397550 | cval_loss: 1.2041128 | cval_ic: 0.2279 
2025-05-19 11:12:28,022 - 	time_step: 700, epoch: 8 | train_loss: 1.2115636 | cval_loss: 1.1922395 | cval_ic: 0.1756 
2025-05-19 11:12:38,373 - 	time_step: 800, epoch: 8 | train_loss: 1.1248813 | cval_loss: 1.2459922 | cval_ic: 0.0686 
2025-05-19 11:12:48,528 - 	time_step: 900, epoch: 8 | train_loss: 1.1270313 | cval_loss: 1.1437674 | cval_ic: 0.0867 
2025-05-19 11:12:58,744 - 	time_step: 1000, epoch: 8 | train_loss: 1.2186962 | cval_loss: 1.2648232 | cval_ic: 0.1876 
2025-05-19 11:13:23,233 - Epoch: 7 | Time: 130.96s 
2025-05-19 11:13:23,233 - Train Loss: 1.2050 | Val Loss: 1.2047 | Test Loss: 1.2235 | Val IC Mean: 0.1403| Test IC Mean: 0.0651 
2025-05-19 11:13:23,242 - Updating learning rate to 4.5419666320193974e-05 
2025-05-19 11:13:23,249 - best model saved with test ic : 0.0651 
2025-05-19 11:13:35,448 - 	time_step: 100, epoch: 9 | train_loss: 1.2108204 | cval_loss: 1.2194446 | cval_ic: 0.0587 
2025-05-19 11:13:46,098 - 	time_step: 200, epoch: 9 | train_loss: 1.2247108 | cval_loss: 1.2354240 | cval_ic: 0.1292 
2025-05-19 11:13:57,112 - 	time_step: 300, epoch: 9 | train_loss: 1.1896373 | cval_loss: 1.1911448 | cval_ic: 0.1123 
2025-05-19 11:14:07,963 - 	time_step: 400, epoch: 9 | train_loss: 1.1781204 | cval_loss: 1.1984913 | cval_ic: 0.0415 
2025-05-19 11:14:19,114 - 	time_step: 500, epoch: 9 | train_loss: 1.2065824 | cval_loss: 1.1993206 | cval_ic: 0.1940 
2025-05-19 11:14:32,007 - 	time_step: 600, epoch: 9 | train_loss: 1.1651356 | cval_loss: 1.1151791 | cval_ic: 0.2609 
2025-05-19 11:14:44,129 - 	time_step: 700, epoch: 9 | train_loss: 1.1547217 | cval_loss: 1.2475283 | cval_ic: 0.1165 
2025-05-19 11:14:56,349 - 	time_step: 800, epoch: 9 | train_loss: 1.2063056 | cval_loss: 1.1868199 | cval_ic: 0.1717 
2025-05-19 11:15:08,500 - 	time_step: 900, epoch: 9 | train_loss: 1.2367377 | cval_loss: 1.1797628 | cval_ic: 0.2138 
2025-05-19 11:15:20,559 - 	time_step: 1000, epoch: 9 | train_loss: 1.2206997 | cval_loss: 1.1968294 | cval_ic: 0.1575 
2025-05-19 11:15:48,012 - Epoch: 8 | Time: 144.76s 
2025-05-19 11:15:48,012 - Train Loss: 1.2031 | Val Loss: 1.2020 | Test Loss: 1.2213 | Val IC Mean: 0.1391| Test IC Mean: 0.0583 
2025-05-19 11:15:48,025 - Updating learning rate to 4.882728313181646e-05 
2025-05-19 11:16:00,845 - 	time_step: 100, epoch: 10 | train_loss: 1.2243667 | cval_loss: 1.2728264 | cval_ic: 0.0639 
2025-05-19 11:16:12,299 - 	time_step: 200, epoch: 10 | train_loss: 1.2074605 | cval_loss: 1.1588225 | cval_ic: 0.2488 
2025-05-19 11:16:23,969 - 	time_step: 300, epoch: 10 | train_loss: 1.1398205 | cval_loss: 1.1887006 | cval_ic: 0.0979 
2025-05-19 11:16:35,611 - 	time_step: 400, epoch: 10 | train_loss: 1.2417881 | cval_loss: 1.1862715 | cval_ic: 0.0963 
2025-05-19 11:16:47,259 - 	time_step: 500, epoch: 10 | train_loss: 1.1612533 | cval_loss: 1.1818343 | cval_ic: 0.1808 
2025-05-19 11:16:59,140 - 	time_step: 600, epoch: 10 | train_loss: 1.2788610 | cval_loss: 1.2604339 | cval_ic: 0.1394 
2025-05-19 11:17:10,868 - 	time_step: 700, epoch: 10 | train_loss: 1.1703117 | cval_loss: 1.2008896 | cval_ic: 0.1661 
2025-05-19 11:17:22,576 - 	time_step: 800, epoch: 10 | train_loss: 1.2163308 | cval_loss: 1.1633313 | cval_ic: 0.1971 
2025-05-19 11:17:34,204 - 	time_step: 900, epoch: 10 | train_loss: 1.1883469 | cval_loss: 1.2009734 | cval_ic: 0.1709 
2025-05-19 11:17:45,947 - 	time_step: 1000, epoch: 10 | train_loss: 1.1900471 | cval_loss: 1.2018932 | cval_ic: 0.1898 
2025-05-19 11:18:13,332 - Epoch: 9 | Time: 145.31s 
2025-05-19 11:18:13,332 - Train Loss: 1.2016 | Val Loss: 1.2017 | Test Loss: 1.2211 | Val IC Mean: 0.1362| Test IC Mean: 0.0563 
2025-05-19 11:18:13,341 - Updating learning rate to 4.999999993486263e-05 
2025-05-19 11:18:26,145 - 	time_step: 100, epoch: 11 | train_loss: 1.1646507 | cval_loss: 1.1864903 | cval_ic: 0.1051 
2025-05-19 11:18:37,779 - 	time_step: 200, epoch: 11 | train_loss: 1.1826851 | cval_loss: 1.1071447 | cval_ic: 0.1718 
2025-05-19 11:18:49,432 - 	time_step: 300, epoch: 11 | train_loss: 1.1466272 | cval_loss: 1.2292163 | cval_ic: 0.0125 
2025-05-19 11:19:00,996 - 	time_step: 400, epoch: 11 | train_loss: 1.2499081 | cval_loss: 1.2334747 | cval_ic: 0.1671 
2025-05-19 11:19:12,515 - 	time_step: 500, epoch: 11 | train_loss: 1.2097188 | cval_loss: 1.2234529 | cval_ic: 0.1464 
2025-05-19 11:19:24,113 - 	time_step: 600, epoch: 11 | train_loss: 1.1790761 | cval_loss: 1.2564096 | cval_ic: 0.0927 
2025-05-19 11:19:35,652 - 	time_step: 700, epoch: 11 | train_loss: 1.2235427 | cval_loss: 1.2051936 | cval_ic: 0.1924 
2025-05-19 11:19:47,308 - 	time_step: 800, epoch: 11 | train_loss: 1.2499553 | cval_loss: 1.1548045 | cval_ic: 0.0598 
2025-05-19 11:19:59,077 - 	time_step: 900, epoch: 11 | train_loss: 1.2477417 | cval_loss: 1.2285386 | cval_ic: 0.0220 
2025-05-19 11:20:10,817 - 	time_step: 1000, epoch: 11 | train_loss: 1.1537178 | cval_loss: 1.2249070 | cval_ic: 0.1950 
2025-05-19 11:20:37,847 - Epoch: 10 | Time: 144.51s 
2025-05-19 11:20:37,847 - Train Loss: 1.1998 | Val Loss: 1.2008 | Test Loss: 1.2193 | Val IC Mean: 0.1426| Test IC Mean: 0.0599 
2025-05-19 11:20:37,856 - Updating learning rate to 4.992279199340654e-05 
2025-05-19 11:20:50,810 - 	time_step: 100, epoch: 12 | train_loss: 1.1666914 | cval_loss: 1.2029099 | cval_ic: 0.1858 
2025-05-19 11:21:02,631 - 	time_step: 200, epoch: 12 | train_loss: 1.1934015 | cval_loss: 1.1760201 | cval_ic: 0.0789 
2025-05-19 11:21:14,414 - 	time_step: 300, epoch: 12 | train_loss: 1.2314057 | cval_loss: 1.2011598 | cval_ic: 0.0582 
2025-05-19 11:21:26,185 - 	time_step: 400, epoch: 12 | train_loss: 1.2723460 | cval_loss: 1.2344570 | cval_ic: 0.1544 
2025-05-19 11:21:37,852 - 	time_step: 500, epoch: 12 | train_loss: 1.1165488 | cval_loss: 1.2608464 | cval_ic: 0.1325 
2025-05-19 11:21:49,402 - 	time_step: 600, epoch: 12 | train_loss: 1.1996944 | cval_loss: 1.1814240 | cval_ic: 0.1625 
2025-05-19 11:22:00,920 - 	time_step: 700, epoch: 12 | train_loss: 1.1875671 | cval_loss: 1.2278963 | cval_ic: 0.1182 
2025-05-19 11:22:12,440 - 	time_step: 800, epoch: 12 | train_loss: 1.2296166 | cval_loss: 1.2183659 | cval_ic: 0.1833 
2025-05-19 11:22:24,228 - 	time_step: 900, epoch: 12 | train_loss: 1.1961875 | cval_loss: 1.1968668 | cval_ic: 0.1749 
2025-05-19 11:22:35,956 - 	time_step: 1000, epoch: 12 | train_loss: 1.1734011 | cval_loss: 1.2389685 | cval_ic: 0.1217 
2025-05-19 11:23:03,025 - Epoch: 11 | Time: 145.17s 
2025-05-19 11:23:03,025 - Train Loss: 1.1984 | Val Loss: 1.1996 | Test Loss: 1.2217 | Val IC Mean: 0.1533| Test IC Mean: 0.0710 
2025-05-19 11:23:03,033 - Updating learning rate to 4.9691927368175005e-05 
2025-05-19 11:23:03,041 - best model saved with test ic : 0.0710 
2025-05-19 11:23:15,974 - 	time_step: 100, epoch: 13 | train_loss: 1.1548592 | cval_loss: 1.2315435 | cval_ic: 0.1601 
2025-05-19 11:23:27,678 - 	time_step: 200, epoch: 13 | train_loss: 1.2423203 | cval_loss: 1.2526197 | cval_ic: 0.0889 
2025-05-19 11:23:39,385 - 	time_step: 300, epoch: 13 | train_loss: 1.2311924 | cval_loss: 1.1957805 | cval_ic: 0.1826 
2025-05-19 11:23:51,188 - 	time_step: 400, epoch: 13 | train_loss: 1.2533132 | cval_loss: 1.1695554 | cval_ic: 0.2601 
2025-05-19 11:24:02,928 - 	time_step: 500, epoch: 13 | train_loss: 1.1935384 | cval_loss: 1.1955171 | cval_ic: 0.1743 
2025-05-19 11:24:14,521 - 	time_step: 600, epoch: 13 | train_loss: 1.1643341 | cval_loss: 1.2046398 | cval_ic: 0.1891 
2025-05-19 11:24:26,221 - 	time_step: 700, epoch: 13 | train_loss: 1.2289160 | cval_loss: 1.1534237 | cval_ic: 0.1927 
2025-05-19 11:24:38,162 - 	time_step: 800, epoch: 13 | train_loss: 1.1425991 | cval_loss: 1.1902499 | cval_ic: 0.2044 
2025-05-19 11:24:49,807 - 	time_step: 900, epoch: 13 | train_loss: 1.2443135 | cval_loss: 1.1417267 | cval_ic: 0.1770 
2025-05-19 11:25:01,441 - 	time_step: 1000, epoch: 13 | train_loss: 1.2252089 | cval_loss: 1.1043216 | cval_ic: 0.3340 
2025-05-19 11:25:28,326 - Epoch: 12 | Time: 145.28s 
2025-05-19 11:25:28,326 - Train Loss: 1.1973 | Val Loss: 1.2005 | Test Loss: 1.2233 | Val IC Mean: 0.1485| Test IC Mean: 0.0683 
2025-05-19 11:25:28,326 - -----------Early stopping---------- 
2025-05-19 11:25:28,335 - last model saved with test ic : 0.0683 
2025-05-19 11:25:42,153 - GRU final model test IC: 0.0683 
2025-05-19 11:25:42,153 - GRU pred_arr shape:(243, 3873) 
2025-05-19 11:26:19,278 - LightGBM test IC: 0.0722 
2025-05-19 11:26:55,795 - xgBoost test IC: 0.0731 
2025-05-19 11:30:58,662 - catBoost test IC: 0.0735 
2025-05-19 11:30:58,674 - gbdt_pred_arr shape:(243, 3873) 
