2025-05-16 13:38:20,234 - Config loaded: {'task_name': 'Jin_2022_2023', 'train_model': 'rollingtrain', 'time_period': '2022-2023', 'factor_name': 'DrJin129', 'device': 'cuda:5', 'model_type': 'AttGRU', 'input_dim': 129, 'window_size': 30, 'hidden_dim': 128, 'num_layers': 3, 'output_dim': 1, 'dropout': 0.0, 'num_heads': 4, 'seq_len': 32, 'enc_in': 312, 'dec_in': 312, 'c_out': 312, 'down_sampling_layers': 2, 'down_sampling_window': 2, 'e_layers': 2, 'down_sampling_method': 'avg', 'decomp_method': 'moving_avg', 'moving_avg': 25, 'pred_len': 1, 'd_ff': 32, 'use_norm': 0, 'learning_rate': 0.0001, 'shuffle_time': True, 'early_stop_patience': 5, 'train_epochs': 50, 'num_val_windows': 100, 'val_sample_mode': 'random', 'loss': 'MHMSE', 'pct_start': 0.2, 'lradj': 'cos', 'exp_path': '/home/hongkou/TimeSeries/exp/Jin_2022_2023_new', 'cross_train': False, 'Ding128_alb_inner_path': '/home/USB_DRIVE3/data_CX/chenx/data_warehouse/Ding_factors/align_with_label/', 'Ding128_alb_outer_path': '/home/USB_DRIVE3/data_CX/chenx/data_warehouse/Ding_factors/factors_outer/align_with_label/', 'Ding128_amc_inner_path': '/home/USB_DRIVE3/data_CX/chenx/data_warehouse/Ding_factors/align_with_mktcap/', 'Ding128_amc_outer_path': '/home/USB_DRIVE3/data_CX/chenx/data_warehouse/Ding_factors/factors_outer/align_with_mktcap/', 'Ding128_label_path': '/home/hongkou/chenx/data_warehouse/labels/', 'CY312_factor_path': '/home/hongkou/chenx/data_warehouse/CY_1430_factors/factors', 'CY312_label_path': '/home/hongkou/chenx/data_warehouse/CY_1430_factors/labels', 'CY312_rollinglbl_align_path': '/home/hongkou/chenx/data_warehouse/CY_1430_factors/r_label_align_factor', 'CY312_rollinglabel_path': '/home/hongkou/chenx/data_warehouse/CY_1430_factors/r_label', 'CY312_rollingmkt_align_path': '/home/hongkou/chenx/data_warehouse/CY_1430_factors/r_market_align_factor', 'DrJin129_hal_factor_path': '/home/USB_DRIVE3/data_CX/chenx/data_warehouse/DrJin_factors/factors/', 'DrJin129_all_factor_path': '/home/USB_DRIVE3/data_CX/chenx/data_warehouse/DrJin_factors/allday_factors/', 'DrJin129_label_path': '/home/USB_DRIVE3/data_CX/chenx/data_warehouse/DrJin_factors/labels/', 'DrJin129_rollinglbl_align_path': '/home/USB_DRIVE3/data_CX/chenx/data_warehouse/DrJin_factors_new/r_label_align_factor/', 'DrJin129_rollinglabel_path': '/home/USB_DRIVE3/data_CX/chenx/data_warehouse/DrJin_factors_new/r_label/', 'DrJin129_rollingmkt_align_path': '/home/USB_DRIVE3/data_CX/chenx/data_warehouse/DrJin_factors_new/r_market_align_factor/', 'min5_factor_path': '/home/hongkou/chenx/data_warehouse/5min_factors/factors/', 'min5_label_path': '/home/hongkou/chenx/data_warehouse/5min_factors/lables/'} 
2025-05-16 13:38:20,234 - Using device: cuda:5 
2025-05-16 13:38:20,263 - Using model: AttGRU 
2025-05-16 13:38:20,264 - Using criterion: mse_reg_mh(
  (mh): multihead_loss()
) 
2025-05-16 13:46:07,098 - Config loaded: {'task_name': 'Jin_2022_2023', 'train_model': 'rollingtrain', 'time_period': '2022-2023', 'factor_name': 'DrJin129', 'device': 'cuda:3', 'model_type': 'AttGRU', 'input_dim': 129, 'window_size': 30, 'hidden_dim': 128, 'num_layers': 3, 'output_dim': 1, 'dropout': 0.0, 'num_heads': 4, 'seq_len': 32, 'enc_in': 312, 'dec_in': 312, 'c_out': 312, 'down_sampling_layers': 2, 'down_sampling_window': 2, 'e_layers': 2, 'down_sampling_method': 'avg', 'decomp_method': 'moving_avg', 'moving_avg': 25, 'pred_len': 1, 'd_ff': 32, 'use_norm': 0, 'learning_rate': 0.0001, 'shuffle_time': True, 'early_stop_patience': 5, 'train_epochs': 50, 'num_val_windows': 100, 'val_sample_mode': 'random', 'loss': 'MHMSE', 'pct_start': 0.2, 'lradj': 'cos', 'exp_path': '/home/hongkou/TimeSeries/exp/Jin_2022_2023_new', 'cross_train': False, 'Ding128_alb_inner_path': '/home/USB_DRIVE3/data_CX/chenx/data_warehouse/Ding_factors/align_with_label/', 'Ding128_alb_outer_path': '/home/USB_DRIVE3/data_CX/chenx/data_warehouse/Ding_factors/factors_outer/align_with_label/', 'Ding128_amc_inner_path': '/home/USB_DRIVE3/data_CX/chenx/data_warehouse/Ding_factors/align_with_mktcap/', 'Ding128_amc_outer_path': '/home/USB_DRIVE3/data_CX/chenx/data_warehouse/Ding_factors/factors_outer/align_with_mktcap/', 'Ding128_label_path': '/home/hongkou/chenx/data_warehouse/labels/', 'CY312_factor_path': '/home/hongkou/chenx/data_warehouse/CY_1430_factors/factors', 'CY312_label_path': '/home/hongkou/chenx/data_warehouse/CY_1430_factors/labels', 'CY312_rollinglbl_align_path': '/home/hongkou/chenx/data_warehouse/CY_1430_factors/r_label_align_factor', 'CY312_rollinglabel_path': '/home/hongkou/chenx/data_warehouse/CY_1430_factors/r_label', 'CY312_rollingmkt_align_path': '/home/hongkou/chenx/data_warehouse/CY_1430_factors/r_market_align_factor', 'DrJin129_hal_factor_path': '/home/USB_DRIVE3/data_CX/chenx/data_warehouse/DrJin_factors/factors/', 'DrJin129_all_factor_path': '/home/USB_DRIVE3/data_CX/chenx/data_warehouse/DrJin_factors/allday_factors/', 'DrJin129_label_path': '/home/USB_DRIVE3/data_CX/chenx/data_warehouse/DrJin_factors/labels/', 'DrJin129_rollinglbl_align_path': '/home/USB_DRIVE3/data_CX/chenx/data_warehouse/DrJin_factors_new/r_label_align_factor/', 'DrJin129_rollinglabel_path': '/home/USB_DRIVE3/data_CX/chenx/data_warehouse/DrJin_factors_new/r_label/', 'DrJin129_rollingmkt_align_path': '/home/USB_DRIVE3/data_CX/chenx/data_warehouse/DrJin_factors_new/r_market_align_factor/', 'min5_factor_path': '/home/hongkou/chenx/data_warehouse/5min_factors/factors/', 'min5_label_path': '/home/hongkou/chenx/data_warehouse/5min_factors/lables/'} 
2025-05-16 13:46:07,098 - Using device: cuda:3 
2025-05-16 13:46:07,124 - Using model: AttGRU 
2025-05-16 13:46:07,124 - Using criterion: mse_reg_mh(
  (mh): multihead_loss()
) 
2025-05-16 13:46:22,402 - 	time_step: 100, epoch: 1 | train_loss: 1.1935436 | cval_loss: 1.2535889 | cval_ic: 0.0402 
2025-05-16 13:46:34,032 - 	time_step: 200, epoch: 1 | train_loss: 1.2324816 | cval_loss: 1.1775000 | cval_ic: 0.0442 
2025-05-16 13:46:45,572 - 	time_step: 300, epoch: 1 | train_loss: 1.2506491 | cval_loss: 1.2096925 | cval_ic: 0.0688 
2025-05-16 13:46:57,262 - 	time_step: 400, epoch: 1 | train_loss: 1.2409294 | cval_loss: 1.2089205 | cval_ic: 0.0788 
2025-05-16 13:47:08,806 - 	time_step: 500, epoch: 1 | train_loss: 1.2417442 | cval_loss: 1.2665658 | cval_ic: -0.0139 
2025-05-16 13:47:20,348 - 	time_step: 600, epoch: 1 | train_loss: 1.1782701 | cval_loss: 1.1963178 | cval_ic: 0.0394 
2025-05-16 13:47:32,310 - 	time_step: 700, epoch: 1 | train_loss: 1.2644997 | cval_loss: 1.2110729 | cval_ic: 0.1181 
2025-05-16 13:48:49,142 - 	time_step: 800, epoch: 1 | train_loss: 1.2545663 | cval_loss: 1.1336528 | cval_ic: 0.0282 
2025-05-16 13:49:09,696 - 	time_step: 900, epoch: 1 | train_loss: 1.2340505 | cval_loss: 1.2356366 | cval_ic: 0.1165 
2025-05-16 13:50:00,865 - 	time_step: 1000, epoch: 1 | train_loss: 1.1680418 | cval_loss: 1.2493312 | cval_ic: -0.0267 
2025-05-16 13:50:12,980 - 	time_step: 1100, epoch: 1 | train_loss: 1.1929896 | cval_loss: 1.2311559 | cval_ic: 0.0723 
2025-05-16 13:50:33,204 - 	time_step: 1200, epoch: 1 | train_loss: 1.2263385 | cval_loss: 1.1879412 | cval_ic: 0.1378 
2025-05-16 13:51:12,209 - 	time_step: 1300, epoch: 1 | train_loss: 1.1849301 | cval_loss: 1.2258277 | cval_ic: 0.1397 
2025-05-16 13:52:00,980 - Epoch: 0 | Time: 352.89s 
2025-05-16 13:52:00,981 - Train Loss: 1.2179 | Val Loss: 1.2032 | Test Loss: 1.2219 | Val IC Mean: 0.1190| Test IC Mean: 0.0514 
2025-05-16 13:52:00,985 - Updating learning rate to 9.999999747378752e-05 
2025-05-16 13:52:00,988 - best model saved with test ic : 0.0514 
2025-05-16 13:52:16,640 - 	time_step: 100, epoch: 2 | train_loss: 1.2474744 | cval_loss: 1.2446244 | cval_ic: 0.0813 
2025-05-16 13:52:30,880 - 	time_step: 200, epoch: 2 | train_loss: 1.2656515 | cval_loss: 1.1424462 | cval_ic: 0.0796 
2025-05-16 13:53:13,897 - 	time_step: 300, epoch: 2 | train_loss: 1.2914670 | cval_loss: 1.2182927 | cval_ic: 0.1360 
2025-05-16 13:53:41,599 - 	time_step: 400, epoch: 2 | train_loss: 1.1657326 | cval_loss: 1.2358549 | cval_ic: 0.1727 
2025-05-16 13:54:14,187 - 	time_step: 500, epoch: 2 | train_loss: 1.1855342 | cval_loss: 1.2602739 | cval_ic: 0.1304 
2025-05-16 13:55:07,670 - 	time_step: 600, epoch: 2 | train_loss: 1.2614006 | cval_loss: 1.1955395 | cval_ic: 0.1148 
2025-05-16 13:55:57,572 - 	time_step: 700, epoch: 2 | train_loss: 1.1957805 | cval_loss: 1.1886702 | cval_ic: 0.0515 
2025-05-16 13:56:40,993 - 	time_step: 800, epoch: 2 | train_loss: 1.2070116 | cval_loss: 1.2016178 | cval_ic: 0.1422 
2025-05-16 13:57:43,088 - 	time_step: 900, epoch: 2 | train_loss: 1.2139699 | cval_loss: 1.1632899 | cval_ic: 0.1533 
2025-05-16 13:59:01,052 - 	time_step: 1000, epoch: 2 | train_loss: 1.2550908 | cval_loss: 1.2226038 | cval_ic: 0.0895 
2025-05-16 13:59:16,144 - 	time_step: 1100, epoch: 2 | train_loss: 1.2035121 | cval_loss: 1.2669351 | cval_ic: 0.0250 
2025-05-16 13:59:28,298 - 	time_step: 1200, epoch: 2 | train_loss: 1.2181034 | cval_loss: 1.2237403 | cval_ic: 0.1764 
2025-05-16 13:59:40,577 - 	time_step: 1300, epoch: 2 | train_loss: 1.2252488 | cval_loss: 1.2082261 | cval_ic: 0.1448 
2025-05-16 14:00:01,880 - Epoch: 1 | Time: 480.89s 
2025-05-16 14:00:01,880 - Train Loss: 1.2104 | Val Loss: 1.1984 | Test Loss: 1.2217 | Val IC Mean: 0.1208| Test IC Mean: 0.0444 
2025-05-16 14:00:01,885 - Updating learning rate to 9.990133548853919e-05 
2025-05-16 14:00:14,921 - 	time_step: 100, epoch: 3 | train_loss: 1.2246878 | cval_loss: 1.1626971 | cval_ic: 0.1036 
2025-05-16 14:00:26,919 - 	time_step: 200, epoch: 3 | train_loss: 1.1717798 | cval_loss: 1.3151008 | cval_ic: 0.0482 
2025-05-16 14:00:38,664 - 	time_step: 300, epoch: 3 | train_loss: 1.2199736 | cval_loss: 1.2634383 | cval_ic: 0.0497 
2025-05-16 14:00:50,511 - 	time_step: 400, epoch: 3 | train_loss: 1.2079753 | cval_loss: 1.2193798 | cval_ic: 0.0879 
2025-05-16 14:01:02,231 - 	time_step: 500, epoch: 3 | train_loss: 1.2168162 | cval_loss: 1.2340630 | cval_ic: -0.0883 
2025-05-16 14:01:14,185 - 	time_step: 600, epoch: 3 | train_loss: 1.2124277 | cval_loss: 1.1928204 | cval_ic: 0.0570 
2025-05-16 14:01:26,480 - 	time_step: 700, epoch: 3 | train_loss: 1.2539375 | cval_loss: 1.1606042 | cval_ic: 0.1671 
2025-05-16 14:01:38,511 - 	time_step: 800, epoch: 3 | train_loss: 1.2323494 | cval_loss: 1.2411417 | cval_ic: 0.1374 
2025-05-16 14:01:50,496 - 	time_step: 900, epoch: 3 | train_loss: 1.2066470 | cval_loss: 1.1749059 | cval_ic: 0.0806 
2025-05-16 14:02:02,448 - 	time_step: 1000, epoch: 3 | train_loss: 1.1398501 | cval_loss: 1.4443285 | cval_ic: -0.0505 
2025-05-16 14:02:14,695 - 	time_step: 1100, epoch: 3 | train_loss: 1.1605957 | cval_loss: 1.2174797 | cval_ic: 0.1155 
2025-05-16 14:02:26,281 - 	time_step: 1200, epoch: 3 | train_loss: 1.2727371 | cval_loss: 1.2089696 | cval_ic: 0.0876 
2025-05-16 14:02:38,000 - 	time_step: 1300, epoch: 3 | train_loss: 1.1895143 | cval_loss: 1.1837268 | cval_ic: 0.1464 
2025-05-16 14:02:59,014 - Epoch: 2 | Time: 177.13s 
2025-05-16 14:02:59,014 - Train Loss: 1.2072 | Val Loss: 1.1958 | Test Loss: 1.2203 | Val IC Mean: 0.1321| Test IC Mean: 0.0544 
2025-05-16 14:02:59,019 - Updating learning rate to 9.960573515854776e-05 
2025-05-16 14:02:59,022 - best model saved with test ic : 0.0544 
2025-05-16 14:03:11,977 - 	time_step: 100, epoch: 4 | train_loss: 1.2758704 | cval_loss: 1.2157437 | cval_ic: 0.1398 
2025-05-16 14:03:23,579 - 	time_step: 200, epoch: 4 | train_loss: 1.2140243 | cval_loss: 1.1976070 | cval_ic: 0.1659 
2025-05-16 14:03:34,972 - 	time_step: 300, epoch: 4 | train_loss: 1.2255999 | cval_loss: 1.2031418 | cval_ic: 0.1756 
2025-05-16 14:03:46,918 - 	time_step: 400, epoch: 4 | train_loss: 1.1807441 | cval_loss: 1.2601334 | cval_ic: 0.0365 
2025-05-16 14:03:58,612 - 	time_step: 500, epoch: 4 | train_loss: 1.1765151 | cval_loss: 1.2254239 | cval_ic: 0.1576 
2025-05-16 14:04:10,574 - 	time_step: 600, epoch: 4 | train_loss: 1.2079091 | cval_loss: 1.2381501 | cval_ic: -0.0137 
2025-05-16 14:04:22,455 - 	time_step: 700, epoch: 4 | train_loss: 1.2321796 | cval_loss: 1.1781800 | cval_ic: 0.2089 
2025-05-16 14:04:34,311 - 	time_step: 800, epoch: 4 | train_loss: 1.2316991 | cval_loss: 1.2693275 | cval_ic: 0.0713 
2025-05-16 14:04:46,122 - 	time_step: 900, epoch: 4 | train_loss: 1.2323345 | cval_loss: 1.2150813 | cval_ic: 0.1087 
2025-05-16 14:05:25,786 - 	time_step: 1000, epoch: 4 | train_loss: 1.2094158 | cval_loss: 1.1680247 | cval_ic: 0.2037 
2025-05-16 14:05:51,352 - 	time_step: 1100, epoch: 4 | train_loss: 1.1421262 | cval_loss: 1.1658872 | cval_ic: 0.1483 
2025-05-16 14:06:03,129 - 	time_step: 1200, epoch: 4 | train_loss: 1.1994054 | cval_loss: 1.1732006 | cval_ic: 0.1077 
2025-05-16 14:06:15,646 - 	time_step: 1300, epoch: 4 | train_loss: 1.2400489 | cval_loss: 1.2060304 | cval_ic: 0.1548 
2025-05-16 14:06:38,371 - Epoch: 3 | Time: 219.35s 
2025-05-16 14:06:38,372 - Train Loss: 1.2050 | Val Loss: 1.1934 | Test Loss: 1.2209 | Val IC Mean: 0.1467| Test IC Mean: 0.0627 
2025-05-16 14:06:38,376 - Updating learning rate to 9.911435336107388e-05 
2025-05-16 14:06:38,380 - best model saved with test ic : 0.0627 
2025-05-16 14:06:51,359 - 	time_step: 100, epoch: 5 | train_loss: 1.2056741 | cval_loss: 1.2864314 | cval_ic: 0.0940 
2025-05-16 14:07:02,967 - 	time_step: 200, epoch: 5 | train_loss: 1.1992291 | cval_loss: 1.1908737 | cval_ic: 0.1794 
2025-05-16 14:07:16,930 - 	time_step: 300, epoch: 5 | train_loss: 1.1578343 | cval_loss: 1.1695176 | cval_ic: 0.1765 
2025-05-16 14:07:29,455 - 	time_step: 400, epoch: 5 | train_loss: 1.1750456 | cval_loss: 1.2776898 | cval_ic: 0.1138 
2025-05-16 14:07:40,962 - 	time_step: 500, epoch: 5 | train_loss: 1.1969754 | cval_loss: 1.1775528 | cval_ic: 0.1918 
2025-05-16 14:07:58,566 - 	time_step: 600, epoch: 5 | train_loss: 1.1835767 | cval_loss: 1.2007631 | cval_ic: 0.0743 
2025-05-16 14:08:10,807 - 	time_step: 700, epoch: 5 | train_loss: 1.1652768 | cval_loss: 1.2154431 | cval_ic: 0.2152 
2025-05-16 14:08:21,830 - 	time_step: 800, epoch: 5 | train_loss: 1.1568614 | cval_loss: 1.1226786 | cval_ic: 0.2629 
2025-05-16 14:08:57,852 - 	time_step: 900, epoch: 5 | train_loss: 1.1783913 | cval_loss: 1.1474440 | cval_ic: 0.2077 
2025-05-16 14:09:09,887 - 	time_step: 1000, epoch: 5 | train_loss: 1.1836567 | cval_loss: 1.2145551 | cval_ic: 0.1410 
2025-05-16 14:09:24,649 - 	time_step: 1100, epoch: 5 | train_loss: 1.1907070 | cval_loss: 1.2139491 | cval_ic: 0.1192 
2025-05-16 14:09:36,585 - 	time_step: 1200, epoch: 5 | train_loss: 1.2184376 | cval_loss: 1.2082902 | cval_ic: 0.0988 
2025-05-16 14:09:48,649 - 	time_step: 1300, epoch: 5 | train_loss: 1.1592616 | cval_loss: 1.1959552 | cval_ic: 0.0917 
2025-05-16 14:10:10,704 - Epoch: 4 | Time: 212.32s 
2025-05-16 14:10:10,704 - Train Loss: 1.2031 | Val Loss: 1.1967 | Test Loss: 1.2243 | Val IC Mean: 0.1183| Test IC Mean: 0.0354 
2025-05-16 14:10:10,705 - Updating learning rate to 9.842915460467339e-05 
2025-05-16 14:10:23,742 - 	time_step: 100, epoch: 6 | train_loss: 1.1986834 | cval_loss: 1.2397954 | cval_ic: 0.1323 
2025-05-16 14:10:35,399 - 	time_step: 200, epoch: 6 | train_loss: 1.1829368 | cval_loss: 1.1515464 | cval_ic: 0.2272 
2025-05-16 14:10:47,112 - 	time_step: 300, epoch: 6 | train_loss: 1.1693292 | cval_loss: 1.2128214 | cval_ic: 0.0638 
2025-05-16 14:10:58,933 - 	time_step: 400, epoch: 6 | train_loss: 1.2376440 | cval_loss: 1.1702545 | cval_ic: 0.1017 
2025-05-16 14:11:10,493 - 	time_step: 500, epoch: 6 | train_loss: 1.1501255 | cval_loss: 1.1634734 | cval_ic: 0.2558 
2025-05-16 14:11:22,812 - 	time_step: 600, epoch: 6 | train_loss: 1.1294194 | cval_loss: 1.1172354 | cval_ic: 0.3254 
2025-05-16 14:11:43,586 - 	time_step: 700, epoch: 6 | train_loss: 1.2389387 | cval_loss: 1.2017436 | cval_ic: 0.1652 
2025-05-16 14:11:55,229 - 	time_step: 800, epoch: 6 | train_loss: 1.2303702 | cval_loss: 1.1579714 | cval_ic: 0.2924 
2025-05-16 14:12:06,626 - 	time_step: 900, epoch: 6 | train_loss: 1.2168193 | cval_loss: 1.2330271 | cval_ic: 0.1279 
2025-05-16 14:12:18,286 - 	time_step: 1000, epoch: 6 | train_loss: 1.1932904 | cval_loss: 1.1551776 | cval_ic: 0.2443 
2025-05-16 14:12:30,101 - 	time_step: 1100, epoch: 6 | train_loss: 1.2094141 | cval_loss: 1.1854138 | cval_ic: 0.1457 
2025-05-16 14:12:41,730 - 	time_step: 1200, epoch: 6 | train_loss: 1.2237760 | cval_loss: 1.1811534 | cval_ic: 0.2094 
2025-05-16 14:12:53,050 - 	time_step: 1300, epoch: 6 | train_loss: 1.2029268 | cval_loss: 1.1552379 | cval_ic: 0.0923 
2025-05-16 14:13:13,994 - Epoch: 5 | Time: 183.29s 
2025-05-16 14:13:13,994 - Train Loss: 1.2016 | Val Loss: 1.1909 | Test Loss: 1.2205 | Val IC Mean: 0.1493| Test IC Mean: 0.0658 
2025-05-16 14:13:13,999 - Updating learning rate to 9.75528237177059e-05 
2025-05-16 14:13:14,002 - best model saved with test ic : 0.0658 
2025-05-16 14:13:26,879 - 	time_step: 100, epoch: 7 | train_loss: 1.1993928 | cval_loss: 1.1665297 | cval_ic: 0.2009 
2025-05-16 14:13:38,581 - 	time_step: 200, epoch: 7 | train_loss: 1.2258571 | cval_loss: 1.2097425 | cval_ic: 0.0684 
2025-05-16 14:13:50,142 - 	time_step: 300, epoch: 7 | train_loss: 1.3270409 | cval_loss: 1.1234291 | cval_ic: 0.1842 
2025-05-16 14:14:01,805 - 	time_step: 400, epoch: 7 | train_loss: 1.1759425 | cval_loss: 1.1805923 | cval_ic: 0.0654 
2025-05-16 14:14:13,379 - 	time_step: 500, epoch: 7 | train_loss: 1.2193663 | cval_loss: 1.1553469 | cval_ic: 0.1383 
2025-05-16 14:14:24,899 - 	time_step: 600, epoch: 7 | train_loss: 1.2158701 | cval_loss: 1.2083449 | cval_ic: 0.1182 
2025-05-16 14:14:36,444 - 	time_step: 700, epoch: 7 | train_loss: 1.1519746 | cval_loss: 1.2325184 | cval_ic: 0.0914 
2025-05-16 14:14:48,013 - 	time_step: 800, epoch: 7 | train_loss: 1.2135464 | cval_loss: 1.2216246 | cval_ic: 0.1388 
2025-05-16 14:14:59,531 - 	time_step: 900, epoch: 7 | train_loss: 1.1908364 | cval_loss: 1.1778028 | cval_ic: 0.2358 
2025-05-16 14:15:11,052 - 	time_step: 1000, epoch: 7 | train_loss: 1.2119231 | cval_loss: 1.1829041 | cval_ic: 0.2472 
2025-05-16 14:15:22,604 - 	time_step: 1100, epoch: 7 | train_loss: 1.1993293 | cval_loss: 1.2167648 | cval_ic: 0.1251 
2025-05-16 14:15:34,214 - 	time_step: 1200, epoch: 7 | train_loss: 1.1332974 | cval_loss: 1.2073972 | cval_ic: 0.1117 
2025-05-16 14:15:45,869 - 	time_step: 1300, epoch: 7 | train_loss: 1.2346466 | cval_loss: 1.1324425 | cval_ic: 0.1983 
2025-05-16 14:16:06,513 - Epoch: 6 | Time: 172.51s 
2025-05-16 14:16:06,513 - Train Loss: 1.2000 | Val Loss: 1.1904 | Test Loss: 1.2229 | Val IC Mean: 0.1539| Test IC Mean: 0.0678 
2025-05-16 14:16:06,518 - Updating learning rate to 9.648881678003818e-05 
2025-05-16 14:16:06,521 - best model saved with test ic : 0.0678 
2025-05-16 14:16:19,257 - 	time_step: 100, epoch: 8 | train_loss: 1.2310443 | cval_loss: 1.1785548 | cval_ic: 0.1991 
2025-05-16 14:16:30,684 - 	time_step: 200, epoch: 8 | train_loss: 1.1930630 | cval_loss: 1.2178433 | cval_ic: 0.1673 
2025-05-16 14:16:42,197 - 	time_step: 300, epoch: 8 | train_loss: 1.1941233 | cval_loss: 1.1830244 | cval_ic: 0.1007 
2025-05-16 14:16:53,835 - 	time_step: 400, epoch: 8 | train_loss: 1.1678138 | cval_loss: 1.2257184 | cval_ic: 0.1351 
2025-05-16 14:17:05,390 - 	time_step: 500, epoch: 8 | train_loss: 1.1244017 | cval_loss: 1.2101226 | cval_ic: 0.1317 
2025-05-16 14:17:16,930 - 	time_step: 600, epoch: 8 | train_loss: 1.1999272 | cval_loss: 1.1961644 | cval_ic: 0.1452 
2025-05-16 14:17:28,488 - 	time_step: 700, epoch: 8 | train_loss: 1.2337513 | cval_loss: 1.2130897 | cval_ic: 0.1380 
2025-05-16 14:17:39,953 - 	time_step: 800, epoch: 8 | train_loss: 1.2102876 | cval_loss: 1.1530977 | cval_ic: 0.2388 
2025-05-16 14:17:51,451 - 	time_step: 900, epoch: 8 | train_loss: 1.1528659 | cval_loss: 1.2211879 | cval_ic: 0.1809 
2025-05-16 14:18:02,946 - 	time_step: 1000, epoch: 8 | train_loss: 1.2095474 | cval_loss: 1.0946487 | cval_ic: 0.3242 
2025-05-16 14:18:14,402 - 	time_step: 1100, epoch: 8 | train_loss: 1.2321548 | cval_loss: 1.1013635 | cval_ic: 0.2354 
2025-05-16 14:18:25,883 - 	time_step: 1200, epoch: 8 | train_loss: 1.1925901 | cval_loss: 1.1865234 | cval_ic: 0.1027 
2025-05-16 14:18:37,813 - 	time_step: 1300, epoch: 8 | train_loss: 1.2704647 | cval_loss: 1.2043511 | cval_ic: 0.1567 
2025-05-16 14:18:58,574 - Epoch: 7 | Time: 172.05s 
2025-05-16 14:18:58,574 - Train Loss: 1.1985 | Val Loss: 1.1892 | Test Loss: 1.2218 | Val IC Mean: 0.1552| Test IC Mean: 0.0645 
2025-05-16 14:18:58,578 - Updating learning rate to 9.524135384708643e-05 
2025-05-16 14:19:11,425 - 	time_step: 100, epoch: 9 | train_loss: 1.2126484 | cval_loss: 1.2463171 | cval_ic: 0.0683 
2025-05-16 14:19:22,837 - 	time_step: 200, epoch: 9 | train_loss: 1.1880441 | cval_loss: 1.2125579 | cval_ic: 0.1002 
2025-05-16 14:19:34,119 - 	time_step: 300, epoch: 9 | train_loss: 1.2146300 | cval_loss: 1.1577225 | cval_ic: 0.0940 
2025-05-16 14:19:45,699 - 	time_step: 400, epoch: 9 | train_loss: 1.2417326 | cval_loss: 1.1757492 | cval_ic: 0.1630 
2025-05-16 14:19:57,237 - 	time_step: 500, epoch: 9 | train_loss: 1.2141315 | cval_loss: 1.1972275 | cval_ic: 0.2449 
2025-05-16 14:20:08,797 - 	time_step: 600, epoch: 9 | train_loss: 1.1648984 | cval_loss: 1.1988803 | cval_ic: 0.1537 
2025-05-16 14:20:20,257 - 	time_step: 700, epoch: 9 | train_loss: 1.1978434 | cval_loss: 1.1969495 | cval_ic: 0.1792 
2025-05-16 14:20:32,360 - 	time_step: 800, epoch: 9 | train_loss: 1.2164601 | cval_loss: 1.2091701 | cval_ic: 0.1266 
2025-05-16 14:20:44,209 - 	time_step: 900, epoch: 9 | train_loss: 1.2059413 | cval_loss: 1.2036970 | cval_ic: 0.1942 
2025-05-16 14:20:55,664 - 	time_step: 1000, epoch: 9 | train_loss: 1.2456099 | cval_loss: 1.1959479 | cval_ic: 0.1289 
2025-05-16 14:21:07,109 - 	time_step: 1100, epoch: 9 | train_loss: 1.2468103 | cval_loss: 1.1819980 | cval_ic: 0.2397 
2025-05-16 14:21:18,723 - 	time_step: 1200, epoch: 9 | train_loss: 1.2268956 | cval_loss: 1.1991335 | cval_ic: 0.2172 
2025-05-16 14:21:30,115 - 	time_step: 1300, epoch: 9 | train_loss: 1.2258005 | cval_loss: 1.2476038 | cval_ic: 0.1484 
2025-05-16 14:21:50,957 - Epoch: 8 | Time: 172.38s 
2025-05-16 14:21:50,957 - Train Loss: 1.1974 | Val Loss: 1.1888 | Test Loss: 1.2215 | Val IC Mean: 0.1529| Test IC Mean: 0.0656 
2025-05-16 14:21:50,961 - Updating learning rate to 9.3815331638325e-05 
2025-05-16 14:22:04,177 - 	time_step: 100, epoch: 10 | train_loss: 1.1697690 | cval_loss: 1.1746571 | cval_ic: 0.2060 
2025-05-16 14:22:15,929 - 	time_step: 200, epoch: 10 | train_loss: 1.2747455 | cval_loss: 1.1691989 | cval_ic: 0.1716 
2025-05-16 14:22:27,664 - 	time_step: 300, epoch: 10 | train_loss: 1.1366317 | cval_loss: 1.1274403 | cval_ic: 0.1630 
2025-05-16 14:22:39,238 - 	time_step: 400, epoch: 10 | train_loss: 1.1426778 | cval_loss: 1.2061070 | cval_ic: 0.2071 
2025-05-16 14:22:50,708 - 	time_step: 500, epoch: 10 | train_loss: 1.2524208 | cval_loss: 1.1852553 | cval_ic: 0.1282 
2025-05-16 14:23:02,052 - 	time_step: 600, epoch: 10 | train_loss: 1.2203120 | cval_loss: 1.1237237 | cval_ic: 0.2524 
2025-05-16 14:23:13,572 - 	time_step: 700, epoch: 10 | train_loss: 1.2044841 | cval_loss: 1.1770728 | cval_ic: 0.1462 
2025-05-16 14:23:25,053 - 	time_step: 800, epoch: 10 | train_loss: 1.2042594 | cval_loss: 1.1772718 | cval_ic: 0.1610 
2025-05-16 14:23:36,826 - 	time_step: 900, epoch: 10 | train_loss: 1.2367585 | cval_loss: 1.1905673 | cval_ic: 0.1261 
2025-05-16 14:23:48,851 - 	time_step: 1000, epoch: 10 | train_loss: 1.2346396 | cval_loss: 1.1443895 | cval_ic: 0.1524 
2025-05-16 14:24:00,640 - 	time_step: 1100, epoch: 10 | train_loss: 1.2826420 | cval_loss: 1.2564971 | cval_ic: 0.1642 
2025-05-16 14:24:12,268 - 	time_step: 1200, epoch: 10 | train_loss: 1.1649559 | cval_loss: 1.2217331 | cval_ic: 0.1864 
2025-05-16 14:24:23,758 - 	time_step: 1300, epoch: 10 | train_loss: 1.2072424 | cval_loss: 1.2426485 | cval_ic: 0.0502 
2025-05-16 14:24:44,260 - Epoch: 9 | Time: 173.30s 
2025-05-16 14:24:44,260 - Train Loss: 1.1959 | Val Loss: 1.1918 | Test Loss: 1.2249 | Val IC Mean: 0.1393| Test IC Mean: 0.0542 
2025-05-16 14:24:44,261 - Updating learning rate to 9.221639629686251e-05 
2025-05-16 14:24:56,761 - 	time_step: 100, epoch: 11 | train_loss: 1.1455307 | cval_loss: 1.1088755 | cval_ic: 0.2369 
2025-05-16 14:25:08,299 - 	time_step: 200, epoch: 11 | train_loss: 1.2020540 | cval_loss: 1.2167319 | cval_ic: 0.1781 
2025-05-16 14:25:19,753 - 	time_step: 300, epoch: 11 | train_loss: 1.2094111 | cval_loss: 1.2229272 | cval_ic: 0.0891 
2025-05-16 14:25:31,390 - 	time_step: 400, epoch: 11 | train_loss: 1.2562656 | cval_loss: 1.1285933 | cval_ic: 0.2793 
2025-05-16 14:25:42,786 - 	time_step: 500, epoch: 11 | train_loss: 1.1342785 | cval_loss: 1.2095046 | cval_ic: 0.0737 
2025-05-16 14:25:54,439 - 	time_step: 600, epoch: 11 | train_loss: 1.1685616 | cval_loss: 1.1527086 | cval_ic: 0.1618 
2025-05-16 14:26:06,014 - 	time_step: 700, epoch: 11 | train_loss: 1.1958870 | cval_loss: 1.1792352 | cval_ic: 0.1788 
2025-05-16 14:26:17,543 - 	time_step: 800, epoch: 11 | train_loss: 1.1976889 | cval_loss: 1.2186979 | cval_ic: 0.2052 
2025-05-16 14:26:29,145 - 	time_step: 900, epoch: 11 | train_loss: 1.1607314 | cval_loss: 1.1554443 | cval_ic: 0.1881 
2025-05-16 14:26:40,667 - 	time_step: 1000, epoch: 11 | train_loss: 1.1852612 | cval_loss: 1.2059797 | cval_ic: 0.0307 
2025-05-16 14:26:52,511 - 	time_step: 1100, epoch: 11 | train_loss: 1.1816556 | cval_loss: 1.2016577 | cval_ic: 0.0297 
2025-05-16 14:27:04,442 - 	time_step: 1200, epoch: 11 | train_loss: 1.0860604 | cval_loss: 1.1890850 | cval_ic: 0.0903 
2025-05-16 14:27:15,997 - 	time_step: 1300, epoch: 11 | train_loss: 1.1758572 | cval_loss: 1.0618314 | cval_ic: 0.3283 
2025-05-16 14:27:36,201 - Epoch: 10 | Time: 171.94s 
2025-05-16 14:27:36,202 - Train Loss: 1.1944 | Val Loss: 1.1883 | Test Loss: 1.2208 | Val IC Mean: 0.1575| Test IC Mean: 0.0725 
2025-05-16 14:27:36,206 - Updating learning rate to 9.045084152603522e-05 
2025-05-16 14:27:36,209 - best model saved with test ic : 0.0725 
2025-05-16 14:27:48,777 - 	time_step: 100, epoch: 12 | train_loss: 1.2487823 | cval_loss: 1.1308429 | cval_ic: 0.3155 
2025-05-16 14:28:06,137 - 	time_step: 200, epoch: 12 | train_loss: 1.2067308 | cval_loss: 1.1930580 | cval_ic: 0.1361 
2025-05-16 14:29:05,525 - 	time_step: 300, epoch: 12 | train_loss: 1.2226593 | cval_loss: 1.1978709 | cval_ic: 0.3066 
2025-05-16 14:29:17,511 - 	time_step: 400, epoch: 12 | train_loss: 1.1974641 | cval_loss: 1.2407054 | cval_ic: 0.1311 
2025-05-16 14:29:29,461 - 	time_step: 500, epoch: 12 | train_loss: 1.1854059 | cval_loss: 1.1745576 | cval_ic: 0.2227 
2025-05-16 14:29:41,494 - 	time_step: 600, epoch: 12 | train_loss: 1.2123626 | cval_loss: 1.2413943 | cval_ic: 0.2039 
2025-05-16 14:29:53,961 - 	time_step: 700, epoch: 12 | train_loss: 1.1796823 | cval_loss: 1.1682755 | cval_ic: 0.2490 
2025-05-16 14:30:05,563 - 	time_step: 800, epoch: 12 | train_loss: 1.1995497 | cval_loss: 1.1529517 | cval_ic: 0.2385 
2025-05-16 14:30:16,721 - 	time_step: 900, epoch: 12 | train_loss: 1.2274274 | cval_loss: 1.1853791 | cval_ic: 0.2055 
2025-05-16 14:30:57,263 - 	time_step: 1000, epoch: 12 | train_loss: 1.2244940 | cval_loss: 1.1683680 | cval_ic: 0.2075 
2025-05-16 14:31:08,318 - 	time_step: 1100, epoch: 12 | train_loss: 1.2081993 | cval_loss: 1.2180395 | cval_ic: 0.1477 
2025-05-16 14:31:47,321 - 	time_step: 1200, epoch: 12 | train_loss: 1.1627704 | cval_loss: 1.1711278 | cval_ic: 0.1680 
2025-05-16 14:32:13,136 - 	time_step: 1300, epoch: 12 | train_loss: 1.2333027 | cval_loss: 1.1835146 | cval_ic: 0.1479 
2025-05-16 14:32:34,714 - Epoch: 11 | Time: 298.50s 
2025-05-16 14:32:34,714 - Train Loss: 1.1933 | Val Loss: 1.1865 | Test Loss: 1.2232 | Val IC Mean: 0.1645| Test IC Mean: 0.0760 
2025-05-16 14:32:34,719 - Updating learning rate to 8.852565952111036e-05 
2025-05-16 14:32:34,722 - best model saved with test ic : 0.0760 
2025-05-16 14:32:47,400 - 	time_step: 100, epoch: 13 | train_loss: 1.1789788 | cval_loss: 1.1407781 | cval_ic: 0.1721 
2025-05-16 14:32:58,878 - 	time_step: 200, epoch: 13 | train_loss: 1.1852229 | cval_loss: 1.2615066 | cval_ic: 0.1659 
2025-05-16 14:33:10,464 - 	time_step: 300, epoch: 13 | train_loss: 1.1682048 | cval_loss: 1.1661410 | cval_ic: 0.1531 
2025-05-16 14:33:21,932 - 	time_step: 400, epoch: 13 | train_loss: 1.1800345 | cval_loss: 1.2441671 | cval_ic: 0.1427 
2025-05-16 14:33:33,524 - 	time_step: 500, epoch: 13 | train_loss: 1.1988442 | cval_loss: 1.1752121 | cval_ic: 0.2113 
2025-05-16 14:33:45,109 - 	time_step: 600, epoch: 13 | train_loss: 1.1933182 | cval_loss: 1.1838619 | cval_ic: 0.2126 
2025-05-16 14:33:56,599 - 	time_step: 700, epoch: 13 | train_loss: 1.1131082 | cval_loss: 1.1369872 | cval_ic: 0.2666 
2025-05-16 14:34:08,229 - 	time_step: 800, epoch: 13 | train_loss: 1.2213192 | cval_loss: 1.1946231 | cval_ic: 0.0747 
2025-05-16 14:34:20,024 - 	time_step: 900, epoch: 13 | train_loss: 1.1245220 | cval_loss: 1.1349802 | cval_ic: 0.2316 
2025-05-16 14:34:31,663 - 	time_step: 1000, epoch: 13 | train_loss: 1.2076904 | cval_loss: 1.1882195 | cval_ic: 0.2185 
2025-05-16 14:34:43,167 - 	time_step: 1100, epoch: 13 | train_loss: 1.1858339 | cval_loss: 1.1015017 | cval_ic: 0.2486 
2025-05-16 14:34:54,821 - 	time_step: 1200, epoch: 13 | train_loss: 1.2225828 | cval_loss: 1.2328168 | cval_ic: 0.1503 
2025-05-16 14:35:06,272 - 	time_step: 1300, epoch: 13 | train_loss: 1.1954315 | cval_loss: 1.2032602 | cval_ic: 0.1438 
2025-05-16 14:35:26,721 - Epoch: 12 | Time: 172.00s 
2025-05-16 14:35:26,721 - Train Loss: 1.1921 | Val Loss: 1.1871 | Test Loss: 1.2210 | Val IC Mean: 0.1528| Test IC Mean: 0.0641 
2025-05-16 14:35:26,722 - Updating learning rate to 8.64484318299219e-05 
2025-05-16 14:35:39,328 - 	time_step: 100, epoch: 14 | train_loss: 1.1771026 | cval_loss: 1.2341485 | cval_ic: 0.1345 
2025-05-16 14:35:50,706 - 	time_step: 200, epoch: 14 | train_loss: 1.1957369 | cval_loss: 1.1531684 | cval_ic: 0.1508 
2025-05-16 14:36:02,229 - 	time_step: 300, epoch: 14 | train_loss: 1.1700048 | cval_loss: 1.2464037 | cval_ic: 0.0985 
2025-05-16 14:36:13,749 - 	time_step: 400, epoch: 14 | train_loss: 1.1239684 | cval_loss: 1.1634611 | cval_ic: 0.2522 
2025-05-16 14:36:25,178 - 	time_step: 500, epoch: 14 | train_loss: 1.2426440 | cval_loss: 1.1553122 | cval_ic: 0.1563 
2025-05-16 14:36:36,784 - 	time_step: 600, epoch: 14 | train_loss: 1.1957165 | cval_loss: 1.1959518 | cval_ic: 0.1366 
2025-05-16 14:36:48,183 - 	time_step: 700, epoch: 14 | train_loss: 1.1826768 | cval_loss: 1.2311809 | cval_ic: 0.2294 
2025-05-16 14:36:59,777 - 	time_step: 800, epoch: 14 | train_loss: 1.1515683 | cval_loss: 1.2278829 | cval_ic: 0.1855 
2025-05-16 14:37:11,184 - 	time_step: 900, epoch: 14 | train_loss: 1.1658418 | cval_loss: 1.1670611 | cval_ic: 0.1695 
2025-05-16 14:37:22,698 - 	time_step: 1000, epoch: 14 | train_loss: 1.1273453 | cval_loss: 1.2176470 | cval_ic: 0.1728 
2025-05-16 14:37:34,220 - 	time_step: 1100, epoch: 14 | train_loss: 1.1499338 | cval_loss: 1.1765420 | cval_ic: 0.2083 
2025-05-16 14:37:45,717 - 	time_step: 1200, epoch: 14 | train_loss: 1.2406847 | cval_loss: 1.2561426 | cval_ic: 0.1242 
2025-05-16 14:37:57,473 - 	time_step: 1300, epoch: 14 | train_loss: 1.2519478 | cval_loss: 1.2472770 | cval_ic: 0.1667 
2025-05-16 14:38:17,886 - Epoch: 13 | Time: 171.16s 
2025-05-16 14:38:17,887 - Train Loss: 1.1908 | Val Loss: 1.1859 | Test Loss: 1.2204 | Val IC Mean: 0.1599| Test IC Mean: 0.0687 
2025-05-16 14:38:17,891 - Updating learning rate to 8.422735845670104e-05 
2025-05-16 14:38:30,579 - 	time_step: 100, epoch: 15 | train_loss: 1.2396313 | cval_loss: 1.1338710 | cval_ic: 0.2108 
2025-05-16 14:38:42,100 - 	time_step: 200, epoch: 15 | train_loss: 1.1714121 | cval_loss: 1.1377043 | cval_ic: 0.2044 
2025-05-16 14:38:53,640 - 	time_step: 300, epoch: 15 | train_loss: 1.2325518 | cval_loss: 1.1887324 | cval_ic: 0.2103 
2025-05-16 14:39:05,120 - 	time_step: 400, epoch: 15 | train_loss: 1.1777055 | cval_loss: 1.2409170 | cval_ic: 0.0857 
2025-05-16 14:39:16,695 - 	time_step: 500, epoch: 15 | train_loss: 1.2122909 | cval_loss: 1.2190994 | cval_ic: 0.1421 
2025-05-16 14:39:28,067 - 	time_step: 600, epoch: 15 | train_loss: 1.1636894 | cval_loss: 1.2022257 | cval_ic: 0.1604 
2025-05-16 14:39:39,530 - 	time_step: 700, epoch: 15 | train_loss: 1.2162695 | cval_loss: 1.2278496 | cval_ic: 0.1388 
2025-05-16 14:39:51,106 - 	time_step: 800, epoch: 15 | train_loss: 1.2452037 | cval_loss: 1.2020854 | cval_ic: 0.1208 
2025-05-16 14:40:02,546 - 	time_step: 900, epoch: 15 | train_loss: 1.2645315 | cval_loss: 1.1757630 | cval_ic: 0.1192 
2025-05-16 14:40:14,033 - 	time_step: 1000, epoch: 15 | train_loss: 1.1718504 | cval_loss: 1.2358378 | cval_ic: 0.1563 
2025-05-16 14:40:25,533 - 	time_step: 1100, epoch: 15 | train_loss: 1.1573550 | cval_loss: 1.1370611 | cval_ic: 0.3043 
2025-05-16 14:40:36,997 - 	time_step: 1200, epoch: 15 | train_loss: 1.2010615 | cval_loss: 1.2383152 | cval_ic: 0.2195 
2025-05-16 14:40:48,500 - 	time_step: 1300, epoch: 15 | train_loss: 1.3144693 | cval_loss: 1.1336149 | cval_ic: 0.2429 
2025-05-16 14:41:09,169 - Epoch: 14 | Time: 171.28s 
2025-05-16 14:41:09,169 - Train Loss: 1.1895 | Val Loss: 1.1868 | Test Loss: 1.2216 | Val IC Mean: 0.1541| Test IC Mean: 0.0639 
2025-05-16 14:41:09,169 - Updating learning rate to 8.187119965441525e-05 
2025-05-16 14:41:21,854 - 	time_step: 100, epoch: 16 | train_loss: 1.1435101 | cval_loss: 1.1712148 | cval_ic: 0.1465 
2025-05-16 14:41:33,285 - 	time_step: 200, epoch: 16 | train_loss: 1.1263272 | cval_loss: 1.2098613 | cval_ic: 0.1704 
2025-05-16 14:41:44,720 - 	time_step: 300, epoch: 16 | train_loss: 1.1790270 | cval_loss: 1.2327853 | cval_ic: 0.1010 
2025-05-16 14:41:56,251 - 	time_step: 400, epoch: 16 | train_loss: 1.2385342 | cval_loss: 1.1488260 | cval_ic: 0.2360 
2025-05-16 14:42:07,799 - 	time_step: 500, epoch: 16 | train_loss: 1.1815165 | cval_loss: 1.1687926 | cval_ic: 0.1152 
2025-05-16 14:42:19,361 - 	time_step: 600, epoch: 16 | train_loss: 1.1996367 | cval_loss: 1.2484021 | cval_ic: 0.1017 
2025-05-16 14:42:30,862 - 	time_step: 700, epoch: 16 | train_loss: 1.2152404 | cval_loss: 1.1811628 | cval_ic: 0.2336 
2025-05-16 14:42:42,401 - 	time_step: 800, epoch: 16 | train_loss: 1.1074733 | cval_loss: 1.1591748 | cval_ic: 0.1478 
2025-05-16 14:42:53,943 - 	time_step: 900, epoch: 16 | train_loss: 1.1706990 | cval_loss: 1.2220700 | cval_ic: 0.1923 
2025-05-16 14:43:05,493 - 	time_step: 1000, epoch: 16 | train_loss: 1.2393422 | cval_loss: 1.1933044 | cval_ic: 0.2499 
2025-05-16 14:43:16,809 - 	time_step: 1100, epoch: 16 | train_loss: 1.1761223 | cval_loss: 1.2352765 | cval_ic: 0.1116 
2025-05-16 14:43:28,246 - 	time_step: 1200, epoch: 16 | train_loss: 1.1680803 | cval_loss: 1.2105896 | cval_ic: 0.1498 
2025-05-16 14:43:39,883 - 	time_step: 1300, epoch: 16 | train_loss: 1.1882792 | cval_loss: 1.2123659 | cval_ic: 0.1522 
2025-05-16 14:44:00,357 - Epoch: 15 | Time: 171.19s 
2025-05-16 14:44:00,358 - Train Loss: 1.1884 | Val Loss: 1.1898 | Test Loss: 1.2208 | Val IC Mean: 0.1415| Test IC Mean: 0.0586 
2025-05-16 14:44:00,358 - Updating learning rate to 7.938926137285307e-05 
2025-05-16 14:44:12,945 - 	time_step: 100, epoch: 17 | train_loss: 1.1936624 | cval_loss: 1.1905121 | cval_ic: 0.2373 
2025-05-16 14:44:24,445 - 	time_step: 200, epoch: 17 | train_loss: 1.1760099 | cval_loss: 1.1765504 | cval_ic: 0.1809 
2025-05-16 14:44:35,911 - 	time_step: 300, epoch: 17 | train_loss: 1.1894332 | cval_loss: 1.2139006 | cval_ic: 0.2062 
2025-05-16 14:44:47,251 - 	time_step: 400, epoch: 17 | train_loss: 1.1374547 | cval_loss: 1.1997643 | cval_ic: 0.1650 
2025-05-16 14:44:58,568 - 	time_step: 500, epoch: 17 | train_loss: 1.2036963 | cval_loss: 1.2406019 | cval_ic: 0.0900 
2025-05-16 14:45:09,942 - 	time_step: 600, epoch: 17 | train_loss: 1.2094029 | cval_loss: 1.1680138 | cval_ic: 0.2288 
2025-05-16 14:45:21,429 - 	time_step: 700, epoch: 17 | train_loss: 1.2332574 | cval_loss: 1.1690674 | cval_ic: 0.1479 
2025-05-16 14:45:32,776 - 	time_step: 800, epoch: 17 | train_loss: 1.2142425 | cval_loss: 1.2028708 | cval_ic: 0.1068 
2025-05-16 14:45:44,430 - 	time_step: 900, epoch: 17 | train_loss: 1.1842051 | cval_loss: 1.2088920 | cval_ic: 0.1451 
2025-05-16 14:45:55,903 - 	time_step: 1000, epoch: 17 | train_loss: 1.1990125 | cval_loss: 1.1395268 | cval_ic: 0.2272 
2025-05-16 14:46:07,281 - 	time_step: 1100, epoch: 17 | train_loss: 1.1985145 | cval_loss: 1.1730167 | cval_ic: 0.1859 
2025-05-16 14:46:18,723 - 	time_step: 1200, epoch: 17 | train_loss: 1.2276032 | cval_loss: 1.2490206 | cval_ic: 0.1133 
2025-05-16 14:46:30,248 - 	time_step: 1300, epoch: 17 | train_loss: 1.1862938 | cval_loss: 1.2475865 | cval_ic: 0.1244 
2025-05-16 14:46:50,952 - Epoch: 16 | Time: 170.59s 
2025-05-16 14:46:50,953 - Train Loss: 1.1871 | Val Loss: 1.1844 | Test Loss: 1.2203 | Val IC Mean: 0.1669| Test IC Mean: 0.0777 
2025-05-16 14:46:50,957 - Updating learning rate to 7.679132977500558e-05 
2025-05-16 14:46:50,960 - best model saved with test ic : 0.0777 
2025-05-16 14:47:03,563 - 	time_step: 100, epoch: 18 | train_loss: 1.1356761 | cval_loss: 1.2030547 | cval_ic: 0.2200 
2025-05-16 14:47:15,148 - 	time_step: 200, epoch: 18 | train_loss: 1.1502464 | cval_loss: 1.1815577 | cval_ic: 0.1962 
2025-05-16 14:47:26,514 - 	time_step: 300, epoch: 18 | train_loss: 1.1787639 | cval_loss: 1.1818498 | cval_ic: 0.2197 
2025-05-16 14:47:38,343 - 	time_step: 400, epoch: 18 | train_loss: 1.2179494 | cval_loss: 1.2015094 | cval_ic: 0.1975 
2025-05-16 14:47:54,867 - 	time_step: 500, epoch: 18 | train_loss: 1.1653171 | cval_loss: 1.1755252 | cval_ic: 0.1460 
2025-05-16 14:48:07,300 - 	time_step: 600, epoch: 18 | train_loss: 1.1763487 | cval_loss: 1.1407605 | cval_ic: 0.2223 
2025-05-16 14:48:19,229 - 	time_step: 700, epoch: 18 | train_loss: 1.2134324 | cval_loss: 1.1534598 | cval_ic: 0.2857 
2025-05-16 14:48:32,855 - 	time_step: 800, epoch: 18 | train_loss: 1.2607722 | cval_loss: 1.1673030 | cval_ic: 0.1315 
2025-05-16 14:48:46,701 - 	time_step: 900, epoch: 18 | train_loss: 1.2302358 | cval_loss: 1.1387466 | cval_ic: 0.1108 
2025-05-16 14:48:58,771 - 	time_step: 1000, epoch: 18 | train_loss: 1.2078309 | cval_loss: 1.2300059 | cval_ic: 0.1350 
2025-05-16 14:49:10,383 - 	time_step: 1100, epoch: 18 | train_loss: 1.1922036 | cval_loss: 1.1430830 | cval_ic: 0.2862 
2025-05-16 14:49:21,964 - 	time_step: 1200, epoch: 18 | train_loss: 1.1961787 | cval_loss: 1.1314604 | cval_ic: 0.2714 
2025-05-16 14:49:33,438 - 	time_step: 1300, epoch: 18 | train_loss: 1.1935691 | cval_loss: 1.1829531 | cval_ic: 0.1918 
2025-05-16 14:49:54,310 - Epoch: 17 | Time: 183.35s 
2025-05-16 14:49:54,310 - Train Loss: 1.1860 | Val Loss: 1.1903 | Test Loss: 1.2230 | Val IC Mean: 0.1406| Test IC Mean: 0.0591 
2025-05-16 14:49:54,310 - Updating learning rate to 7.408768578898162e-05 
2025-05-16 14:50:07,084 - 	time_step: 100, epoch: 19 | train_loss: 1.1994355 | cval_loss: 1.1406229 | cval_ic: 0.2176 
2025-05-16 14:50:18,610 - 	time_step: 200, epoch: 19 | train_loss: 1.1551967 | cval_loss: 1.2509452 | cval_ic: 0.1868 
2025-05-16 14:50:30,287 - 	time_step: 300, epoch: 19 | train_loss: 1.1702030 | cval_loss: 1.2163848 | cval_ic: 0.1806 
2025-05-16 14:50:41,751 - 	time_step: 400, epoch: 19 | train_loss: 1.1703513 | cval_loss: 1.2172613 | cval_ic: 0.1881 
2025-05-16 14:50:53,228 - 	time_step: 500, epoch: 19 | train_loss: 1.1487329 | cval_loss: 1.2187585 | cval_ic: 0.2116 
2025-05-16 14:51:04,562 - 	time_step: 600, epoch: 19 | train_loss: 1.1862575 | cval_loss: 1.1881162 | cval_ic: 0.1376 
2025-05-16 14:51:19,826 - 	time_step: 700, epoch: 19 | train_loss: 1.1961021 | cval_loss: 1.1613311 | cval_ic: 0.2219 
2025-05-16 14:51:38,168 - 	time_step: 800, epoch: 19 | train_loss: 1.1669438 | cval_loss: 1.1540306 | cval_ic: 0.2546 
2025-05-16 14:51:56,504 - 	time_step: 900, epoch: 19 | train_loss: 1.2103003 | cval_loss: 1.2216617 | cval_ic: 0.0739 
2025-05-16 14:52:14,912 - 	time_step: 1000, epoch: 19 | train_loss: 1.2225333 | cval_loss: 1.1693505 | cval_ic: 0.2556 
2025-05-16 14:52:32,202 - 	time_step: 1100, epoch: 19 | train_loss: 1.1701642 | cval_loss: 1.1701314 | cval_ic: 0.2059 
2025-05-16 14:52:43,886 - 	time_step: 1200, epoch: 19 | train_loss: 1.1745858 | cval_loss: 1.2064717 | cval_ic: 0.1588 
2025-05-16 14:52:55,562 - 	time_step: 1300, epoch: 19 | train_loss: 1.1606770 | cval_loss: 1.2211891 | cval_ic: 0.2072 
2025-05-16 14:53:16,709 - Epoch: 18 | Time: 202.40s 
2025-05-16 14:53:16,710 - Train Loss: 1.1850 | Val Loss: 1.1874 | Test Loss: 1.2226 | Val IC Mean: 0.1490| Test IC Mean: 0.0616 
2025-05-16 14:53:16,710 - Updating learning rate to 7.128896686481312e-05 
2025-05-16 14:53:29,778 - 	time_step: 100, epoch: 20 | train_loss: 1.1796218 | cval_loss: 1.2448329 | cval_ic: 0.0921 
2025-05-16 14:53:41,380 - 	time_step: 200, epoch: 20 | train_loss: 1.1487567 | cval_loss: 1.2162708 | cval_ic: 0.1849 
2025-05-16 14:53:52,935 - 	time_step: 300, epoch: 20 | train_loss: 1.1999608 | cval_loss: 1.1204669 | cval_ic: 0.2528 
2025-05-16 14:54:04,670 - 	time_step: 400, epoch: 20 | train_loss: 1.2006931 | cval_loss: 1.1735544 | cval_ic: 0.1979 
2025-05-16 14:54:16,214 - 	time_step: 500, epoch: 20 | train_loss: 1.2094573 | cval_loss: 1.1970853 | cval_ic: 0.2027 
2025-05-16 14:54:27,794 - 	time_step: 600, epoch: 20 | train_loss: 1.2417411 | cval_loss: 1.2496963 | cval_ic: 0.1533 
2025-05-16 14:54:38,984 - 	time_step: 700, epoch: 20 | train_loss: 1.2164624 | cval_loss: 1.2196791 | cval_ic: 0.1693 
2025-05-16 14:54:50,163 - 	time_step: 800, epoch: 20 | train_loss: 1.1621799 | cval_loss: 1.2291831 | cval_ic: 0.1404 
2025-05-16 14:55:01,266 - 	time_step: 900, epoch: 20 | train_loss: 1.1833434 | cval_loss: 1.1617175 | cval_ic: 0.2187 
2025-05-16 14:55:12,238 - 	time_step: 1000, epoch: 20 | train_loss: 1.1932998 | cval_loss: 1.1339893 | cval_ic: 0.2606 
2025-05-16 14:55:23,171 - 	time_step: 1100, epoch: 20 | train_loss: 1.1137838 | cval_loss: 1.2441702 | cval_ic: 0.0281 
2025-05-16 14:55:34,250 - 	time_step: 1200, epoch: 20 | train_loss: 1.2345377 | cval_loss: 1.2345122 | cval_ic: 0.1386 
2025-05-16 14:55:45,288 - 	time_step: 1300, epoch: 20 | train_loss: 1.1962194 | cval_loss: 1.2528851 | cval_ic: 0.1069 
2025-05-16 14:56:05,603 - Epoch: 19 | Time: 168.89s 
2025-05-16 14:56:05,603 - Train Loss: 1.1838 | Val Loss: 1.1862 | Test Loss: 1.2257 | Val IC Mean: 0.1681| Test IC Mean: 0.0807 
2025-05-16 14:56:05,603 - Updating learning rate to 6.840622518211603e-05 
2025-05-16 14:56:05,607 - best model saved with test ic : 0.0807 
2025-05-16 14:56:18,326 - 	time_step: 100, epoch: 21 | train_loss: 1.1559300 | cval_loss: 1.1537956 | cval_ic: 0.2072 
2025-05-16 14:56:29,275 - 	time_step: 200, epoch: 21 | train_loss: 1.2076354 | cval_loss: 1.2019579 | cval_ic: 0.2267 
2025-05-16 14:56:39,837 - 	time_step: 300, epoch: 21 | train_loss: 1.1646436 | cval_loss: 1.1271989 | cval_ic: 0.2044 
2025-05-16 14:56:50,273 - 	time_step: 400, epoch: 21 | train_loss: 1.1933970 | cval_loss: 1.1345091 | cval_ic: 0.2131 
2025-05-16 14:57:00,615 - 	time_step: 500, epoch: 21 | train_loss: 1.1961001 | cval_loss: 1.1621683 | cval_ic: 0.2303 
2025-05-16 14:57:12,078 - 	time_step: 600, epoch: 21 | train_loss: 1.1591548 | cval_loss: 1.1720544 | cval_ic: 0.2430 
2025-05-16 14:57:23,557 - 	time_step: 700, epoch: 21 | train_loss: 1.1777488 | cval_loss: 1.1238530 | cval_ic: 0.2280 
2025-05-16 14:57:34,502 - 	time_step: 800, epoch: 21 | train_loss: 1.2083405 | cval_loss: 1.2436172 | cval_ic: 0.1376 
2025-05-16 14:57:45,897 - 	time_step: 900, epoch: 21 | train_loss: 1.2133522 | cval_loss: 1.1905317 | cval_ic: 0.2090 
2025-05-16 14:57:57,376 - 	time_step: 1000, epoch: 21 | train_loss: 1.1214987 | cval_loss: 1.1985880 | cval_ic: 0.1949 
2025-05-16 14:58:07,974 - 	time_step: 1100, epoch: 21 | train_loss: 1.1949711 | cval_loss: 1.1493134 | cval_ic: 0.2699 
2025-05-16 14:58:18,662 - 	time_step: 1200, epoch: 21 | train_loss: 1.0867249 | cval_loss: 1.2080262 | cval_ic: 0.0848 
2025-05-16 14:58:29,318 - 	time_step: 1300, epoch: 21 | train_loss: 1.1891495 | cval_loss: 1.1353412 | cval_ic: 0.3040 
2025-05-16 14:58:48,935 - Epoch: 20 | Time: 163.33s 
2025-05-16 14:58:48,935 - Train Loss: 1.1829 | Val Loss: 1.1863 | Test Loss: 1.2229 | Val IC Mean: 0.1622| Test IC Mean: 0.0780 
2025-05-16 14:58:48,935 - Updating learning rate to 6.545084761455655e-05 
2025-05-16 14:59:01,572 - 	time_step: 100, epoch: 22 | train_loss: 1.1930734 | cval_loss: 1.2300998 | cval_ic: 0.1401 
2025-05-16 14:59:12,457 - 	time_step: 200, epoch: 22 | train_loss: 1.2002435 | cval_loss: 1.2611581 | cval_ic: 0.1455 
2025-05-16 14:59:24,257 - 	time_step: 300, epoch: 22 | train_loss: 1.1970079 | cval_loss: 1.1460987 | cval_ic: 0.2146 
2025-05-16 14:59:36,612 - 	time_step: 400, epoch: 22 | train_loss: 1.2128391 | cval_loss: 1.1047390 | cval_ic: 0.2404 
2025-05-16 14:59:48,725 - 	time_step: 500, epoch: 22 | train_loss: 1.2118626 | cval_loss: 1.2668982 | cval_ic: 0.1387 
2025-05-16 15:00:00,624 - 	time_step: 600, epoch: 22 | train_loss: 1.2285190 | cval_loss: 1.1779953 | cval_ic: 0.2466 
2025-05-16 15:00:12,277 - 	time_step: 700, epoch: 22 | train_loss: 1.2138922 | cval_loss: 1.2240198 | cval_ic: 0.1133 
2025-05-16 15:00:23,879 - 	time_step: 800, epoch: 22 | train_loss: 1.2477751 | cval_loss: 1.1675577 | cval_ic: 0.1750 
2025-05-16 15:00:35,201 - 	time_step: 900, epoch: 22 | train_loss: 1.2083086 | cval_loss: 1.0490407 | cval_ic: 0.3392 
2025-05-16 15:00:46,660 - 	time_step: 1000, epoch: 22 | train_loss: 1.1542422 | cval_loss: 1.1879447 | cval_ic: 0.2003 
2025-05-16 15:00:58,390 - 	time_step: 1100, epoch: 22 | train_loss: 1.1167812 | cval_loss: 1.2337124 | cval_ic: 0.1579 
2025-05-16 15:01:10,125 - 	time_step: 1200, epoch: 22 | train_loss: 1.2116892 | cval_loss: 1.2448586 | cval_ic: 0.1066 
2025-05-16 15:01:22,318 - 	time_step: 1300, epoch: 22 | train_loss: 1.1502153 | cval_loss: 1.1963495 | cval_ic: 0.0998 
2025-05-16 15:01:48,408 - Epoch: 21 | Time: 179.47s 
2025-05-16 15:01:48,408 - Train Loss: 1.1816 | Val Loss: 1.1856 | Test Loss: 1.2223 | Val IC Mean: 0.1635| Test IC Mean: 0.0759 
2025-05-16 15:01:48,409 - -----------Early stopping---------- 
2025-05-16 15:01:48,415 - last model saved with test ic : 0.0759 
2025-05-16 15:02:04,526 - GRU final model test IC: 0.0759 
2025-05-16 15:02:04,526 - GRU pred_arr shape:(242, 3873) 
2025-05-16 15:06:05,346 - LightGBM test IC: 0.0719 
2025-05-16 15:06:46,502 - xgBoost test IC: 0.0719 
2025-05-16 15:12:36,126 - catBoost test IC: 0.0733 
2025-05-16 15:12:36,130 - gbdt_pred_arr shape:(242, 3873) 
2025-05-16 18:33:06,431 - Config loaded: {'task_name': 'Jin_2022_2023', 'train_model': 'rollingtrain', 'time_period': '2022-2023', 'factor_name': 'DrJin129', 'device': 'cuda:1', 'model_type': 'AttGRU', 'input_dim': 129, 'window_size': 30, 'hidden_dim': 256, 'num_layers': 3, 'output_dim': 1, 'dropout': 0.0, 'num_heads': 4, 'seq_len': 32, 'enc_in': 312, 'dec_in': 312, 'c_out': 312, 'down_sampling_layers': 2, 'down_sampling_window': 2, 'e_layers': 2, 'down_sampling_method': 'avg', 'decomp_method': 'moving_avg', 'moving_avg': 25, 'pred_len': 1, 'd_ff': 32, 'use_norm': 0, 'learning_rate': 0.0001, 'shuffle_time': True, 'early_stop_patience': 5, 'train_epochs': 50, 'num_val_windows': 100, 'val_sample_mode': 'random', 'loss': 'MHMSE', 'pct_start': 0.2, 'lradj': 'TST', 'exp_path': '/home/hongkou/TimeSeries/exp/Jin_2022_2023_new', 'cross_train': False, 'Ding128_alb_inner_path': '/home/USB_DRIVE3/data_CX/chenx/data_warehouse/Ding_factors/align_with_label/', 'Ding128_alb_outer_path': '/home/USB_DRIVE3/data_CX/chenx/data_warehouse/Ding_factors/factors_outer/align_with_label/', 'Ding128_amc_inner_path': '/home/USB_DRIVE3/data_CX/chenx/data_warehouse/Ding_factors/align_with_mktcap/', 'Ding128_amc_outer_path': '/home/USB_DRIVE3/data_CX/chenx/data_warehouse/Ding_factors/factors_outer/align_with_mktcap/', 'Ding128_label_path': '/home/hongkou/chenx/data_warehouse/labels/', 'CY312_factor_path': '/home/hongkou/chenx/data_warehouse/CY_1430_factors/factors', 'CY312_label_path': '/home/hongkou/chenx/data_warehouse/CY_1430_factors/labels', 'CY312_rollinglbl_align_path': '/home/hongkou/chenx/data_warehouse/CY_1430_factors/r_label_align_factor', 'CY312_rollinglabel_path': '/home/hongkou/chenx/data_warehouse/CY_1430_factors/r_label', 'CY312_rollingmkt_align_path': '/home/hongkou/chenx/data_warehouse/CY_1430_factors/r_market_align_factor', 'DrJin129_hal_factor_path': '/home/USB_DRIVE3/data_CX/chenx/data_warehouse/DrJin_factors/factors/', 'DrJin129_all_factor_path': '/home/USB_DRIVE3/data_CX/chenx/data_warehouse/DrJin_factors/allday_factors/', 'DrJin129_label_path': '/home/USB_DRIVE3/data_CX/chenx/data_warehouse/DrJin_factors/labels/', 'DrJin129_rollinglbl_align_path': '/home/USB_DRIVE3/data_CX/chenx/data_warehouse/DrJin_factors_new/r_label_align_factor/', 'DrJin129_rollinglabel_path': '/home/USB_DRIVE3/data_CX/chenx/data_warehouse/DrJin_factors_new/r_label/', 'DrJin129_rollingmkt_align_path': '/home/USB_DRIVE3/data_CX/chenx/data_warehouse/DrJin_factors_new/r_market_align_factor/', 'min5_factor_path': '/home/hongkou/chenx/data_warehouse/5min_factors/factors/', 'min5_label_path': '/home/hongkou/chenx/data_warehouse/5min_factors/lables/'} 
2025-05-16 18:33:06,431 - Using device: cuda:1 
2025-05-16 18:33:06,461 - Using model: AttGRU 
2025-05-16 18:33:06,461 - Using criterion: mse_reg_mh(
  (mh): multihead_loss()
) 
2025-05-16 18:33:20,329 - 	time_step: 100, epoch: 1 | train_loss: 1.2343820 | cval_loss: 1.2544694 | cval_ic: 0.0086 
2025-05-16 18:33:31,319 - 	time_step: 200, epoch: 1 | train_loss: 1.1921356 | cval_loss: 1.1964580 | cval_ic: 0.1021 
2025-05-16 18:33:42,428 - 	time_step: 300, epoch: 1 | train_loss: 1.2040503 | cval_loss: 1.1923316 | cval_ic: 0.0203 
2025-05-16 18:33:53,594 - 	time_step: 400, epoch: 1 | train_loss: 1.2503711 | cval_loss: 1.2638482 | cval_ic: -0.0164 
2025-05-16 18:34:04,840 - 	time_step: 500, epoch: 1 | train_loss: 1.2493633 | cval_loss: 1.1690800 | cval_ic: 0.0476 
2025-05-16 18:34:16,000 - 	time_step: 600, epoch: 1 | train_loss: 1.2448956 | cval_loss: 1.2286788 | cval_ic: -0.0092 
2025-05-16 18:34:27,327 - 	time_step: 700, epoch: 1 | train_loss: 1.1770741 | cval_loss: 1.2571688 | cval_ic: 0.0505 
2025-05-16 18:34:38,597 - 	time_step: 800, epoch: 1 | train_loss: 1.2087686 | cval_loss: 1.2173809 | cval_ic: 0.0369 
2025-05-16 18:34:49,858 - 	time_step: 900, epoch: 1 | train_loss: 1.2321614 | cval_loss: 1.2528517 | cval_ic: 0.0349 
2025-05-16 18:35:01,076 - 	time_step: 1000, epoch: 1 | train_loss: 1.2351418 | cval_loss: 1.2427045 | cval_ic: 0.0147 
2025-05-16 18:35:12,330 - 	time_step: 1100, epoch: 1 | train_loss: 1.2420162 | cval_loss: 1.2650025 | cval_ic: -0.0184 
2025-05-16 18:35:23,703 - 	time_step: 1200, epoch: 1 | train_loss: 1.2554667 | cval_loss: 1.2405726 | cval_ic: 0.0688 
2025-05-16 18:35:34,876 - 	time_step: 1300, epoch: 1 | train_loss: 1.1885372 | cval_loss: 1.2074444 | cval_ic: -0.0189 
2025-05-16 18:35:54,910 - Epoch: 0 | Time: 167.57s 
2025-05-16 18:35:54,910 - Train Loss: 1.2235 | Val Loss: 1.2140 | Test Loss: 1.2205 | Val IC Mean: 0.0361| Test IC Mean: 0.0134 
2025-05-16 18:35:54,919 - Updating learning rate to 6.349637359523154e-06 
2025-05-16 18:35:54,927 - best model saved with test ic : 0.0134 
2025-05-16 18:36:07,189 - 	time_step: 100, epoch: 2 | train_loss: 1.2285489 | cval_loss: 1.1914425 | cval_ic: 0.0252 
2025-05-16 18:36:18,445 - 	time_step: 200, epoch: 2 | train_loss: 1.2111069 | cval_loss: 1.1955247 | cval_ic: 0.2043 
2025-05-16 18:36:29,690 - 	time_step: 300, epoch: 2 | train_loss: 1.1507521 | cval_loss: 1.1945771 | cval_ic: 0.1450 
2025-05-16 18:36:40,716 - 	time_step: 400, epoch: 2 | train_loss: 1.2351390 | cval_loss: 1.2837869 | cval_ic: 0.0454 
2025-05-16 18:36:51,980 - 	time_step: 500, epoch: 2 | train_loss: 1.1689992 | cval_loss: 1.2463562 | cval_ic: 0.0586 
2025-05-16 18:37:03,194 - 	time_step: 600, epoch: 2 | train_loss: 1.2442660 | cval_loss: 1.2281209 | cval_ic: 0.0399 
2025-05-16 18:37:14,449 - 	time_step: 700, epoch: 2 | train_loss: 1.2253201 | cval_loss: 1.2242583 | cval_ic: 0.1264 
2025-05-16 18:37:25,606 - 	time_step: 800, epoch: 2 | train_loss: 1.1212573 | cval_loss: 1.2079549 | cval_ic: 0.1178 
2025-05-16 18:37:36,955 - 	time_step: 900, epoch: 2 | train_loss: 1.2624971 | cval_loss: 1.2450635 | cval_ic: 0.1473 
2025-05-16 18:37:48,245 - 	time_step: 1000, epoch: 2 | train_loss: 1.2278686 | cval_loss: 1.1321217 | cval_ic: 0.1098 
2025-05-16 18:37:59,411 - 	time_step: 1100, epoch: 2 | train_loss: 1.2116804 | cval_loss: 1.1584518 | cval_ic: 0.0607 
2025-05-16 18:38:10,606 - 	time_step: 1200, epoch: 2 | train_loss: 1.2041219 | cval_loss: 1.2222286 | cval_ic: 0.0410 
2025-05-16 18:38:21,687 - 	time_step: 1300, epoch: 2 | train_loss: 1.2464819 | cval_loss: 1.2584237 | cval_ic: -0.0050 
2025-05-16 18:38:41,359 - Epoch: 1 | Time: 166.43s 
2025-05-16 18:38:41,359 - Train Loss: 1.2206 | Val Loss: 1.2113 | Test Loss: 1.2206 | Val IC Mean: 0.0647| Test IC Mean: 0.0303 
2025-05-16 18:38:41,367 - Updating learning rate to 1.3168516283039872e-05 
2025-05-16 18:38:41,376 - best model saved with test ic : 0.0303 
2025-05-16 18:38:53,653 - 	time_step: 100, epoch: 3 | train_loss: 1.2012137 | cval_loss: 1.2226330 | cval_ic: 0.0596 
2025-05-16 18:39:04,828 - 	time_step: 200, epoch: 3 | train_loss: 1.2173584 | cval_loss: 1.1890037 | cval_ic: 0.2394 
2025-05-16 18:39:16,003 - 	time_step: 300, epoch: 3 | train_loss: 1.2346604 | cval_loss: 1.2314438 | cval_ic: 0.1502 
2025-05-16 18:39:27,257 - 	time_step: 400, epoch: 3 | train_loss: 1.1483779 | cval_loss: 1.2212604 | cval_ic: 0.0265 
2025-05-16 18:39:38,551 - 	time_step: 500, epoch: 3 | train_loss: 1.2177655 | cval_loss: 1.2682828 | cval_ic: 0.0526 
2025-05-16 18:39:49,803 - 	time_step: 600, epoch: 3 | train_loss: 1.2185392 | cval_loss: 1.1895874 | cval_ic: -0.0070 
2025-05-16 18:40:01,057 - 	time_step: 700, epoch: 3 | train_loss: 1.1777079 | cval_loss: 1.2286783 | cval_ic: 0.1176 
2025-05-16 18:40:12,230 - 	time_step: 800, epoch: 3 | train_loss: 1.1749454 | cval_loss: 1.2290140 | cval_ic: 0.1010 
2025-05-16 18:40:23,412 - 	time_step: 900, epoch: 3 | train_loss: 1.1786706 | cval_loss: 1.2102476 | cval_ic: 0.0928 
2025-05-16 18:40:34,643 - 	time_step: 1000, epoch: 3 | train_loss: 1.2356222 | cval_loss: 1.2109601 | cval_ic: 0.1571 
2025-05-16 18:40:45,757 - 	time_step: 1100, epoch: 3 | train_loss: 1.2390769 | cval_loss: 1.1489180 | cval_ic: 0.1178 
2025-05-16 18:40:57,000 - 	time_step: 1200, epoch: 3 | train_loss: 1.2665974 | cval_loss: 1.2172838 | cval_ic: 0.0642 
2025-05-16 18:41:08,352 - 	time_step: 1300, epoch: 3 | train_loss: 1.1778411 | cval_loss: 1.2543750 | cval_ic: 0.1118 
2025-05-16 18:41:28,385 - Epoch: 2 | Time: 167.01s 
2025-05-16 18:41:28,385 - Train Loss: 1.2174 | Val Loss: 1.2081 | Test Loss: 1.2206 | Val IC Mean: 0.0763| Test IC Mean: 0.0319 
2025-05-16 18:41:28,394 - Updating learning rate to 2.3789057909351778e-05 
2025-05-16 18:41:28,401 - best model saved with test ic : 0.0319 
2025-05-16 18:41:40,727 - 	time_step: 100, epoch: 4 | train_loss: 1.1822220 | cval_loss: 1.1963552 | cval_ic: 0.1582 
2025-05-16 18:41:51,902 - 	time_step: 200, epoch: 4 | train_loss: 1.2436672 | cval_loss: 1.1553963 | cval_ic: 0.2447 
2025-05-16 18:42:03,137 - 	time_step: 300, epoch: 4 | train_loss: 1.2316455 | cval_loss: 1.2431132 | cval_ic: 0.1189 
2025-05-16 18:42:14,408 - 	time_step: 400, epoch: 4 | train_loss: 1.1602732 | cval_loss: 1.2307912 | cval_ic: 0.0506 
2025-05-16 18:42:25,514 - 	time_step: 500, epoch: 4 | train_loss: 1.2001463 | cval_loss: 1.2490290 | cval_ic: 0.1628 
2025-05-16 18:42:36,784 - 	time_step: 600, epoch: 4 | train_loss: 1.2470998 | cval_loss: 1.2275634 | cval_ic: -0.0341 
2025-05-16 18:42:47,857 - 	time_step: 700, epoch: 4 | train_loss: 1.1846303 | cval_loss: 1.1960920 | cval_ic: 0.0817 
2025-05-16 18:42:59,012 - 	time_step: 800, epoch: 4 | train_loss: 1.2198632 | cval_loss: 1.2309735 | cval_ic: 0.1472 
2025-05-16 18:43:09,980 - 	time_step: 900, epoch: 4 | train_loss: 1.2127255 | cval_loss: 1.2161911 | cval_ic: -0.0065 
2025-05-16 18:43:21,075 - 	time_step: 1000, epoch: 4 | train_loss: 1.2072977 | cval_loss: 1.1844510 | cval_ic: 0.0254 
2025-05-16 18:43:32,174 - 	time_step: 1100, epoch: 4 | train_loss: 1.2124492 | cval_loss: 1.2373464 | cval_ic: 0.0757 
2025-05-16 18:43:43,532 - 	time_step: 1200, epoch: 4 | train_loss: 1.2219336 | cval_loss: 1.1822729 | cval_ic: 0.2185 
2025-05-16 18:43:54,756 - 	time_step: 1300, epoch: 4 | train_loss: 1.2447264 | cval_loss: 1.2201351 | cval_ic: -0.0081 
2025-05-16 18:44:14,557 - Epoch: 3 | Time: 166.16s 
2025-05-16 18:44:14,558 - Train Loss: 1.2136 | Val Loss: 1.2023 | Test Loss: 1.2199 | Val IC Mean: 0.1188| Test IC Mean: 0.0529 
2025-05-16 18:44:14,566 - Updating learning rate to 3.7171494680810854e-05 
2025-05-16 18:44:14,574 - best model saved with test ic : 0.0529 
2025-05-16 18:44:26,966 - 	time_step: 100, epoch: 5 | train_loss: 1.1729145 | cval_loss: 1.2226195 | cval_ic: 0.0445 
2025-05-16 18:44:38,144 - 	time_step: 200, epoch: 5 | train_loss: 1.2287197 | cval_loss: 1.1262602 | cval_ic: 0.0635 
2025-05-16 18:44:49,632 - 	time_step: 300, epoch: 5 | train_loss: 1.2198690 | cval_loss: 1.2133474 | cval_ic: 0.1498 
2025-05-16 18:45:00,675 - 	time_step: 400, epoch: 5 | train_loss: 1.1782473 | cval_loss: 1.2266477 | cval_ic: 0.1307 
2025-05-16 18:45:11,844 - 	time_step: 500, epoch: 5 | train_loss: 1.2719896 | cval_loss: 1.1920177 | cval_ic: 0.0660 
2025-05-16 18:45:23,161 - 	time_step: 600, epoch: 5 | train_loss: 1.2413015 | cval_loss: 1.2104111 | cval_ic: 0.1506 
2025-05-16 18:45:34,449 - 	time_step: 700, epoch: 5 | train_loss: 1.2318032 | cval_loss: 1.2278177 | cval_ic: 0.0504 
2025-05-16 18:45:45,665 - 	time_step: 800, epoch: 5 | train_loss: 1.2160320 | cval_loss: 1.2186669 | cval_ic: 0.0778 
2025-05-16 18:45:56,799 - 	time_step: 900, epoch: 5 | train_loss: 1.2470590 | cval_loss: 1.1894146 | cval_ic: 0.1789 
2025-05-16 18:46:07,974 - 	time_step: 1000, epoch: 5 | train_loss: 1.1617458 | cval_loss: 1.1738930 | cval_ic: 0.1609 
2025-05-16 18:46:19,236 - 	time_step: 1100, epoch: 5 | train_loss: 1.1823039 | cval_loss: 1.1912459 | cval_ic: 0.1617 
2025-05-16 18:46:30,447 - 	time_step: 1200, epoch: 5 | train_loss: 1.2557769 | cval_loss: 1.2640713 | cval_ic: 0.0504 
2025-05-16 18:46:41,669 - 	time_step: 1300, epoch: 5 | train_loss: 1.2300425 | cval_loss: 1.2125367 | cval_ic: 0.0784 
2025-05-16 18:47:01,528 - Epoch: 4 | Time: 166.95s 
2025-05-16 18:47:01,529 - Train Loss: 1.2105 | Val Loss: 1.1990 | Test Loss: 1.2203 | Val IC Mean: 0.1219| Test IC Mean: 0.0504 
2025-05-16 18:47:01,537 - Updating learning rate to 5.200566520576385e-05 
2025-05-16 18:47:13,810 - 	time_step: 100, epoch: 6 | train_loss: 1.2425438 | cval_loss: 1.1591562 | cval_ic: 0.1821 
2025-05-16 18:47:24,997 - 	time_step: 200, epoch: 6 | train_loss: 1.2184715 | cval_loss: 1.2751880 | cval_ic: 0.0905 
2025-05-16 18:47:36,172 - 	time_step: 300, epoch: 6 | train_loss: 1.2243899 | cval_loss: 1.2082431 | cval_ic: 0.0941 
2025-05-16 18:47:47,242 - 	time_step: 400, epoch: 6 | train_loss: 1.2533394 | cval_loss: 1.2148539 | cval_ic: 0.0377 
2025-05-16 18:47:58,416 - 	time_step: 500, epoch: 6 | train_loss: 1.2176821 | cval_loss: 1.2085247 | cval_ic: 0.0418 
2025-05-16 18:48:09,640 - 	time_step: 600, epoch: 6 | train_loss: 1.1284580 | cval_loss: 1.2237298 | cval_ic: 0.2060 
2025-05-16 18:48:20,801 - 	time_step: 700, epoch: 6 | train_loss: 1.2493782 | cval_loss: 1.1837910 | cval_ic: 0.2374 
2025-05-16 18:48:31,869 - 	time_step: 800, epoch: 6 | train_loss: 1.2245388 | cval_loss: 1.2765694 | cval_ic: 0.0944 
2025-05-16 18:48:43,082 - 	time_step: 900, epoch: 6 | train_loss: 1.1823975 | cval_loss: 1.2468281 | cval_ic: 0.1271 
2025-05-16 18:48:54,217 - 	time_step: 1000, epoch: 6 | train_loss: 1.1843629 | cval_loss: 1.2215065 | cval_ic: 0.1355 
2025-05-16 18:49:05,418 - 	time_step: 1100, epoch: 6 | train_loss: 1.1926743 | cval_loss: 1.2315941 | cval_ic: 0.0139 
2025-05-16 18:49:16,660 - 	time_step: 1200, epoch: 6 | train_loss: 1.2670319 | cval_loss: 1.2035676 | cval_ic: 0.1570 
2025-05-16 18:49:27,965 - 	time_step: 1300, epoch: 6 | train_loss: 1.1652602 | cval_loss: 1.2165841 | cval_ic: 0.1717 
2025-05-16 18:49:47,868 - Epoch: 5 | Time: 166.33s 
2025-05-16 18:49:47,869 - Train Loss: 1.2082 | Val Loss: 1.1989 | Test Loss: 1.2222 | Val IC Mean: 0.1222| Test IC Mean: 0.0481 
2025-05-16 18:49:47,877 - Updating learning rate to 6.683928109825387e-05 
2025-05-16 18:50:00,339 - 	time_step: 100, epoch: 7 | train_loss: 1.1401480 | cval_loss: 1.1932577 | cval_ic: 0.0202 
2025-05-16 18:50:11,464 - 	time_step: 200, epoch: 7 | train_loss: 1.2161098 | cval_loss: 1.2109787 | cval_ic: 0.2012 
2025-05-16 18:50:22,665 - 	time_step: 300, epoch: 7 | train_loss: 1.1823944 | cval_loss: 1.1704812 | cval_ic: 0.1182 
2025-05-16 18:50:33,945 - 	time_step: 400, epoch: 7 | train_loss: 1.1964747 | cval_loss: 1.2719738 | cval_ic: 0.0914 
2025-05-16 18:50:45,145 - 	time_step: 500, epoch: 7 | train_loss: 1.1762716 | cval_loss: 1.1711130 | cval_ic: 0.2460 
2025-05-16 18:50:56,439 - 	time_step: 600, epoch: 7 | train_loss: 1.2606186 | cval_loss: 1.1909661 | cval_ic: 0.0888 
2025-05-16 18:51:07,701 - 	time_step: 700, epoch: 7 | train_loss: 1.2541553 | cval_loss: 1.2156036 | cval_ic: 0.0857 
2025-05-16 18:51:18,840 - 	time_step: 800, epoch: 7 | train_loss: 1.2642469 | cval_loss: 1.1947823 | cval_ic: 0.0969 
2025-05-16 18:51:29,971 - 	time_step: 900, epoch: 7 | train_loss: 1.1564330 | cval_loss: 1.2005091 | cval_ic: 0.1587 
2025-05-16 18:51:41,153 - 	time_step: 1000, epoch: 7 | train_loss: 1.2264572 | cval_loss: 1.1630110 | cval_ic: 0.2110 
2025-05-16 18:51:52,235 - 	time_step: 1100, epoch: 7 | train_loss: 1.2046376 | cval_loss: 1.1261281 | cval_ic: 0.1657 
2025-05-16 18:52:03,412 - 	time_step: 1200, epoch: 7 | train_loss: 1.1591434 | cval_loss: 1.2303911 | cval_ic: 0.1839 
2025-05-16 18:52:14,666 - 	time_step: 1300, epoch: 7 | train_loss: 1.1837580 | cval_loss: 1.1894162 | cval_ic: 0.1372 
2025-05-16 18:52:34,241 - Epoch: 6 | Time: 166.36s 
2025-05-16 18:52:34,241 - Train Loss: 1.2064 | Val Loss: 1.1983 | Test Loss: 1.2286 | Val IC Mean: 0.1461| Test IC Mean: 0.0700 
2025-05-16 18:52:34,250 - Updating learning rate to 8.02201082717054e-05 
2025-05-16 18:52:34,258 - best model saved with test ic : 0.0700 
2025-05-16 18:52:46,389 - 	time_step: 100, epoch: 8 | train_loss: 1.2200774 | cval_loss: 1.1648043 | cval_ic: 0.1698 
2025-05-16 18:52:57,425 - 	time_step: 200, epoch: 8 | train_loss: 1.2050420 | cval_loss: 1.2173389 | cval_ic: 0.2086 
2025-05-16 18:53:08,407 - 	time_step: 300, epoch: 8 | train_loss: 1.2401532 | cval_loss: 1.2115605 | cval_ic: 0.0001 
2025-05-16 18:53:19,476 - 	time_step: 400, epoch: 8 | train_loss: 1.2213391 | cval_loss: 1.1667277 | cval_ic: 0.0464 
2025-05-16 18:53:30,822 - 	time_step: 500, epoch: 8 | train_loss: 1.2726691 | cval_loss: 1.2033172 | cval_ic: 0.0187 
2025-05-16 18:53:41,848 - 	time_step: 600, epoch: 8 | train_loss: 1.1787874 | cval_loss: 1.1938504 | cval_ic: 0.1273 
2025-05-16 18:53:52,991 - 	time_step: 700, epoch: 8 | train_loss: 1.1735516 | cval_loss: 1.2318933 | cval_ic: 0.1403 
2025-05-16 18:54:04,061 - 	time_step: 800, epoch: 8 | train_loss: 1.2065634 | cval_loss: 1.1535295 | cval_ic: 0.2130 
2025-05-16 18:54:15,231 - 	time_step: 900, epoch: 8 | train_loss: 1.1546125 | cval_loss: 1.2410376 | cval_ic: 0.1634 
2025-05-16 18:54:26,301 - 	time_step: 1000, epoch: 8 | train_loss: 1.1787283 | cval_loss: 1.1688603 | cval_ic: 0.1870 
2025-05-16 18:54:37,282 - 	time_step: 1100, epoch: 8 | train_loss: 1.2154592 | cval_loss: 1.2215343 | cval_ic: 0.2068 
2025-05-16 18:54:48,394 - 	time_step: 1200, epoch: 8 | train_loss: 1.1753612 | cval_loss: 1.2181156 | cval_ic: 0.1933 
2025-05-16 18:54:59,584 - 	time_step: 1300, epoch: 8 | train_loss: 1.2575564 | cval_loss: 1.1953567 | cval_ic: 0.0981 
2025-05-16 18:55:19,094 - Epoch: 7 | Time: 164.84s 
2025-05-16 18:55:19,094 - Train Loss: 1.2047 | Val Loss: 1.1932 | Test Loss: 1.2218 | Val IC Mean: 0.1464| Test IC Mean: 0.0669 
2025-05-16 18:55:19,102 - Updating learning rate to 9.08381429166158e-05 
2025-05-16 18:55:31,398 - 	time_step: 100, epoch: 9 | train_loss: 1.1829749 | cval_loss: 1.2723997 | cval_ic: 0.0971 
2025-05-16 18:55:42,388 - 	time_step: 200, epoch: 9 | train_loss: 1.2082456 | cval_loss: 1.1881828 | cval_ic: 0.1721 
2025-05-16 18:55:53,339 - 	time_step: 300, epoch: 9 | train_loss: 1.1894246 | cval_loss: 1.1874193 | cval_ic: 0.0697 
2025-05-16 18:56:04,318 - 	time_step: 400, epoch: 9 | train_loss: 1.1913621 | cval_loss: 1.1260688 | cval_ic: 0.1900 
2025-05-16 18:56:15,216 - 	time_step: 500, epoch: 9 | train_loss: 1.2685643 | cval_loss: 1.2093581 | cval_ic: 0.0738 
2025-05-16 18:56:26,159 - 	time_step: 600, epoch: 9 | train_loss: 1.1934314 | cval_loss: 1.1956942 | cval_ic: 0.1551 
2025-05-16 18:56:37,199 - 	time_step: 700, epoch: 9 | train_loss: 1.2209613 | cval_loss: 1.1833998 | cval_ic: 0.2040 
2025-05-16 18:56:48,260 - 	time_step: 800, epoch: 9 | train_loss: 1.2295630 | cval_loss: 1.1955601 | cval_ic: 0.1788 
2025-05-16 18:56:59,317 - 	time_step: 900, epoch: 9 | train_loss: 1.2389606 | cval_loss: 1.2172894 | cval_ic: 0.1000 
2025-05-16 18:57:10,519 - 	time_step: 1000, epoch: 9 | train_loss: 1.1290822 | cval_loss: 1.2136008 | cval_ic: 0.1813 
2025-05-16 18:57:21,865 - 	time_step: 1100, epoch: 9 | train_loss: 1.1990856 | cval_loss: 1.2184006 | cval_ic: 0.1123 
2025-05-16 18:57:33,090 - 	time_step: 1200, epoch: 9 | train_loss: 1.2564909 | cval_loss: 1.2344344 | cval_ic: 0.1081 
2025-05-16 18:57:44,255 - 	time_step: 1300, epoch: 9 | train_loss: 1.2200372 | cval_loss: 1.1790687 | cval_ic: 0.2050 
2025-05-16 18:58:04,121 - Epoch: 8 | Time: 165.02s 
2025-05-16 18:58:04,122 - Train Loss: 1.2026 | Val Loss: 1.1912 | Test Loss: 1.2218 | Val IC Mean: 0.1472| Test IC Mean: 0.0583 
2025-05-16 18:58:04,130 - Updating learning rate to 9.765386291271865e-05 
2025-05-16 18:58:16,232 - 	time_step: 100, epoch: 10 | train_loss: 1.2357103 | cval_loss: 1.1886405 | cval_ic: 0.0899 
2025-05-16 18:58:27,299 - 	time_step: 200, epoch: 10 | train_loss: 1.1986558 | cval_loss: 1.1579053 | cval_ic: 0.1144 
2025-05-16 18:58:38,387 - 	time_step: 300, epoch: 10 | train_loss: 1.1917087 | cval_loss: 1.2176170 | cval_ic: 0.1473 
2025-05-16 18:58:49,371 - 	time_step: 400, epoch: 10 | train_loss: 1.1724128 | cval_loss: 1.1574796 | cval_ic: 0.2378 
2025-05-16 18:59:00,409 - 	time_step: 500, epoch: 10 | train_loss: 1.1804525 | cval_loss: 1.1883518 | cval_ic: 0.1728 
2025-05-16 18:59:11,367 - 	time_step: 600, epoch: 10 | train_loss: 1.2189039 | cval_loss: 1.1670209 | cval_ic: 0.0549 
2025-05-16 18:59:22,436 - 	time_step: 700, epoch: 10 | train_loss: 1.1254228 | cval_loss: 1.2900774 | cval_ic: 0.0570 
2025-05-16 18:59:33,297 - 	time_step: 800, epoch: 10 | train_loss: 1.2370161 | cval_loss: 1.2197514 | cval_ic: 0.0999 
2025-05-16 18:59:44,312 - 	time_step: 900, epoch: 10 | train_loss: 1.2243100 | cval_loss: 1.1707647 | cval_ic: 0.2285 
2025-05-16 18:59:55,542 - 	time_step: 1000, epoch: 10 | train_loss: 1.1793298 | cval_loss: 1.1464133 | cval_ic: 0.2165 
2025-05-16 19:00:06,743 - 	time_step: 1100, epoch: 10 | train_loss: 1.2252353 | cval_loss: 1.2127193 | cval_ic: 0.1800 
2025-05-16 19:00:17,857 - 	time_step: 1200, epoch: 10 | train_loss: 1.2204059 | cval_loss: 1.2309161 | cval_ic: 0.1317 
2025-05-16 19:00:28,897 - 	time_step: 1300, epoch: 10 | train_loss: 1.2363981 | cval_loss: 1.1920826 | cval_ic: 0.1632 
2025-05-16 19:00:48,600 - Epoch: 9 | Time: 164.47s 
2025-05-16 19:00:48,600 - Train Loss: 1.2009 | Val Loss: 1.1897 | Test Loss: 1.2195 | Val IC Mean: 0.1504| Test IC Mean: 0.0630 
2025-05-16 19:00:48,608 - Updating learning rate to 9.999999991295139e-05 
2025-05-16 19:01:00,871 - 	time_step: 100, epoch: 11 | train_loss: 1.2041756 | cval_loss: 1.2144737 | cval_ic: 0.0613 
2025-05-16 19:01:11,872 - 	time_step: 200, epoch: 11 | train_loss: 1.2317053 | cval_loss: 1.1954017 | cval_ic: 0.0220 
2025-05-16 19:01:23,069 - 	time_step: 300, epoch: 11 | train_loss: 1.1531473 | cval_loss: 1.1875594 | cval_ic: 0.2401 
2025-05-16 19:01:34,015 - 	time_step: 400, epoch: 11 | train_loss: 1.2174371 | cval_loss: 1.2579879 | cval_ic: 0.1307 
2025-05-16 19:01:45,083 - 	time_step: 500, epoch: 11 | train_loss: 1.1639180 | cval_loss: 1.1231365 | cval_ic: 0.2984 
2025-05-16 19:01:56,116 - 	time_step: 600, epoch: 11 | train_loss: 1.2138122 | cval_loss: 1.1578283 | cval_ic: 0.1900 
2025-05-16 19:02:07,115 - 	time_step: 700, epoch: 11 | train_loss: 1.1634475 | cval_loss: 1.2096555 | cval_ic: 0.1614 
2025-05-16 19:02:18,265 - 	time_step: 800, epoch: 11 | train_loss: 1.2231138 | cval_loss: 1.2576793 | cval_ic: 0.0945 
2025-05-16 19:02:29,271 - 	time_step: 900, epoch: 11 | train_loss: 1.2040023 | cval_loss: 1.2645353 | cval_ic: 0.1068 
2025-05-16 19:02:40,384 - 	time_step: 1000, epoch: 11 | train_loss: 1.1371964 | cval_loss: 1.2383256 | cval_ic: 0.1369 
2025-05-16 19:02:51,497 - 	time_step: 1100, epoch: 11 | train_loss: 1.1809492 | cval_loss: 1.1710672 | cval_ic: 0.1676 
2025-05-16 19:03:02,523 - 	time_step: 1200, epoch: 11 | train_loss: 1.2942458 | cval_loss: 1.2178930 | cval_ic: 0.0414 
2025-05-16 19:03:13,421 - 	time_step: 1300, epoch: 11 | train_loss: 1.2506930 | cval_loss: 1.1745322 | cval_ic: 0.2092 
2025-05-16 19:03:32,890 - Epoch: 10 | Time: 164.28s 
2025-05-16 19:03:32,890 - Train Loss: 1.1985 | Val Loss: 1.1929 | Test Loss: 1.2236 | Val IC Mean: 0.1394| Test IC Mean: 0.0588 
2025-05-16 19:03:32,890 - Updating learning rate to 9.984563573112327e-05 
2025-05-16 19:03:45,134 - 	time_step: 100, epoch: 12 | train_loss: 1.1956680 | cval_loss: 1.1623330 | cval_ic: 0.1974 
2025-05-16 19:03:56,216 - 	time_step: 200, epoch: 12 | train_loss: 1.1963053 | cval_loss: 1.0909572 | cval_ic: 0.2513 
2025-05-16 19:04:07,218 - 	time_step: 300, epoch: 12 | train_loss: 1.2182388 | cval_loss: 1.2152562 | cval_ic: 0.0764 
2025-05-16 19:04:18,281 - 	time_step: 400, epoch: 12 | train_loss: 1.1385744 | cval_loss: 1.1953446 | cval_ic: 0.1546 
2025-05-16 19:04:29,212 - 	time_step: 500, epoch: 12 | train_loss: 1.1509888 | cval_loss: 1.1869065 | cval_ic: 0.0848 
2025-05-16 19:04:40,371 - 	time_step: 600, epoch: 12 | train_loss: 1.2437499 | cval_loss: 1.2620039 | cval_ic: 0.0622 
2025-05-16 19:04:51,352 - 	time_step: 700, epoch: 12 | train_loss: 1.1807295 | cval_loss: 1.1956016 | cval_ic: 0.2269 
2025-05-16 19:05:02,315 - 	time_step: 800, epoch: 12 | train_loss: 1.1651005 | cval_loss: 1.1487890 | cval_ic: 0.2164 
2025-05-16 19:05:13,402 - 	time_step: 900, epoch: 12 | train_loss: 1.0806091 | cval_loss: 1.2374759 | cval_ic: 0.0676 
2025-05-16 19:05:24,520 - 	time_step: 1000, epoch: 12 | train_loss: 1.2404106 | cval_loss: 1.2058980 | cval_ic: 0.2061 
2025-05-16 19:05:35,700 - 	time_step: 1100, epoch: 12 | train_loss: 1.1437620 | cval_loss: 1.1244692 | cval_ic: 0.2065 
2025-05-16 19:05:46,778 - 	time_step: 1200, epoch: 12 | train_loss: 1.2417997 | cval_loss: 1.1875923 | cval_ic: 0.0924 
2025-05-16 19:05:58,003 - 	time_step: 1300, epoch: 12 | train_loss: 1.2078300 | cval_loss: 1.2339752 | cval_ic: 0.0602 
2025-05-16 19:06:17,488 - Epoch: 11 | Time: 164.60s 
2025-05-16 19:06:17,488 - Train Loss: 1.1966 | Val Loss: 1.1921 | Test Loss: 1.2188 | Val IC Mean: 0.1345| Test IC Mean: 0.0525 
2025-05-16 19:06:17,488 - Updating learning rate to 9.93839578627234e-05 
2025-05-16 19:06:29,643 - 	time_step: 100, epoch: 13 | train_loss: 1.2666636 | cval_loss: 1.1786318 | cval_ic: 0.2411 
2025-05-16 19:06:40,752 - 	time_step: 200, epoch: 13 | train_loss: 1.2001988 | cval_loss: 1.1650771 | cval_ic: 0.0708 
2025-05-16 19:06:51,779 - 	time_step: 300, epoch: 13 | train_loss: 1.2022836 | cval_loss: 1.1563451 | cval_ic: 0.1999 
2025-05-16 19:07:02,718 - 	time_step: 400, epoch: 13 | train_loss: 1.2103666 | cval_loss: 1.2281414 | cval_ic: 0.1916 
2025-05-16 19:07:13,694 - 	time_step: 500, epoch: 13 | train_loss: 1.2393768 | cval_loss: 1.1660044 | cval_ic: 0.1493 
2025-05-16 19:07:24,797 - 	time_step: 600, epoch: 13 | train_loss: 1.2363575 | cval_loss: 1.1335849 | cval_ic: 0.2196 
2025-05-16 19:07:35,898 - 	time_step: 700, epoch: 13 | train_loss: 1.1522372 | cval_loss: 1.2350935 | cval_ic: 0.1360 
2025-05-16 19:07:47,093 - 	time_step: 800, epoch: 13 | train_loss: 1.2129717 | cval_loss: 1.1892923 | cval_ic: 0.1117 
2025-05-16 19:07:58,099 - 	time_step: 900, epoch: 13 | train_loss: 1.1843667 | cval_loss: 1.2378819 | cval_ic: 0.2047 
2025-05-16 19:08:09,123 - 	time_step: 1000, epoch: 13 | train_loss: 1.1873003 | cval_loss: 1.1822730 | cval_ic: 0.1962 
2025-05-16 19:08:20,081 - 	time_step: 1100, epoch: 13 | train_loss: 1.2003000 | cval_loss: 1.1812383 | cval_ic: 0.1889 
2025-05-16 19:08:31,135 - 	time_step: 1200, epoch: 13 | train_loss: 1.2027742 | cval_loss: 1.1131260 | cval_ic: 0.1493 
2025-05-16 19:08:42,186 - 	time_step: 1300, epoch: 13 | train_loss: 1.1826162 | cval_loss: 1.1999127 | cval_ic: 0.1868 
2025-05-16 19:09:02,027 - Epoch: 12 | Time: 164.54s 
2025-05-16 19:09:02,027 - Train Loss: 1.1943 | Val Loss: 1.1861 | Test Loss: 1.2226 | Val IC Mean: 0.1621| Test IC Mean: 0.0738 
2025-05-16 19:09:02,036 - Updating learning rate to 9.861781270533393e-05 
2025-05-16 19:09:02,043 - best model saved with test ic : 0.0738 
2025-05-16 19:09:14,303 - 	time_step: 100, epoch: 14 | train_loss: 1.2750283 | cval_loss: 1.1893708 | cval_ic: 0.1557 
2025-05-16 19:09:25,440 - 	time_step: 200, epoch: 14 | train_loss: 1.1859398 | cval_loss: 1.2087306 | cval_ic: 0.2119 
2025-05-16 19:09:36,498 - 	time_step: 300, epoch: 14 | train_loss: 1.1508213 | cval_loss: 1.1739380 | cval_ic: 0.2173 
2025-05-16 19:09:47,624 - 	time_step: 400, epoch: 14 | train_loss: 1.1266813 | cval_loss: 1.2173138 | cval_ic: 0.1263 
2025-05-16 19:09:58,703 - 	time_step: 500, epoch: 14 | train_loss: 1.1767087 | cval_loss: 1.1648378 | cval_ic: 0.2080 
2025-05-16 19:10:09,759 - 	time_step: 600, epoch: 14 | train_loss: 1.2369871 | cval_loss: 1.1533365 | cval_ic: 0.2113 
2025-05-16 19:10:20,906 - 	time_step: 700, epoch: 14 | train_loss: 1.2121745 | cval_loss: 1.1683189 | cval_ic: 0.1974 
2025-05-16 19:10:31,989 - 	time_step: 800, epoch: 14 | train_loss: 1.1952449 | cval_loss: 1.1779879 | cval_ic: 0.2081 
2025-05-16 19:10:43,140 - 	time_step: 900, epoch: 14 | train_loss: 1.1856197 | cval_loss: 1.1532524 | cval_ic: 0.1924 
2025-05-16 19:10:54,229 - 	time_step: 1000, epoch: 14 | train_loss: 1.1980569 | cval_loss: 1.1959155 | cval_ic: 0.2174 
2025-05-16 19:11:05,251 - 	time_step: 1100, epoch: 14 | train_loss: 1.1906600 | cval_loss: 1.1917527 | cval_ic: 0.2214 
2025-05-16 19:11:16,273 - 	time_step: 1200, epoch: 14 | train_loss: 1.2004112 | cval_loss: 1.1757357 | cval_ic: 0.2048 
2025-05-16 19:11:27,298 - 	time_step: 1300, epoch: 14 | train_loss: 1.1847416 | cval_loss: 1.1525413 | cval_ic: 0.1164 
2025-05-16 19:11:46,777 - Epoch: 13 | Time: 164.73s 
2025-05-16 19:11:46,777 - Train Loss: 1.1917 | Val Loss: 1.1865 | Test Loss: 1.2228 | Val IC Mean: 0.1608| Test IC Mean: 0.0707 
2025-05-16 19:11:46,777 - Updating learning rate to 9.755192379861932e-05 
2025-05-16 19:11:59,008 - 	time_step: 100, epoch: 15 | train_loss: 1.2446413 | cval_loss: 1.2095804 | cval_ic: 0.1008 
2025-05-16 19:12:10,138 - 	time_step: 200, epoch: 15 | train_loss: 1.2254043 | cval_loss: 1.1462009 | cval_ic: 0.1898 
2025-05-16 19:12:21,113 - 	time_step: 300, epoch: 15 | train_loss: 1.2543542 | cval_loss: 1.1977143 | cval_ic: 0.0741 
2025-05-16 19:12:32,151 - 	time_step: 400, epoch: 15 | train_loss: 1.2790197 | cval_loss: 1.2427444 | cval_ic: -0.0005 
2025-05-16 19:12:43,093 - 	time_step: 500, epoch: 15 | train_loss: 1.1302382 | cval_loss: 1.1818157 | cval_ic: 0.1897 
2025-05-16 19:12:54,013 - 	time_step: 600, epoch: 15 | train_loss: 1.1050594 | cval_loss: 1.1829720 | cval_ic: 0.2277 
2025-05-16 19:13:05,025 - 	time_step: 700, epoch: 15 | train_loss: 1.2157098 | cval_loss: 1.1176785 | cval_ic: 0.2847 
2025-05-16 19:13:16,271 - 	time_step: 800, epoch: 15 | train_loss: 1.1883035 | cval_loss: 1.1250288 | cval_ic: 0.1751 
2025-05-16 19:13:27,348 - 	time_step: 900, epoch: 15 | train_loss: 1.1816102 | cval_loss: 1.2428831 | cval_ic: 0.1071 
2025-05-16 19:13:38,631 - 	time_step: 1000, epoch: 15 | train_loss: 1.1929008 | cval_loss: 1.2205615 | cval_ic: 0.1782 
2025-05-16 19:13:49,718 - 	time_step: 1100, epoch: 15 | train_loss: 1.1532745 | cval_loss: 1.2072833 | cval_ic: 0.0652 
2025-05-16 19:14:00,839 - 	time_step: 1200, epoch: 15 | train_loss: 1.1298066 | cval_loss: 1.1504848 | cval_ic: 0.2115 
2025-05-16 19:14:11,909 - 	time_step: 1300, epoch: 15 | train_loss: 1.1513833 | cval_loss: 1.1657641 | cval_ic: 0.2098 
2025-05-16 19:14:31,538 - Epoch: 14 | Time: 164.76s 
2025-05-16 19:14:31,539 - Train Loss: 1.1903 | Val Loss: 1.1860 | Test Loss: 1.2231 | Val IC Mean: 0.1623| Test IC Mean: 0.0734 
2025-05-16 19:14:31,547 - Updating learning rate to 9.619286270213346e-05 
2025-05-16 19:14:43,663 - 	time_step: 100, epoch: 16 | train_loss: 1.2076933 | cval_loss: 1.2599754 | cval_ic: 0.1116 
2025-05-16 19:14:54,681 - 	time_step: 200, epoch: 16 | train_loss: 1.1964278 | cval_loss: 1.1740515 | cval_ic: 0.2095 
2025-05-16 19:15:05,636 - 	time_step: 300, epoch: 16 | train_loss: 1.2301493 | cval_loss: 1.1882148 | cval_ic: 0.2622 
2025-05-16 19:15:16,667 - 	time_step: 400, epoch: 16 | train_loss: 1.1561071 | cval_loss: 1.2240915 | cval_ic: 0.1183 
2025-05-16 19:15:27,698 - 	time_step: 500, epoch: 16 | train_loss: 1.0936632 | cval_loss: 1.2813559 | cval_ic: 0.1373 
2025-05-16 19:15:38,739 - 	time_step: 600, epoch: 16 | train_loss: 1.2126185 | cval_loss: 1.1523479 | cval_ic: 0.2065 
2025-05-16 19:15:49,705 - 	time_step: 700, epoch: 16 | train_loss: 1.2455624 | cval_loss: 1.2079813 | cval_ic: 0.1271 
2025-05-16 19:16:01,033 - 	time_step: 800, epoch: 16 | train_loss: 1.1354129 | cval_loss: 1.2087774 | cval_ic: 0.0696 
2025-05-16 19:16:12,353 - 	time_step: 900, epoch: 16 | train_loss: 1.1929371 | cval_loss: 1.2005081 | cval_ic: 0.1826 
2025-05-16 19:16:23,557 - 	time_step: 1000, epoch: 16 | train_loss: 1.1452774 | cval_loss: 1.1940293 | cval_ic: 0.2365 
2025-05-16 19:16:34,870 - 	time_step: 1100, epoch: 16 | train_loss: 1.2432656 | cval_loss: 1.1877462 | cval_ic: 0.1183 
2025-05-16 19:16:46,058 - 	time_step: 1200, epoch: 16 | train_loss: 1.1451879 | cval_loss: 1.2095475 | cval_ic: 0.1522 
2025-05-16 19:16:57,156 - 	time_step: 1300, epoch: 16 | train_loss: 1.1681557 | cval_loss: 1.1738460 | cval_ic: 0.2012 
2025-05-16 19:17:16,838 - Epoch: 15 | Time: 165.29s 
2025-05-16 19:17:16,838 - Train Loss: 1.1879 | Val Loss: 1.1842 | Test Loss: 1.2214 | Val IC Mean: 0.1645| Test IC Mean: 0.0734 
2025-05-16 19:17:16,846 - Updating learning rate to 9.454900847946989e-05 
2025-05-16 19:17:28,987 - 	time_step: 100, epoch: 17 | train_loss: 1.1946048 | cval_loss: 1.1756756 | cval_ic: 0.1615 
2025-05-16 19:17:40,078 - 	time_step: 200, epoch: 17 | train_loss: 1.2049857 | cval_loss: 1.1442752 | cval_ic: 0.2256 
2025-05-16 19:17:51,320 - 	time_step: 300, epoch: 17 | train_loss: 1.2018031 | cval_loss: 1.2390411 | cval_ic: 0.1666 
2025-05-16 19:18:02,408 - 	time_step: 400, epoch: 17 | train_loss: 1.1411456 | cval_loss: 1.1453369 | cval_ic: 0.1915 
2025-05-16 19:18:13,347 - 	time_step: 500, epoch: 17 | train_loss: 1.1801225 | cval_loss: 1.1571161 | cval_ic: 0.2293 
2025-05-16 19:18:24,488 - 	time_step: 600, epoch: 17 | train_loss: 1.1489357 | cval_loss: 1.1254094 | cval_ic: 0.2132 
2025-05-16 19:18:35,696 - 	time_step: 700, epoch: 17 | train_loss: 1.1372161 | cval_loss: 1.1368340 | cval_ic: 0.2342 
2025-05-16 19:18:46,857 - 	time_step: 800, epoch: 17 | train_loss: 1.1588744 | cval_loss: 1.1968309 | cval_ic: 0.1113 
2025-05-16 19:18:58,045 - 	time_step: 900, epoch: 17 | train_loss: 1.1523371 | cval_loss: 1.1261133 | cval_ic: 0.2934 
2025-05-16 19:19:09,152 - 	time_step: 1000, epoch: 17 | train_loss: 1.1656511 | cval_loss: 1.1231205 | cval_ic: 0.1611 
2025-05-16 19:19:20,205 - 	time_step: 1100, epoch: 17 | train_loss: 1.1505107 | cval_loss: 1.2503147 | cval_ic: 0.0897 
2025-05-16 19:19:31,262 - 	time_step: 1200, epoch: 17 | train_loss: 1.1615064 | cval_loss: 1.2366889 | cval_ic: 0.1412 
2025-05-16 19:19:42,430 - 	time_step: 1300, epoch: 17 | train_loss: 1.2133951 | cval_loss: 1.1984942 | cval_ic: 0.1596 
2025-05-16 19:20:01,912 - Epoch: 16 | Time: 165.07s 
2025-05-16 19:20:01,912 - Train Loss: 1.1857 | Val Loss: 1.1891 | Test Loss: 1.2222 | Val IC Mean: 0.1441| Test IC Mean: 0.0582 
2025-05-16 19:20:01,912 - Updating learning rate to 9.26304960385483e-05 
2025-05-16 19:20:14,230 - 	time_step: 100, epoch: 18 | train_loss: 1.1650988 | cval_loss: 1.2364062 | cval_ic: 0.1772 
2025-05-16 19:20:25,241 - 	time_step: 200, epoch: 18 | train_loss: 1.1881568 | cval_loss: 1.2109684 | cval_ic: 0.1563 
2025-05-16 19:20:36,280 - 	time_step: 300, epoch: 18 | train_loss: 1.1619887 | cval_loss: 1.1669633 | cval_ic: 0.1553 
2025-05-16 19:20:47,234 - 	time_step: 400, epoch: 18 | train_loss: 1.1712698 | cval_loss: 1.1942478 | cval_ic: 0.1957 
2025-05-16 19:20:58,268 - 	time_step: 500, epoch: 18 | train_loss: 1.1612117 | cval_loss: 1.2445447 | cval_ic: 0.1863 
2025-05-16 19:21:09,351 - 	time_step: 600, epoch: 18 | train_loss: 1.1747409 | cval_loss: 1.1252695 | cval_ic: 0.2236 
2025-05-16 19:21:20,411 - 	time_step: 700, epoch: 18 | train_loss: 1.1876318 | cval_loss: 1.1868412 | cval_ic: 0.1847 
2025-05-16 19:21:31,422 - 	time_step: 800, epoch: 18 | train_loss: 1.1778650 | cval_loss: 1.2147940 | cval_ic: 0.1500 
2025-05-16 19:21:42,469 - 	time_step: 900, epoch: 18 | train_loss: 1.1503729 | cval_loss: 1.1881350 | cval_ic: 0.1720 
2025-05-16 19:21:55,650 - 	time_step: 1000, epoch: 18 | train_loss: 1.2128069 | cval_loss: 1.1179106 | cval_ic: 0.2717 
2025-05-16 19:22:07,925 - 	time_step: 1100, epoch: 18 | train_loss: 1.2191323 | cval_loss: 1.1847095 | cval_ic: 0.1851 
2025-05-16 19:22:20,597 - 	time_step: 1200, epoch: 18 | train_loss: 1.2245647 | cval_loss: 1.1768014 | cval_ic: 0.1524 
2025-05-16 19:22:34,362 - 	time_step: 1300, epoch: 18 | train_loss: 1.1989616 | cval_loss: 1.2490350 | cval_ic: 0.0495 
2025-05-16 19:22:55,912 - Epoch: 17 | Time: 174.00s 
2025-05-16 19:22:55,912 - Train Loss: 1.1830 | Val Loss: 1.1896 | Test Loss: 1.2221 | Val IC Mean: 0.1440| Test IC Mean: 0.0608 
2025-05-16 19:22:55,913 - Updating learning rate to 9.04491536465371e-05 
2025-05-16 19:23:08,431 - 	time_step: 100, epoch: 19 | train_loss: 1.2040051 | cval_loss: 1.2652560 | cval_ic: 0.1523 
2025-05-16 19:23:19,588 - 	time_step: 200, epoch: 19 | train_loss: 1.2376974 | cval_loss: 1.1919193 | cval_ic: 0.1310 
2025-05-16 19:23:30,909 - 	time_step: 300, epoch: 19 | train_loss: 1.1733513 | cval_loss: 1.2036054 | cval_ic: 0.1103 
2025-05-16 19:23:42,181 - 	time_step: 400, epoch: 19 | train_loss: 1.1845902 | cval_loss: 1.2327381 | cval_ic: 0.1166 
2025-05-16 19:23:53,368 - 	time_step: 500, epoch: 19 | train_loss: 1.1375560 | cval_loss: 1.1958506 | cval_ic: 0.2231 
2025-05-16 19:24:04,610 - 	time_step: 600, epoch: 19 | train_loss: 1.1805608 | cval_loss: 1.1843822 | cval_ic: 0.1106 
2025-05-16 19:24:15,820 - 	time_step: 700, epoch: 19 | train_loss: 1.1435080 | cval_loss: 1.2429997 | cval_ic: 0.0759 
2025-05-16 19:24:27,010 - 	time_step: 800, epoch: 19 | train_loss: 1.1794572 | cval_loss: 1.1113628 | cval_ic: 0.3059 
2025-05-16 19:24:38,100 - 	time_step: 900, epoch: 19 | train_loss: 1.1958950 | cval_loss: 1.1871363 | cval_ic: 0.1933 
2025-05-16 19:24:49,385 - 	time_step: 1000, epoch: 19 | train_loss: 1.1719786 | cval_loss: 1.2001499 | cval_ic: 0.1445 
2025-05-16 19:25:00,703 - 	time_step: 1100, epoch: 19 | train_loss: 1.1636511 | cval_loss: 1.2614536 | cval_ic: 0.1525 
2025-05-16 19:25:19,698 - 	time_step: 1200, epoch: 19 | train_loss: 1.1799737 | cval_loss: 1.1905048 | cval_ic: 0.0902 
2025-05-16 19:25:38,573 - 	time_step: 1300, epoch: 19 | train_loss: 1.1921428 | cval_loss: 1.1018651 | cval_ic: 0.3085 
2025-05-16 19:26:11,061 - Epoch: 18 | Time: 195.15s 
2025-05-16 19:26:11,061 - Train Loss: 1.1804 | Val Loss: 1.1865 | Test Loss: 1.2218 | Val IC Mean: 0.1570| Test IC Mean: 0.0705 
2025-05-16 19:26:11,061 - Updating learning rate to 8.801843000465302e-05 
2025-05-16 19:26:25,222 - 	time_step: 100, epoch: 20 | train_loss: 1.1880592 | cval_loss: 1.1672237 | cval_ic: 0.1416 
2025-05-16 19:26:36,692 - 	time_step: 200, epoch: 20 | train_loss: 1.1124893 | cval_loss: 1.1016248 | cval_ic: 0.2215 
2025-05-16 19:26:48,178 - 	time_step: 300, epoch: 20 | train_loss: 1.1863068 | cval_loss: 1.1842027 | cval_ic: 0.2196 
2025-05-16 19:26:59,574 - 	time_step: 400, epoch: 20 | train_loss: 1.1369556 | cval_loss: 1.0875715 | cval_ic: 0.3353 
2025-05-16 19:27:10,844 - 	time_step: 500, epoch: 20 | train_loss: 1.1737287 | cval_loss: 1.2330803 | cval_ic: 0.1368 
2025-05-16 19:27:22,188 - 	time_step: 600, epoch: 20 | train_loss: 1.1781427 | cval_loss: 1.2296861 | cval_ic: 0.1556 
2025-05-16 19:27:33,636 - 	time_step: 700, epoch: 20 | train_loss: 1.1738182 | cval_loss: 1.2274437 | cval_ic: 0.0204 
2025-05-16 19:27:44,940 - 	time_step: 800, epoch: 20 | train_loss: 1.1753101 | cval_loss: 1.1896802 | cval_ic: 0.2042 
2025-05-16 19:27:56,358 - 	time_step: 900, epoch: 20 | train_loss: 1.1774571 | cval_loss: 1.1808752 | cval_ic: 0.2319 
2025-05-16 19:28:07,650 - 	time_step: 1000, epoch: 20 | train_loss: 1.2955254 | cval_loss: 1.1478047 | cval_ic: 0.2601 
2025-05-16 19:28:19,203 - 	time_step: 1100, epoch: 20 | train_loss: 1.1285371 | cval_loss: 1.2493473 | cval_ic: 0.2180 
2025-05-16 19:28:30,647 - 	time_step: 1200, epoch: 20 | train_loss: 1.2213714 | cval_loss: 1.1883008 | cval_ic: 0.2443 
2025-05-16 19:28:42,067 - 	time_step: 1300, epoch: 20 | train_loss: 1.1871279 | cval_loss: 1.2100569 | cval_ic: 0.1365 
2025-05-16 19:29:02,289 - Epoch: 19 | Time: 171.23s 
2025-05-16 19:29:02,289 - Train Loss: 1.1777 | Val Loss: 1.1869 | Test Loss: 1.2210 | Val IC Mean: 0.1536| Test IC Mean: 0.0675 
2025-05-16 19:29:02,289 - Updating learning rate to 8.535331133244586e-05 
2025-05-16 19:29:14,658 - 	time_step: 100, epoch: 21 | train_loss: 1.1710057 | cval_loss: 1.1896570 | cval_ic: 0.2486 
2025-05-16 19:29:25,976 - 	time_step: 200, epoch: 21 | train_loss: 1.1462553 | cval_loss: 1.1517180 | cval_ic: 0.2122 
2025-05-16 19:29:37,166 - 	time_step: 300, epoch: 21 | train_loss: 1.1774203 | cval_loss: 1.0538137 | cval_ic: 0.3865 
2025-05-16 19:29:48,457 - 	time_step: 400, epoch: 21 | train_loss: 1.1586639 | cval_loss: 1.1836556 | cval_ic: 0.2326 
2025-05-16 19:29:59,843 - 	time_step: 500, epoch: 21 | train_loss: 1.1479183 | cval_loss: 1.1192007 | cval_ic: 0.1963 
2025-05-16 19:30:11,211 - 	time_step: 600, epoch: 21 | train_loss: 1.1447470 | cval_loss: 1.0806117 | cval_ic: 0.2695 
2025-05-16 19:30:22,509 - 	time_step: 700, epoch: 21 | train_loss: 1.1611228 | cval_loss: 1.1374457 | cval_ic: 0.2775 
2025-05-16 19:30:33,845 - 	time_step: 800, epoch: 21 | train_loss: 1.1868864 | cval_loss: 1.1038265 | cval_ic: 0.3234 
2025-05-16 19:30:45,255 - 	time_step: 900, epoch: 21 | train_loss: 1.1764804 | cval_loss: 1.1902604 | cval_ic: 0.2573 
2025-05-16 19:30:56,615 - 	time_step: 1000, epoch: 21 | train_loss: 1.1786013 | cval_loss: 1.1108249 | cval_ic: 0.1565 
2025-05-16 19:31:07,996 - 	time_step: 1100, epoch: 21 | train_loss: 1.1441246 | cval_loss: 1.2146889 | cval_ic: 0.1853 
2025-05-16 19:31:19,319 - 	time_step: 1200, epoch: 21 | train_loss: 1.0770431 | cval_loss: 1.1586813 | cval_ic: 0.2159 
2025-05-16 19:31:30,637 - 	time_step: 1300, epoch: 21 | train_loss: 1.1282995 | cval_loss: 1.1593621 | cval_ic: 0.2423 
2025-05-16 19:31:50,949 - Epoch: 20 | Time: 168.66s 
2025-05-16 19:31:50,949 - Train Loss: 1.1751 | Val Loss: 1.1874 | Test Loss: 1.2235 | Val IC Mean: 0.1598| Test IC Mean: 0.0771 
2025-05-16 19:31:50,949 - -----------Early stopping---------- 
2025-05-16 19:31:50,958 - last model saved with test ic : 0.0771 
2025-05-16 19:32:04,583 - GRU final model test IC: 0.0771 
2025-05-16 19:32:04,583 - GRU pred_arr shape:(242, 3873) 
2025-05-16 19:32:43,195 - LightGBM test IC: 0.0719 
2025-05-16 19:33:16,132 - xgBoost test IC: 0.0719 
2025-05-16 19:38:06,771 - catBoost test IC: 0.0733 
2025-05-16 19:38:06,777 - gbdt_pred_arr shape:(242, 3873) 
