2025-05-19 09:08:16,607 - Config loaded: {'task_name': 'Jin_2023_2024', 'train_model': 'rollingtrain', 'time_period': '2023-2024', 'factor_name': 'DrJin129', 'device': 'cuda:1', 'model_type': 'AttGRU', 'input_dim': 129, 'window_size': 30, 'hidden_dim': 256, 'num_layers': 3, 'output_dim': 1, 'dropout': 0.0, 'num_heads': 4, 'seq_len': 32, 'enc_in': 312, 'dec_in': 312, 'c_out': 312, 'down_sampling_layers': 2, 'down_sampling_window': 2, 'e_layers': 2, 'down_sampling_method': 'avg', 'decomp_method': 'moving_avg', 'moving_avg': 25, 'pred_len': 1, 'd_ff': 32, 'use_norm': 0, 'learning_rate': 0.0001, 'shuffle_time': True, 'early_stop_patience': 5, 'train_epochs': 50, 'num_val_windows': 300, 'val_sample_mode': 'random', 'loss': 'MHMSE', 'pct_start': 0.2, 'lradj': 'TST', 'exp_path': '/home/hongkou/TimeSeries/exp/Jin_2023_2024_new', 'cross_train': False, 'Ding128_alb_inner_path': '/home/USB_DRIVE3/data_CX/chenx/data_warehouse/Ding_factors/align_with_label/', 'Ding128_alb_outer_path': '/home/USB_DRIVE3/data_CX/chenx/data_warehouse/Ding_factors/factors_outer/align_with_label/', 'Ding128_amc_inner_path': '/home/USB_DRIVE3/data_CX/chenx/data_warehouse/Ding_factors/align_with_mktcap/', 'Ding128_amc_outer_path': '/home/USB_DRIVE3/data_CX/chenx/data_warehouse/Ding_factors/factors_outer/align_with_mktcap/', 'Ding128_label_path': '/home/hongkou/chenx/data_warehouse/labels/', 'CY312_factor_path': '/home/hongkou/chenx/data_warehouse/CY_1430_factors/factors', 'CY312_label_path': '/home/hongkou/chenx/data_warehouse/CY_1430_factors/labels', 'CY312_rollinglbl_align_path': '/home/hongkou/chenx/data_warehouse/CY_1430_factors/r_label_align_factor', 'CY312_rollinglabel_path': '/home/hongkou/chenx/data_warehouse/CY_1430_factors/r_label', 'CY312_rollingmkt_align_path': '/home/hongkou/chenx/data_warehouse/CY_1430_factors/r_market_align_factor', 'DrJin129_hal_factor_path': '/home/USB_DRIVE3/data_CX/chenx/data_warehouse/DrJin_factors/factors/', 'DrJin129_all_factor_path': '/home/USB_DRIVE3/data_CX/chenx/data_warehouse/DrJin_factors/allday_factors/', 'DrJin129_label_path': '/home/USB_DRIVE3/data_CX/chenx/data_warehouse/DrJin_factors/labels/', 'DrJin129_rollinglbl_align_path': '/home/USB_DRIVE3/data_CX/chenx/data_warehouse/DrJin_factors_new/r_label_align_factor/', 'DrJin129_rollinglabel_path': '/home/USB_DRIVE3/data_CX/chenx/data_warehouse/DrJin_factors_new/r_label/', 'DrJin129_rollingmkt_align_path': '/home/USB_DRIVE3/data_CX/chenx/data_warehouse/DrJin_factors_new/r_market_align_factor/', 'min5_factor_path': '/home/hongkou/chenx/data_warehouse/5min_factors/factors/', 'min5_label_path': '/home/hongkou/chenx/data_warehouse/5min_factors/lables/'} 
2025-05-19 09:08:16,608 - Using device: cuda:1 
2025-05-19 09:08:16,640 - Using model: AttGRU 
2025-05-19 09:08:16,641 - Using criterion: mse_reg_mh(
  (mh): multihead_loss()
) 
2025-05-19 09:08:31,558 - 	time_step: 100, epoch: 1 | train_loss: 1.2151064 | cval_loss: 1.2137749 | cval_ic: -0.0387 
2025-05-19 09:08:42,952 - 	time_step: 200, epoch: 1 | train_loss: 1.1948042 | cval_loss: 1.2528586 | cval_ic: 0.0583 
2025-05-19 09:08:54,713 - 	time_step: 300, epoch: 1 | train_loss: 1.1997325 | cval_loss: 1.1913402 | cval_ic: -0.0795 
2025-05-19 09:09:06,476 - 	time_step: 400, epoch: 1 | train_loss: 1.2457116 | cval_loss: 1.2192115 | cval_ic: 0.0121 
2025-05-19 09:09:18,322 - 	time_step: 500, epoch: 1 | train_loss: 1.1735014 | cval_loss: 1.1690929 | cval_ic: 0.0362 
2025-05-19 09:09:30,259 - 	time_step: 600, epoch: 1 | train_loss: 1.2564988 | cval_loss: 1.2328616 | cval_ic: 0.0335 
2025-05-19 09:09:42,126 - 	time_step: 700, epoch: 1 | train_loss: 1.2034973 | cval_loss: 1.1757295 | cval_ic: 0.0110 
2025-05-19 09:09:53,969 - 	time_step: 800, epoch: 1 | train_loss: 1.2393063 | cval_loss: 1.1828865 | cval_ic: -0.1977 
2025-05-19 09:10:05,832 - 	time_step: 900, epoch: 1 | train_loss: 1.2233465 | cval_loss: 1.2171998 | cval_ic: 0.0200 
2025-05-19 09:10:17,703 - 	time_step: 1000, epoch: 1 | train_loss: 1.2115088 | cval_loss: 1.2581297 | cval_ic: 0.0667 
2025-05-19 09:10:29,590 - 	time_step: 1100, epoch: 1 | train_loss: 1.1539446 | cval_loss: 1.2132220 | cval_ic: -0.0322 
2025-05-19 09:10:41,431 - 	time_step: 1200, epoch: 1 | train_loss: 1.1987572 | cval_loss: 1.2000543 | cval_ic: -0.0030 
2025-05-19 09:10:53,232 - 	time_step: 1300, epoch: 1 | train_loss: 1.2394965 | cval_loss: 1.2458060 | cval_ic: 0.0223 
2025-05-19 09:11:30,199 - Epoch: 0 | Time: 192.67s 
2025-05-19 09:11:30,200 - Train Loss: 1.2253 | Val Loss: 1.2170 | Test Loss: 1.2199 | Val IC Mean: 0.0263| Test IC Mean: 0.0137 
2025-05-19 09:11:30,209 - Updating learning rate to 6.349626647549365e-06 
2025-05-19 09:11:30,217 - best model saved with test ic : 0.0137 
2025-05-19 09:11:43,131 - 	time_step: 100, epoch: 2 | train_loss: 1.2200284 | cval_loss: 1.2060412 | cval_ic: 0.0020 
2025-05-19 09:11:54,918 - 	time_step: 200, epoch: 2 | train_loss: 1.2888941 | cval_loss: 1.2314895 | cval_ic: 0.0639 
2025-05-19 09:12:06,632 - 	time_step: 300, epoch: 2 | train_loss: 1.1812649 | cval_loss: 1.2569239 | cval_ic: 0.1077 
2025-05-19 09:12:18,552 - 	time_step: 400, epoch: 2 | train_loss: 1.2568974 | cval_loss: 1.2094260 | cval_ic: 0.0305 
2025-05-19 09:12:30,358 - 	time_step: 500, epoch: 2 | train_loss: 1.1567707 | cval_loss: 1.2210726 | cval_ic: 0.0316 
2025-05-19 09:12:41,987 - 	time_step: 600, epoch: 2 | train_loss: 1.2666438 | cval_loss: 1.2549636 | cval_ic: 0.0863 
2025-05-19 09:12:53,677 - 	time_step: 700, epoch: 2 | train_loss: 1.1785473 | cval_loss: 1.1664869 | cval_ic: 0.1558 
2025-05-19 09:13:05,446 - 	time_step: 800, epoch: 2 | train_loss: 1.1717738 | cval_loss: 1.1536715 | cval_ic: 0.0088 
2025-05-19 09:13:17,041 - 	time_step: 900, epoch: 2 | train_loss: 1.2186532 | cval_loss: 1.2401346 | cval_ic: 0.1209 
2025-05-19 09:13:28,713 - 	time_step: 1000, epoch: 2 | train_loss: 1.1745870 | cval_loss: 1.2347412 | cval_ic: 0.0431 
2025-05-19 09:13:40,266 - 	time_step: 1100, epoch: 2 | train_loss: 1.2108808 | cval_loss: 1.1898185 | cval_ic: 0.0726 
2025-05-19 09:13:51,878 - 	time_step: 1200, epoch: 2 | train_loss: 1.2584598 | cval_loss: 1.2259398 | cval_ic: 0.0034 
2025-05-19 09:14:03,472 - 	time_step: 1300, epoch: 2 | train_loss: 1.1902800 | cval_loss: 1.2575767 | cval_ic: 0.0564 
2025-05-19 09:14:39,579 - Epoch: 1 | Time: 189.36s 
2025-05-19 09:14:39,580 - Train Loss: 1.2213 | Val Loss: 1.2152 | Test Loss: 1.2206 | Val IC Mean: 0.0633| Test IC Mean: 0.0359 
2025-05-19 09:14:39,588 - Updating learning rate to 1.3168475532577731e-05 
2025-05-19 09:14:39,596 - best model saved with test ic : 0.0359 
2025-05-19 09:14:52,531 - 	time_step: 100, epoch: 3 | train_loss: 1.2327991 | cval_loss: 1.2429618 | cval_ic: 0.0604 
2025-05-19 09:15:04,214 - 	time_step: 200, epoch: 3 | train_loss: 1.2289333 | cval_loss: 1.2037245 | cval_ic: 0.1118 
2025-05-19 09:15:15,771 - 	time_step: 300, epoch: 3 | train_loss: 1.2168287 | cval_loss: 1.2340477 | cval_ic: -0.0435 
2025-05-19 09:15:27,242 - 	time_step: 400, epoch: 3 | train_loss: 1.2351265 | cval_loss: 1.1852357 | cval_ic: 0.0051 
2025-05-19 09:15:38,720 - 	time_step: 500, epoch: 3 | train_loss: 1.2194113 | cval_loss: 1.2456331 | cval_ic: -0.0022 
2025-05-19 09:15:50,143 - 	time_step: 600, epoch: 3 | train_loss: 1.2405965 | cval_loss: 1.2372990 | cval_ic: -0.0075 
2025-05-19 09:16:01,658 - 	time_step: 700, epoch: 3 | train_loss: 1.2501521 | cval_loss: 1.2329681 | cval_ic: 0.0282 
2025-05-19 09:16:13,274 - 	time_step: 800, epoch: 3 | train_loss: 1.1609795 | cval_loss: 1.2279500 | cval_ic: 0.0702 
2025-05-19 09:16:24,863 - 	time_step: 900, epoch: 3 | train_loss: 1.2191044 | cval_loss: 1.1631564 | cval_ic: 0.0641 
2025-05-19 09:16:36,372 - 	time_step: 1000, epoch: 3 | train_loss: 1.2132498 | cval_loss: 1.2287740 | cval_ic: 0.0999 
2025-05-19 09:16:47,850 - 	time_step: 1100, epoch: 3 | train_loss: 1.3178049 | cval_loss: 1.2414547 | cval_ic: -0.1014 
2025-05-19 09:16:59,420 - 	time_step: 1200, epoch: 3 | train_loss: 1.1760309 | cval_loss: 1.2021487 | cval_ic: 0.0425 
2025-05-19 09:17:10,942 - 	time_step: 1300, epoch: 3 | train_loss: 1.2427483 | cval_loss: 1.1478519 | cval_ic: 0.1064 
2025-05-19 09:17:47,012 - Epoch: 2 | Time: 187.42s 
2025-05-19 09:17:47,013 - Train Loss: 1.2188 | Val Loss: 1.2120 | Test Loss: 1.2203 | Val IC Mean: 0.0815| Test IC Mean: 0.0436 
2025-05-19 09:17:47,021 - Updating learning rate to 2.3788973778173612e-05 
2025-05-19 09:17:47,029 - best model saved with test ic : 0.0436 
2025-05-19 09:17:59,747 - 	time_step: 100, epoch: 4 | train_loss: 1.2187040 | cval_loss: 1.1460979 | cval_ic: -0.0175 
2025-05-19 09:18:11,220 - 	time_step: 200, epoch: 4 | train_loss: 1.2719235 | cval_loss: 1.1977270 | cval_ic: 0.0426 
2025-05-19 09:18:22,668 - 	time_step: 300, epoch: 4 | train_loss: 1.2375475 | cval_loss: 1.2035726 | cval_ic: 0.0567 
2025-05-19 09:18:34,204 - 	time_step: 400, epoch: 4 | train_loss: 1.1735688 | cval_loss: 1.2125534 | cval_ic: 0.1780 
2025-05-19 09:18:45,646 - 	time_step: 500, epoch: 4 | train_loss: 1.2121263 | cval_loss: 1.2914726 | cval_ic: 0.0978 
2025-05-19 09:18:57,125 - 	time_step: 600, epoch: 4 | train_loss: 1.1719974 | cval_loss: 1.2375327 | cval_ic: 0.0297 
2025-05-19 09:19:08,606 - 	time_step: 700, epoch: 4 | train_loss: 1.2193309 | cval_loss: 1.1997877 | cval_ic: 0.1626 
2025-05-19 09:19:20,205 - 	time_step: 800, epoch: 4 | train_loss: 1.1650138 | cval_loss: 1.1864896 | cval_ic: 0.2483 
2025-05-19 09:19:31,799 - 	time_step: 900, epoch: 4 | train_loss: 1.1817230 | cval_loss: 1.2471027 | cval_ic: -0.0025 
2025-05-19 09:19:43,379 - 	time_step: 1000, epoch: 4 | train_loss: 1.2247609 | cval_loss: 1.2451702 | cval_ic: 0.0889 
2025-05-19 09:19:55,037 - 	time_step: 1100, epoch: 4 | train_loss: 1.2734256 | cval_loss: 1.1952710 | cval_ic: 0.0791 
2025-05-19 09:20:06,524 - 	time_step: 1200, epoch: 4 | train_loss: 1.1720974 | cval_loss: 1.1705906 | cval_ic: 0.1330 
2025-05-19 09:20:18,042 - 	time_step: 1300, epoch: 4 | train_loss: 1.1837947 | cval_loss: 1.2410508 | cval_ic: 0.0829 
2025-05-19 09:20:53,926 - Epoch: 3 | Time: 186.90s 
2025-05-19 09:20:53,926 - Train Loss: 1.2153 | Val Loss: 1.2096 | Test Loss: 1.2232 | Val IC Mean: 0.0992| Test IC Mean: 0.0531 
2025-05-19 09:20:53,935 - Updating learning rate to 3.7171362813999385e-05 
2025-05-19 09:20:53,943 - best model saved with test ic : 0.0531 
2025-05-19 09:21:06,692 - 	time_step: 100, epoch: 5 | train_loss: 1.2068278 | cval_loss: 1.2027411 | cval_ic: -0.0036 
2025-05-19 09:21:18,130 - 	time_step: 200, epoch: 5 | train_loss: 1.2590344 | cval_loss: 1.1873441 | cval_ic: 0.0923 
2025-05-19 09:21:29,622 - 	time_step: 300, epoch: 5 | train_loss: 1.1967297 | cval_loss: 1.1655548 | cval_ic: 0.0989 
2025-05-19 09:21:41,278 - 	time_step: 400, epoch: 5 | train_loss: 1.1868607 | cval_loss: 1.2003865 | cval_ic: 0.0284 
2025-05-19 09:21:52,963 - 	time_step: 500, epoch: 5 | train_loss: 1.2217538 | cval_loss: 1.1338071 | cval_ic: 0.1855 
2025-05-19 09:22:04,587 - 	time_step: 600, epoch: 5 | train_loss: 1.2655915 | cval_loss: 1.1929852 | cval_ic: 0.1192 
2025-05-19 09:22:16,087 - 	time_step: 700, epoch: 5 | train_loss: 1.2165444 | cval_loss: 1.2640904 | cval_ic: 0.0432 
2025-05-19 09:22:27,582 - 	time_step: 800, epoch: 5 | train_loss: 1.2583785 | cval_loss: 1.1766927 | cval_ic: 0.0556 
2025-05-19 09:22:39,048 - 	time_step: 900, epoch: 5 | train_loss: 1.2774200 | cval_loss: 1.1978195 | cval_ic: 0.0977 
2025-05-19 09:22:50,501 - 	time_step: 1000, epoch: 5 | train_loss: 1.2104546 | cval_loss: 1.2233720 | cval_ic: 0.2181 
2025-05-19 09:23:01,982 - 	time_step: 1100, epoch: 5 | train_loss: 1.1727644 | cval_loss: 1.2422694 | cval_ic: 0.0263 
2025-05-19 09:23:13,432 - 	time_step: 1200, epoch: 5 | train_loss: 1.2087252 | cval_loss: 1.1995275 | cval_ic: 0.1305 
2025-05-19 09:23:24,930 - 	time_step: 1300, epoch: 5 | train_loss: 1.2345033 | cval_loss: 1.2027110 | cval_ic: 0.1324 
2025-05-19 09:24:00,829 - Epoch: 4 | Time: 186.89s 
2025-05-19 09:24:00,829 - Train Loss: 1.2124 | Val Loss: 1.2068 | Test Loss: 1.2240 | Val IC Mean: 0.1109| Test IC Mean: 0.0527 
2025-05-19 09:24:00,838 - Updating learning rate to 5.2005491894786345e-05 
2025-05-19 09:24:13,530 - 	time_step: 100, epoch: 6 | train_loss: 1.2656388 | cval_loss: 1.2331321 | cval_ic: 0.0334 
2025-05-19 09:24:24,975 - 	time_step: 200, epoch: 6 | train_loss: 1.2327510 | cval_loss: 1.1939993 | cval_ic: 0.1301 
2025-05-19 09:24:36,429 - 	time_step: 300, epoch: 6 | train_loss: 1.2418243 | cval_loss: 1.2578868 | cval_ic: 0.1606 
2025-05-19 09:24:47,916 - 	time_step: 400, epoch: 6 | train_loss: 1.1885172 | cval_loss: 1.1896746 | cval_ic: 0.1300 
2025-05-19 09:24:59,384 - 	time_step: 500, epoch: 6 | train_loss: 1.2346427 | cval_loss: 1.2056950 | cval_ic: 0.0832 
2025-05-19 09:25:10,857 - 	time_step: 600, epoch: 6 | train_loss: 1.2350378 | cval_loss: 1.1550108 | cval_ic: 0.1036 
2025-05-19 09:25:22,382 - 	time_step: 700, epoch: 6 | train_loss: 1.2118237 | cval_loss: 1.1756179 | cval_ic: 0.1787 
2025-05-19 09:25:33,907 - 	time_step: 800, epoch: 6 | train_loss: 1.2481649 | cval_loss: 1.2806069 | cval_ic: 0.0326 
2025-05-19 09:25:45,423 - 	time_step: 900, epoch: 6 | train_loss: 1.2209949 | cval_loss: 1.2252932 | cval_ic: 0.1250 
2025-05-19 09:25:56,970 - 	time_step: 1000, epoch: 6 | train_loss: 1.1969323 | cval_loss: 1.1989361 | cval_ic: 0.0851 
2025-05-19 09:26:08,527 - 	time_step: 1100, epoch: 6 | train_loss: 1.1409672 | cval_loss: 1.1707423 | cval_ic: 0.1850 
2025-05-19 09:26:20,041 - 	time_step: 1200, epoch: 6 | train_loss: 1.2285426 | cval_loss: 1.1920110 | cval_ic: 0.1292 
2025-05-19 09:26:31,553 - 	time_step: 1300, epoch: 6 | train_loss: 1.1707816 | cval_loss: 1.1960981 | cval_ic: 0.1065 
2025-05-19 09:27:07,510 - Epoch: 5 | Time: 186.67s 
2025-05-19 09:27:07,510 - Train Loss: 1.2102 | Val Loss: 1.2061 | Test Loss: 1.2209 | Val IC Mean: 0.0953| Test IC Mean: 0.0383 
2025-05-19 09:27:07,519 - Updating learning rate to 6.6839083312976e-05 
2025-05-19 09:27:20,146 - 	time_step: 100, epoch: 7 | train_loss: 1.2337952 | cval_loss: 1.2327242 | cval_ic: 0.1633 
2025-05-19 09:27:31,747 - 	time_step: 200, epoch: 7 | train_loss: 1.2213784 | cval_loss: 1.2365336 | cval_ic: 0.1411 
2025-05-19 09:27:43,416 - 	time_step: 300, epoch: 7 | train_loss: 1.2466607 | cval_loss: 1.2259716 | cval_ic: 0.1427 
2025-05-19 09:27:55,217 - 	time_step: 400, epoch: 7 | train_loss: 1.2122529 | cval_loss: 1.1746386 | cval_ic: 0.0724 
2025-05-19 09:28:06,924 - 	time_step: 500, epoch: 7 | train_loss: 1.2718291 | cval_loss: 1.1657330 | cval_ic: 0.1247 
2025-05-19 09:28:18,665 - 	time_step: 600, epoch: 7 | train_loss: 1.2088238 | cval_loss: 1.1367259 | cval_ic: 0.0579 
2025-05-19 09:28:30,442 - 	time_step: 700, epoch: 7 | train_loss: 1.2434772 | cval_loss: 1.2212934 | cval_ic: 0.0555 
2025-05-19 09:28:42,090 - 	time_step: 800, epoch: 7 | train_loss: 1.2387636 | cval_loss: 1.2539368 | cval_ic: 0.0435 
2025-05-19 09:28:53,866 - 	time_step: 900, epoch: 7 | train_loss: 1.1763645 | cval_loss: 1.2498327 | cval_ic: -0.0101 
2025-05-19 09:29:05,570 - 	time_step: 1000, epoch: 7 | train_loss: 1.1963185 | cval_loss: 1.1948978 | cval_ic: 0.1255 
2025-05-19 09:29:17,406 - 	time_step: 1100, epoch: 7 | train_loss: 1.2015699 | cval_loss: 1.2334305 | cval_ic: 0.0888 
2025-05-19 09:29:29,114 - 	time_step: 1200, epoch: 7 | train_loss: 1.2668048 | cval_loss: 1.2851199 | cval_ic: 0.1322 
2025-05-19 09:29:40,897 - 	time_step: 1300, epoch: 7 | train_loss: 1.1921995 | cval_loss: 1.1836087 | cval_ic: 0.1821 
2025-05-19 09:30:17,401 - Epoch: 6 | Time: 189.88s 
2025-05-19 09:30:17,401 - Train Loss: 1.2087 | Val Loss: 1.2055 | Test Loss: 1.2244 | Val IC Mean: 0.1100| Test IC Mean: 0.0484 
2025-05-19 09:30:17,409 - Updating learning rate to 8.021991199877507e-05 
2025-05-19 09:30:30,355 - 	time_step: 100, epoch: 8 | train_loss: 1.1888230 | cval_loss: 1.1943368 | cval_ic: 0.0420 
2025-05-19 09:30:42,079 - 	time_step: 200, epoch: 8 | train_loss: 1.1682364 | cval_loss: 1.1152730 | cval_ic: 0.2124 
2025-05-19 09:30:53,766 - 	time_step: 300, epoch: 8 | train_loss: 1.2594173 | cval_loss: 1.1847591 | cval_ic: 0.1886 
2025-05-19 09:31:05,541 - 	time_step: 400, epoch: 8 | train_loss: 1.1887816 | cval_loss: 1.1834782 | cval_ic: 0.1887 
2025-05-19 09:31:17,263 - 	time_step: 500, epoch: 8 | train_loss: 1.1609790 | cval_loss: 1.1597488 | cval_ic: 0.1523 
2025-05-19 09:31:28,994 - 	time_step: 600, epoch: 8 | train_loss: 1.1700499 | cval_loss: 1.1852646 | cval_ic: 0.0530 
2025-05-19 09:31:40,733 - 	time_step: 700, epoch: 8 | train_loss: 1.1471288 | cval_loss: 1.2597275 | cval_ic: 0.0950 
2025-05-19 09:31:52,547 - 	time_step: 800, epoch: 8 | train_loss: 1.1879777 | cval_loss: 1.2488343 | cval_ic: 0.0417 
2025-05-19 09:32:04,324 - 	time_step: 900, epoch: 8 | train_loss: 1.2380821 | cval_loss: 1.2106307 | cval_ic: 0.1631 
2025-05-19 09:32:16,102 - 	time_step: 1000, epoch: 8 | train_loss: 1.2128768 | cval_loss: 1.2259152 | cval_ic: 0.1850 
2025-05-19 09:32:27,896 - 	time_step: 1100, epoch: 8 | train_loss: 1.2209522 | cval_loss: 1.2297101 | cval_ic: 0.0147 
2025-05-19 09:32:39,619 - 	time_step: 1200, epoch: 8 | train_loss: 1.1917642 | cval_loss: 1.2299345 | cval_ic: 0.2038 
2025-05-19 09:32:51,404 - 	time_step: 1300, epoch: 8 | train_loss: 1.2177589 | cval_loss: 1.2356293 | cval_ic: 0.1035 
2025-05-19 09:33:28,003 - Epoch: 7 | Time: 190.59s 
2025-05-19 09:33:28,003 - Train Loss: 1.2072 | Val Loss: 1.2027 | Test Loss: 1.2201 | Val IC Mean: 0.1109| Test IC Mean: 0.0460 
2025-05-19 09:33:28,012 - Updating learning rate to 9.083797996691499e-05 
2025-05-19 09:33:41,231 - 	time_step: 100, epoch: 9 | train_loss: 1.1896685 | cval_loss: 1.2688936 | cval_ic: 0.1122 
2025-05-19 09:33:53,047 - 	time_step: 200, epoch: 9 | train_loss: 1.2154959 | cval_loss: 1.2190696 | cval_ic: 0.1614 
2025-05-19 09:34:04,753 - 	time_step: 300, epoch: 9 | train_loss: 1.1618420 | cval_loss: 1.2087824 | cval_ic: 0.1629 
2025-05-19 09:34:16,254 - 	time_step: 400, epoch: 9 | train_loss: 1.1699462 | cval_loss: 1.2047423 | cval_ic: 0.1102 
2025-05-19 09:34:27,946 - 	time_step: 500, epoch: 9 | train_loss: 1.2666379 | cval_loss: 1.2309434 | cval_ic: 0.2078 
2025-05-19 09:34:39,711 - 	time_step: 600, epoch: 9 | train_loss: 1.2678452 | cval_loss: 1.2467824 | cval_ic: 0.1055 
2025-05-19 09:34:51,458 - 	time_step: 700, epoch: 9 | train_loss: 1.2043056 | cval_loss: 1.1597470 | cval_ic: 0.2396 
2025-05-19 09:35:03,166 - 	time_step: 800, epoch: 9 | train_loss: 1.0847520 | cval_loss: 1.1442611 | cval_ic: 0.1043 
2025-05-19 09:35:14,930 - 	time_step: 900, epoch: 9 | train_loss: 1.1643976 | cval_loss: 1.2036184 | cval_ic: 0.1031 
2025-05-19 09:35:26,690 - 	time_step: 1000, epoch: 9 | train_loss: 1.2437539 | cval_loss: 1.1893140 | cval_ic: 0.2456 
2025-05-19 09:35:38,361 - 	time_step: 1100, epoch: 9 | train_loss: 1.2104061 | cval_loss: 1.1949695 | cval_ic: 0.2231 
2025-05-19 09:35:50,091 - 	time_step: 1200, epoch: 9 | train_loss: 1.2568727 | cval_loss: 1.1989886 | cval_ic: 0.1455 
2025-05-19 09:36:01,829 - 	time_step: 1300, epoch: 9 | train_loss: 1.2565275 | cval_loss: 1.2236818 | cval_ic: 0.1529 
2025-05-19 09:36:38,396 - Epoch: 8 | Time: 190.38s 
2025-05-19 09:36:38,396 - Train Loss: 1.2051 | Val Loss: 1.2006 | Test Loss: 1.2208 | Val IC Mean: 0.1248| Test IC Mean: 0.0583 
2025-05-19 09:36:38,405 - Updating learning rate to 9.76537665739194e-05 
2025-05-19 09:36:38,412 - best model saved with test ic : 0.0583 
2025-05-19 09:36:51,325 - 	time_step: 100, epoch: 10 | train_loss: 1.1850544 | cval_loss: 1.2351085 | cval_ic: 0.1352 
2025-05-19 09:37:02,952 - 	time_step: 200, epoch: 10 | train_loss: 1.2073866 | cval_loss: 1.2143482 | cval_ic: 0.0913 
2025-05-19 09:37:14,573 - 	time_step: 300, epoch: 10 | train_loss: 1.1315187 | cval_loss: 1.1535758 | cval_ic: 0.1796 
2025-05-19 09:37:26,216 - 	time_step: 400, epoch: 10 | train_loss: 1.1905830 | cval_loss: 1.2365959 | cval_ic: 0.0956 
2025-05-19 09:37:37,771 - 	time_step: 500, epoch: 10 | train_loss: 1.1457400 | cval_loss: 1.1372980 | cval_ic: 0.2960 
2025-05-19 09:37:49,347 - 	time_step: 600, epoch: 10 | train_loss: 1.1532958 | cval_loss: 1.2258096 | cval_ic: 0.1459 
2025-05-19 09:38:00,967 - 	time_step: 700, epoch: 10 | train_loss: 1.1824867 | cval_loss: 1.1737726 | cval_ic: 0.1269 
2025-05-19 09:38:12,574 - 	time_step: 800, epoch: 10 | train_loss: 1.2136919 | cval_loss: 1.2989923 | cval_ic: 0.1151 
2025-05-19 09:38:24,217 - 	time_step: 900, epoch: 10 | train_loss: 1.1899302 | cval_loss: 1.2326963 | cval_ic: 0.0972 
2025-05-19 09:38:35,738 - 	time_step: 1000, epoch: 10 | train_loss: 1.2090122 | cval_loss: 1.1780522 | cval_ic: 0.1369 
2025-05-19 09:38:47,329 - 	time_step: 1100, epoch: 10 | train_loss: 1.2200071 | cval_loss: 1.1809274 | cval_ic: 0.1023 
2025-05-19 09:38:58,908 - 	time_step: 1200, epoch: 10 | train_loss: 1.1598219 | cval_loss: 1.1724972 | cval_ic: 0.0822 
2025-05-19 09:39:10,477 - 	time_step: 1300, epoch: 10 | train_loss: 1.1541897 | cval_loss: 1.2556984 | cval_ic: 0.1825 
2025-05-19 09:39:46,401 - Epoch: 9 | Time: 187.99s 
2025-05-19 09:39:46,401 - Train Loss: 1.2033 | Val Loss: 1.2005 | Test Loss: 1.2189 | Val IC Mean: 0.1186| Test IC Mean: 0.0556 
2025-05-19 09:39:46,453 - Updating learning rate to 9.999999991819554e-05 
2025-05-19 09:39:59,255 - 	time_step: 100, epoch: 11 | train_loss: 1.1577053 | cval_loss: 1.1959001 | cval_ic: 0.2404 
2025-05-19 09:40:10,962 - 	time_step: 200, epoch: 11 | train_loss: 1.2176986 | cval_loss: 1.2690197 | cval_ic: 0.0854 
2025-05-19 09:40:22,512 - 	time_step: 300, epoch: 11 | train_loss: 1.1535984 | cval_loss: 1.1534438 | cval_ic: 0.1749 
2025-05-19 09:40:34,180 - 	time_step: 400, epoch: 11 | train_loss: 1.2363176 | cval_loss: 1.2044458 | cval_ic: 0.0473 
2025-05-19 09:40:45,831 - 	time_step: 500, epoch: 11 | train_loss: 1.1982790 | cval_loss: 1.2072862 | cval_ic: 0.2033 
2025-05-19 09:40:57,576 - 	time_step: 600, epoch: 11 | train_loss: 1.1755662 | cval_loss: 1.1754785 | cval_ic: 0.1486 
2025-05-19 09:41:09,143 - 	time_step: 700, epoch: 11 | train_loss: 1.1681337 | cval_loss: 1.2336662 | cval_ic: 0.1136 
2025-05-19 09:41:20,709 - 	time_step: 800, epoch: 11 | train_loss: 1.2160478 | cval_loss: 1.2098866 | cval_ic: 0.1672 
2025-05-19 09:41:32,259 - 	time_step: 900, epoch: 11 | train_loss: 1.1796820 | cval_loss: 1.1513319 | cval_ic: 0.2146 
2025-05-19 09:41:43,875 - 	time_step: 1000, epoch: 11 | train_loss: 1.1712296 | cval_loss: 1.1838094 | cval_ic: 0.1604 
2025-05-19 09:41:55,452 - 	time_step: 1100, epoch: 11 | train_loss: 1.2589754 | cval_loss: 1.1962624 | cval_ic: 0.2045 
2025-05-19 09:42:06,983 - 	time_step: 1200, epoch: 11 | train_loss: 1.2378889 | cval_loss: 1.2032557 | cval_ic: 0.1507 
2025-05-19 09:42:18,529 - 	time_step: 1300, epoch: 11 | train_loss: 1.1784780 | cval_loss: 1.1602128 | cval_ic: 0.2439 
2025-05-19 09:42:54,791 - Epoch: 10 | Time: 188.34s 
2025-05-19 09:42:54,792 - Train Loss: 1.2011 | Val Loss: 1.2013 | Test Loss: 1.2213 | Val IC Mean: 0.1307| Test IC Mean: 0.0678 
2025-05-19 09:42:54,792 - Updating learning rate to 9.984564281747436e-05 
2025-05-19 09:42:54,800 - best model saved with test ic : 0.0678 
2025-05-19 09:43:07,532 - 	time_step: 100, epoch: 12 | train_loss: 1.2093074 | cval_loss: 1.2192609 | cval_ic: 0.1661 
2025-05-19 09:43:19,247 - 	time_step: 200, epoch: 12 | train_loss: 1.2316823 | cval_loss: 1.1763324 | cval_ic: 0.1641 
2025-05-19 09:43:30,788 - 	time_step: 300, epoch: 12 | train_loss: 1.2419314 | cval_loss: 1.1540505 | cval_ic: 0.1711 
2025-05-19 09:43:42,287 - 	time_step: 400, epoch: 12 | train_loss: 1.1862007 | cval_loss: 1.1532347 | cval_ic: 0.1003 
2025-05-19 09:43:53,949 - 	time_step: 500, epoch: 12 | train_loss: 1.2053357 | cval_loss: 1.2126870 | cval_ic: 0.0728 
2025-05-19 09:44:05,456 - 	time_step: 600, epoch: 12 | train_loss: 1.2308915 | cval_loss: 1.1377702 | cval_ic: 0.2151 
2025-05-19 09:44:17,047 - 	time_step: 700, epoch: 12 | train_loss: 1.2004716 | cval_loss: 1.1178759 | cval_ic: 0.2369 
2025-05-19 09:44:28,625 - 	time_step: 800, epoch: 12 | train_loss: 1.2202100 | cval_loss: 1.1787288 | cval_ic: 0.1989 
2025-05-19 09:44:40,203 - 	time_step: 900, epoch: 12 | train_loss: 1.1246494 | cval_loss: 1.1544574 | cval_ic: 0.2087 
2025-05-19 09:44:51,780 - 	time_step: 1000, epoch: 12 | train_loss: 1.1879499 | cval_loss: 1.1657984 | cval_ic: 0.2322 
2025-05-19 09:45:03,303 - 	time_step: 1100, epoch: 12 | train_loss: 1.2298987 | cval_loss: 1.1949406 | cval_ic: 0.2196 
2025-05-19 09:45:14,883 - 	time_step: 1200, epoch: 12 | train_loss: 1.1600960 | cval_loss: 1.2321323 | cval_ic: 0.1099 
2025-05-19 09:45:26,498 - 	time_step: 1300, epoch: 12 | train_loss: 1.1846651 | cval_loss: 1.1479983 | cval_ic: 0.1968 
2025-05-19 09:46:02,677 - Epoch: 11 | Time: 187.88s 
2025-05-19 09:46:02,678 - Train Loss: 1.1990 | Val Loss: 1.1991 | Test Loss: 1.2211 | Val IC Mean: 0.1352| Test IC Mean: 0.0715 
2025-05-19 09:46:02,686 - Updating learning rate to 9.938397198649171e-05 
2025-05-19 09:46:02,693 - best model saved with test ic : 0.0715 
2025-05-19 09:46:15,527 - 	time_step: 100, epoch: 13 | train_loss: 1.1671798 | cval_loss: 1.2156693 | cval_ic: 0.1458 
2025-05-19 09:46:27,133 - 	time_step: 200, epoch: 13 | train_loss: 1.2128747 | cval_loss: 1.1799358 | cval_ic: 0.0742 
2025-05-19 09:46:38,729 - 	time_step: 300, epoch: 13 | train_loss: 1.1408706 | cval_loss: 1.2190423 | cval_ic: 0.0559 
2025-05-19 09:46:50,249 - 	time_step: 400, epoch: 13 | train_loss: 1.1995399 | cval_loss: 1.2171736 | cval_ic: 0.0415 
2025-05-19 09:47:01,833 - 	time_step: 500, epoch: 13 | train_loss: 1.2012042 | cval_loss: 1.1481489 | cval_ic: 0.2205 
2025-05-19 09:47:13,434 - 	time_step: 600, epoch: 13 | train_loss: 1.2034419 | cval_loss: 1.1453072 | cval_ic: 0.1264 
2025-05-19 09:47:24,963 - 	time_step: 700, epoch: 13 | train_loss: 1.1937302 | cval_loss: 1.1932025 | cval_ic: 0.0690 
2025-05-19 09:47:36,504 - 	time_step: 800, epoch: 13 | train_loss: 1.2240661 | cval_loss: 1.1156894 | cval_ic: 0.2551 
2025-05-19 09:47:48,012 - 	time_step: 900, epoch: 13 | train_loss: 1.1836165 | cval_loss: 1.2297323 | cval_ic: 0.0849 
2025-05-19 09:47:59,601 - 	time_step: 1000, epoch: 13 | train_loss: 1.2777743 | cval_loss: 1.2105429 | cval_ic: 0.1693 
2025-05-19 09:48:11,125 - 	time_step: 1100, epoch: 13 | train_loss: 1.2580541 | cval_loss: 1.1613718 | cval_ic: 0.2081 
2025-05-19 09:48:22,631 - 	time_step: 1200, epoch: 13 | train_loss: 1.2237827 | cval_loss: 1.1120783 | cval_ic: 0.2764 
2025-05-19 09:48:34,158 - 	time_step: 1300, epoch: 13 | train_loss: 1.1199851 | cval_loss: 1.1615641 | cval_ic: 0.2550 
2025-05-19 09:49:10,683 - Epoch: 12 | Time: 187.99s 
2025-05-19 09:49:10,683 - Train Loss: 1.1971 | Val Loss: 1.1981 | Test Loss: 1.2189 | Val IC Mean: 0.1299| Test IC Mean: 0.0561 
2025-05-19 09:49:10,692 - Updating learning rate to 9.861783377944174e-05 
2025-05-19 09:49:23,352 - 	time_step: 100, epoch: 14 | train_loss: 1.1801579 | cval_loss: 1.1540869 | cval_ic: 0.1973 
2025-05-19 09:49:34,378 - 	time_step: 200, epoch: 14 | train_loss: 1.1973610 | cval_loss: 1.2222136 | cval_ic: 0.1320 
2025-05-19 09:49:45,735 - 	time_step: 300, epoch: 14 | train_loss: 1.2235122 | cval_loss: 1.1857400 | cval_ic: 0.1177 
2025-05-19 09:49:57,285 - 	time_step: 400, epoch: 14 | train_loss: 1.1966174 | cval_loss: 1.2199425 | cval_ic: 0.1981 
2025-05-19 09:50:08,801 - 	time_step: 500, epoch: 14 | train_loss: 1.1795152 | cval_loss: 1.1618428 | cval_ic: 0.2080 
2025-05-19 09:50:20,383 - 	time_step: 600, epoch: 14 | train_loss: 1.1684854 | cval_loss: 1.1651480 | cval_ic: 0.2201 
2025-05-19 09:50:31,973 - 	time_step: 700, epoch: 14 | train_loss: 1.2236359 | cval_loss: 1.1957821 | cval_ic: 0.1702 
2025-05-19 09:50:43,456 - 	time_step: 800, epoch: 14 | train_loss: 1.2051826 | cval_loss: 1.2317256 | cval_ic: 0.1336 
2025-05-19 09:50:55,018 - 	time_step: 900, epoch: 14 | train_loss: 1.2206848 | cval_loss: 1.1880748 | cval_ic: 0.0953 
2025-05-19 09:51:06,439 - 	time_step: 1000, epoch: 14 | train_loss: 1.1863432 | cval_loss: 1.2384632 | cval_ic: 0.1118 
2025-05-19 09:51:17,995 - 	time_step: 1100, epoch: 14 | train_loss: 1.1686941 | cval_loss: 1.1761417 | cval_ic: 0.2557 
2025-05-19 09:51:29,481 - 	time_step: 1200, epoch: 14 | train_loss: 1.2583369 | cval_loss: 1.1700572 | cval_ic: 0.1169 
2025-05-19 09:51:41,039 - 	time_step: 1300, epoch: 14 | train_loss: 1.1100272 | cval_loss: 1.1659546 | cval_ic: 0.2507 
2025-05-19 09:52:16,907 - Epoch: 13 | Time: 186.22s 
2025-05-19 09:52:16,908 - Train Loss: 1.1947 | Val Loss: 1.1987 | Test Loss: 1.2194 | Val IC Mean: 0.1274| Test IC Mean: 0.0559 
2025-05-19 09:52:16,908 - Updating learning rate to 9.755195169313772e-05 
2025-05-19 09:52:29,699 - 	time_step: 100, epoch: 15 | train_loss: 1.1983428 | cval_loss: 1.1564347 | cval_ic: 0.2034 
2025-05-19 09:52:41,232 - 	time_step: 200, epoch: 15 | train_loss: 1.2521676 | cval_loss: 1.1289377 | cval_ic: 0.3040 
2025-05-19 09:52:52,742 - 	time_step: 300, epoch: 15 | train_loss: 1.2208668 | cval_loss: 1.2197942 | cval_ic: 0.0811 
2025-05-19 09:53:04,302 - 	time_step: 400, epoch: 15 | train_loss: 1.1904246 | cval_loss: 1.2128294 | cval_ic: 0.1577 
2025-05-19 09:53:15,890 - 	time_step: 500, epoch: 15 | train_loss: 1.2311777 | cval_loss: 1.2485926 | cval_ic: 0.1734 
2025-05-19 09:53:27,412 - 	time_step: 600, epoch: 15 | train_loss: 1.1999311 | cval_loss: 1.1995163 | cval_ic: 0.1716 
2025-05-19 09:53:39,005 - 	time_step: 700, epoch: 15 | train_loss: 1.2468388 | cval_loss: 1.2735313 | cval_ic: 0.1654 
2025-05-19 09:53:50,538 - 	time_step: 800, epoch: 15 | train_loss: 1.1925671 | cval_loss: 1.2113662 | cval_ic: 0.1823 
2025-05-19 09:54:02,181 - 	time_step: 900, epoch: 15 | train_loss: 1.2121401 | cval_loss: 1.1918178 | cval_ic: 0.2371 
2025-05-19 09:54:13,817 - 	time_step: 1000, epoch: 15 | train_loss: 1.1524019 | cval_loss: 1.1440147 | cval_ic: 0.1930 
2025-05-19 09:54:25,454 - 	time_step: 1100, epoch: 15 | train_loss: 1.1948872 | cval_loss: 1.2493459 | cval_ic: 0.1637 
2025-05-19 09:54:37,028 - 	time_step: 1200, epoch: 15 | train_loss: 1.1392363 | cval_loss: 1.1650368 | cval_ic: 0.2387 
2025-05-19 09:54:48,688 - 	time_step: 1300, epoch: 15 | train_loss: 1.1782868 | cval_loss: 1.1952418 | cval_ic: 0.1699 
2025-05-19 09:55:24,829 - Epoch: 14 | Time: 187.92s 
2025-05-19 09:55:24,829 - Train Loss: 1.1927 | Val Loss: 1.2001 | Test Loss: 1.2193 | Val IC Mean: 0.1208| Test IC Mean: 0.0514 
2025-05-19 09:55:24,829 - Updating learning rate to 9.619289724508349e-05 
2025-05-19 09:55:37,520 - 	time_step: 100, epoch: 16 | train_loss: 1.2324135 | cval_loss: 1.1617620 | cval_ic: 0.2520 
2025-05-19 09:55:48,972 - 	time_step: 200, epoch: 16 | train_loss: 1.2021160 | cval_loss: 1.1587349 | cval_ic: 0.2528 
2025-05-19 09:56:00,561 - 	time_step: 300, epoch: 16 | train_loss: 1.2080725 | cval_loss: 1.1547886 | cval_ic: 0.2333 
2025-05-19 09:56:12,218 - 	time_step: 400, epoch: 16 | train_loss: 1.2092298 | cval_loss: 1.1680387 | cval_ic: 0.1839 
2025-05-19 09:56:23,779 - 	time_step: 500, epoch: 16 | train_loss: 1.1611142 | cval_loss: 1.2022769 | cval_ic: 0.1379 
2025-05-19 09:56:35,379 - 	time_step: 600, epoch: 16 | train_loss: 1.1556032 | cval_loss: 1.1999347 | cval_ic: 0.1732 
2025-05-19 09:56:46,916 - 	time_step: 700, epoch: 16 | train_loss: 1.1760492 | cval_loss: 1.2387249 | cval_ic: 0.1433 
2025-05-19 09:56:58,373 - 	time_step: 800, epoch: 16 | train_loss: 1.1924999 | cval_loss: 1.1698326 | cval_ic: 0.2640 
2025-05-19 09:57:09,963 - 	time_step: 900, epoch: 16 | train_loss: 1.2564807 | cval_loss: 1.1762908 | cval_ic: 0.2104 
2025-05-19 09:57:21,511 - 	time_step: 1000, epoch: 16 | train_loss: 1.1096431 | cval_loss: 1.2079492 | cval_ic: 0.1426 
2025-05-19 09:57:33,057 - 	time_step: 1100, epoch: 16 | train_loss: 1.1967856 | cval_loss: 1.1819097 | cval_ic: 0.2125 
2025-05-19 09:57:44,625 - 	time_step: 1200, epoch: 16 | train_loss: 1.2115586 | cval_loss: 1.1035310 | cval_ic: 0.3174 
2025-05-19 09:57:56,195 - 	time_step: 1300, epoch: 16 | train_loss: 1.1801534 | cval_loss: 1.2286555 | cval_ic: 0.1679 
2025-05-19 09:58:32,001 - Epoch: 15 | Time: 187.17s 
2025-05-19 09:58:32,002 - Train Loss: 1.1908 | Val Loss: 1.1971 | Test Loss: 1.2181 | Val IC Mean: 0.1345| Test IC Mean: 0.0652 
2025-05-19 09:58:32,010 - Updating learning rate to 9.454904945788277e-05 
2025-05-19 09:58:44,819 - 	time_step: 100, epoch: 17 | train_loss: 1.1434786 | cval_loss: 1.1789354 | cval_ic: 0.1630 
2025-05-19 09:58:56,287 - 	time_step: 200, epoch: 17 | train_loss: 1.1677668 | cval_loss: 1.1524059 | cval_ic: 0.1836 
2025-05-19 09:59:07,663 - 	time_step: 300, epoch: 17 | train_loss: 1.1763029 | cval_loss: 1.1618785 | cval_ic: 0.1916 
2025-05-19 09:59:19,172 - 	time_step: 400, epoch: 17 | train_loss: 1.2046291 | cval_loss: 1.2151452 | cval_ic: 0.0876 
2025-05-19 09:59:30,731 - 	time_step: 500, epoch: 17 | train_loss: 1.1493802 | cval_loss: 1.1611137 | cval_ic: 0.1501 
2025-05-19 09:59:42,120 - 	time_step: 600, epoch: 17 | train_loss: 1.1808928 | cval_loss: 1.1666192 | cval_ic: 0.2738 
2025-05-19 09:59:53,617 - 	time_step: 700, epoch: 17 | train_loss: 1.1095281 | cval_loss: 1.1720705 | cval_ic: 0.2114 
2025-05-19 10:00:05,170 - 	time_step: 800, epoch: 17 | train_loss: 1.1262527 | cval_loss: 1.1896369 | cval_ic: 0.1159 
2025-05-19 10:00:16,649 - 	time_step: 900, epoch: 17 | train_loss: 1.1279051 | cval_loss: 1.1417572 | cval_ic: 0.2090 
2025-05-19 10:00:28,162 - 	time_step: 1000, epoch: 17 | train_loss: 1.1578407 | cval_loss: 1.2086147 | cval_ic: 0.1286 
2025-05-19 10:00:39,712 - 	time_step: 1100, epoch: 17 | train_loss: 1.1695291 | cval_loss: 1.2061204 | cval_ic: 0.1493 
2025-05-19 10:00:51,218 - 	time_step: 1200, epoch: 17 | train_loss: 1.1451838 | cval_loss: 1.1918415 | cval_ic: 0.2322 
2025-05-19 10:01:02,843 - 	time_step: 1300, epoch: 17 | train_loss: 1.2333845 | cval_loss: 1.1877671 | cval_ic: 0.0973 
2025-05-19 10:01:38,627 - Epoch: 16 | Time: 186.62s 
2025-05-19 10:01:38,627 - Train Loss: 1.1883 | Val Loss: 1.1982 | Test Loss: 1.2208 | Val IC Mean: 0.1377| Test IC Mean: 0.0729 
2025-05-19 10:01:38,628 - Updating learning rate to 9.263054319977848e-05 
2025-05-19 10:01:38,636 - best model saved with test ic : 0.0729 
2025-05-19 10:01:51,248 - 	time_step: 100, epoch: 18 | train_loss: 1.2703135 | cval_loss: 1.1566002 | cval_ic: 0.2659 
2025-05-19 10:02:02,708 - 	time_step: 200, epoch: 18 | train_loss: 1.1732587 | cval_loss: 1.2334467 | cval_ic: 0.1432 
2025-05-19 10:02:14,291 - 	time_step: 300, epoch: 18 | train_loss: 1.2155235 | cval_loss: 1.2199270 | cval_ic: 0.1607 
2025-05-19 10:02:25,784 - 	time_step: 400, epoch: 18 | train_loss: 1.1330080 | cval_loss: 1.0992366 | cval_ic: 0.2510 
2025-05-19 10:02:37,186 - 	time_step: 500, epoch: 18 | train_loss: 1.1315148 | cval_loss: 1.1761239 | cval_ic: 0.1803 
2025-05-19 10:02:48,670 - 	time_step: 600, epoch: 18 | train_loss: 1.1747574 | cval_loss: 1.2411036 | cval_ic: 0.0942 
2025-05-19 10:03:00,105 - 	time_step: 700, epoch: 18 | train_loss: 1.2762041 | cval_loss: 1.1646860 | cval_ic: 0.1564 
2025-05-19 10:03:11,498 - 	time_step: 800, epoch: 18 | train_loss: 1.2473347 | cval_loss: 1.2321932 | cval_ic: 0.1931 
2025-05-19 10:03:22,855 - 	time_step: 900, epoch: 18 | train_loss: 1.1889699 | cval_loss: 1.2171127 | cval_ic: 0.1234 
2025-05-19 10:03:34,220 - 	time_step: 1000, epoch: 18 | train_loss: 1.1511970 | cval_loss: 1.1532828 | cval_ic: 0.2443 
2025-05-19 10:03:45,799 - 	time_step: 1100, epoch: 18 | train_loss: 1.2032320 | cval_loss: 1.1900768 | cval_ic: 0.1418 
2025-05-19 10:03:57,324 - 	time_step: 1200, epoch: 18 | train_loss: 1.1247044 | cval_loss: 1.2166080 | cval_ic: 0.2468 
2025-05-19 10:04:08,687 - 	time_step: 1300, epoch: 18 | train_loss: 1.2138989 | cval_loss: 1.1764257 | cval_ic: 0.1750 
2025-05-19 10:04:44,321 - Epoch: 17 | Time: 185.68s 
2025-05-19 10:04:44,322 - Train Loss: 1.1862 | Val Loss: 1.1963 | Test Loss: 1.2185 | Val IC Mean: 0.1394| Test IC Mean: 0.0697 
2025-05-19 10:04:44,330 - Updating learning rate to 9.044920669981993e-05 
2025-05-19 10:04:57,062 - 	time_step: 100, epoch: 19 | train_loss: 1.1397713 | cval_loss: 1.2487592 | cval_ic: 0.1623 
2025-05-19 10:05:08,576 - 	time_step: 200, epoch: 19 | train_loss: 1.1344349 | cval_loss: 1.2074900 | cval_ic: 0.1557 
2025-05-19 10:05:20,094 - 	time_step: 300, epoch: 19 | train_loss: 1.1918319 | cval_loss: 1.1490586 | cval_ic: 0.2402 
2025-05-19 10:05:31,634 - 	time_step: 400, epoch: 19 | train_loss: 1.1849359 | cval_loss: 1.1529000 | cval_ic: 0.1890 
2025-05-19 10:05:42,993 - 	time_step: 500, epoch: 19 | train_loss: 1.2590345 | cval_loss: 1.2485023 | cval_ic: 0.0486 
2025-05-19 10:05:54,397 - 	time_step: 600, epoch: 19 | train_loss: 1.1819803 | cval_loss: 1.1977355 | cval_ic: 0.1681 
2025-05-19 10:06:05,832 - 	time_step: 700, epoch: 19 | train_loss: 1.1547388 | cval_loss: 1.2277551 | cval_ic: 0.1676 
2025-05-19 10:06:17,165 - 	time_step: 800, epoch: 19 | train_loss: 1.1992958 | cval_loss: 1.1865709 | cval_ic: 0.2130 
2025-05-19 10:06:28,582 - 	time_step: 900, epoch: 19 | train_loss: 1.1783299 | cval_loss: 1.1343414 | cval_ic: 0.2263 
2025-05-19 10:06:39,982 - 	time_step: 1000, epoch: 19 | train_loss: 1.2081521 | cval_loss: 1.2482796 | cval_ic: 0.1739 
2025-05-19 10:06:51,279 - 	time_step: 1100, epoch: 19 | train_loss: 1.1542206 | cval_loss: 1.1751276 | cval_ic: 0.2074 
2025-05-19 10:07:02,595 - 	time_step: 1200, epoch: 19 | train_loss: 1.1580417 | cval_loss: 1.2298527 | cval_ic: 0.1488 
2025-05-19 10:07:13,987 - 	time_step: 1300, epoch: 19 | train_loss: 1.2881676 | cval_loss: 1.1690545 | cval_ic: 0.1994 
2025-05-19 10:07:49,419 - Epoch: 18 | Time: 185.09s 
2025-05-19 10:07:49,419 - Train Loss: 1.1836 | Val Loss: 1.1984 | Test Loss: 1.2197 | Val IC Mean: 0.1357| Test IC Mean: 0.0682 
2025-05-19 10:07:49,419 - Updating learning rate to 8.801848862289736e-05 
2025-05-19 10:08:02,107 - 	time_step: 100, epoch: 20 | train_loss: 1.2194762 | cval_loss: 1.2883344 | cval_ic: 0.1215 
2025-05-19 10:08:13,490 - 	time_step: 200, epoch: 20 | train_loss: 1.1549151 | cval_loss: 1.2034131 | cval_ic: 0.1226 
2025-05-19 10:08:24,876 - 	time_step: 300, epoch: 20 | train_loss: 1.2001393 | cval_loss: 1.2506206 | cval_ic: 0.0809 
2025-05-19 10:08:36,338 - 	time_step: 400, epoch: 20 | train_loss: 1.1714911 | cval_loss: 1.2049274 | cval_ic: 0.2157 
2025-05-19 10:08:47,839 - 	time_step: 500, epoch: 20 | train_loss: 1.1730697 | cval_loss: 1.2067641 | cval_ic: 0.1839 
2025-05-19 10:08:59,208 - 	time_step: 600, epoch: 20 | train_loss: 1.1797074 | cval_loss: 1.1418111 | cval_ic: 0.1482 
2025-05-19 10:09:10,670 - 	time_step: 700, epoch: 20 | train_loss: 1.1821797 | cval_loss: 1.2028277 | cval_ic: 0.1533 
2025-05-19 10:09:22,140 - 	time_step: 800, epoch: 20 | train_loss: 1.1844292 | cval_loss: 1.2289270 | cval_ic: 0.1257 
2025-05-19 10:09:33,619 - 	time_step: 900, epoch: 20 | train_loss: 1.1884602 | cval_loss: 1.2514987 | cval_ic: 0.0160 
2025-05-19 10:09:45,046 - 	time_step: 1000, epoch: 20 | train_loss: 1.1042904 | cval_loss: 1.2317079 | cval_ic: 0.1360 
2025-05-19 10:09:56,469 - 	time_step: 1100, epoch: 20 | train_loss: 1.1939188 | cval_loss: 1.1057426 | cval_ic: 0.1877 
2025-05-19 10:10:07,814 - 	time_step: 1200, epoch: 20 | train_loss: 1.1574444 | cval_loss: 1.1928422 | cval_ic: 0.1407 
2025-05-19 10:10:19,126 - 	time_step: 1300, epoch: 20 | train_loss: 1.1239637 | cval_loss: 1.1498740 | cval_ic: 0.2955 
2025-05-19 10:10:54,534 - Epoch: 19 | Time: 185.11s 
2025-05-19 10:10:54,534 - Train Loss: 1.1808 | Val Loss: 1.2005 | Test Loss: 1.2220 | Val IC Mean: 0.1386| Test IC Mean: 0.0721 
2025-05-19 10:10:54,534 - Updating learning rate to 8.535337515425074e-05 
2025-05-19 10:11:06,980 - 	time_step: 100, epoch: 21 | train_loss: 1.0817485 | cval_loss: 1.1607418 | cval_ic: 0.2621 
2025-05-19 10:11:18,266 - 	time_step: 200, epoch: 21 | train_loss: 1.1654983 | cval_loss: 1.1691459 | cval_ic: 0.1736 
2025-05-19 10:11:29,554 - 	time_step: 300, epoch: 21 | train_loss: 1.1140388 | cval_loss: 1.1848898 | cval_ic: 0.2055 
2025-05-19 10:11:40,698 - 	time_step: 400, epoch: 21 | train_loss: 1.1858944 | cval_loss: 1.2106230 | cval_ic: 0.2269 
2025-05-19 10:11:51,929 - 	time_step: 500, epoch: 21 | train_loss: 1.2591963 | cval_loss: 1.1963334 | cval_ic: 0.1924 
2025-05-19 10:12:02,916 - 	time_step: 600, epoch: 21 | train_loss: 1.1582274 | cval_loss: 1.1369996 | cval_ic: 0.2584 
2025-05-19 10:12:13,988 - 	time_step: 700, epoch: 21 | train_loss: 1.1658467 | cval_loss: 1.1606324 | cval_ic: 0.1629 
2025-05-19 10:12:25,035 - 	time_step: 800, epoch: 21 | train_loss: 1.2100196 | cval_loss: 1.1427556 | cval_ic: 0.2029 
2025-05-19 10:12:36,307 - 	time_step: 900, epoch: 21 | train_loss: 1.1612546 | cval_loss: 1.2364335 | cval_ic: 0.1117 
2025-05-19 10:12:47,467 - 	time_step: 1000, epoch: 21 | train_loss: 1.1899743 | cval_loss: 1.1825172 | cval_ic: 0.2315 
2025-05-19 10:12:58,744 - 	time_step: 1100, epoch: 21 | train_loss: 1.1329461 | cval_loss: 1.2001039 | cval_ic: 0.1919 
2025-05-19 10:13:09,904 - 	time_step: 1200, epoch: 21 | train_loss: 1.2243911 | cval_loss: 1.2119634 | cval_ic: 0.1683 
2025-05-19 10:13:21,052 - 	time_step: 1300, epoch: 21 | train_loss: 1.1934266 | cval_loss: 1.1372646 | cval_ic: 0.2859 
2025-05-19 10:13:56,526 - Epoch: 20 | Time: 181.99s 
2025-05-19 10:13:56,527 - Train Loss: 1.1780 | Val Loss: 1.1995 | Test Loss: 1.2200 | Val IC Mean: 0.1382| Test IC Mean: 0.0751 
2025-05-19 10:13:56,527 - Updating learning rate to 8.247029760465449e-05 
2025-05-19 10:13:56,536 - best model saved with test ic : 0.0751 
2025-05-19 10:14:08,897 - 	time_step: 100, epoch: 22 | train_loss: 1.1582420 | cval_loss: 1.1799500 | cval_ic: 0.1441 
2025-05-19 10:14:19,928 - 	time_step: 200, epoch: 22 | train_loss: 1.1640524 | cval_loss: 1.1731263 | cval_ic: 0.2154 
2025-05-19 10:14:31,028 - 	time_step: 300, epoch: 22 | train_loss: 1.2458872 | cval_loss: 1.1800692 | cval_ic: 0.1632 
2025-05-19 10:14:42,114 - 	time_step: 400, epoch: 22 | train_loss: 1.1908672 | cval_loss: 1.2226092 | cval_ic: 0.1663 
2025-05-19 10:14:53,575 - 	time_step: 500, epoch: 22 | train_loss: 1.1967778 | cval_loss: 1.1835496 | cval_ic: 0.2336 
2025-05-19 10:15:05,162 - 	time_step: 600, epoch: 22 | train_loss: 1.2005574 | cval_loss: 1.2061267 | cval_ic: 0.2222 
2025-05-19 10:15:16,656 - 	time_step: 700, epoch: 22 | train_loss: 1.1645817 | cval_loss: 1.1307824 | cval_ic: 0.2425 
2025-05-19 10:15:28,152 - 	time_step: 800, epoch: 22 | train_loss: 1.1964666 | cval_loss: 1.2169919 | cval_ic: 0.1731 
2025-05-19 10:15:39,796 - 	time_step: 900, epoch: 22 | train_loss: 1.2994179 | cval_loss: 1.1720166 | cval_ic: 0.1738 
2025-05-19 10:15:51,537 - 	time_step: 1000, epoch: 22 | train_loss: 1.1672758 | cval_loss: 1.2022256 | cval_ic: 0.1756 
2025-05-19 10:16:03,058 - 	time_step: 1100, epoch: 22 | train_loss: 1.1808952 | cval_loss: 1.1340877 | cval_ic: 0.1702 
2025-05-19 10:16:14,589 - 	time_step: 1200, epoch: 22 | train_loss: 1.2342323 | cval_loss: 1.2210957 | cval_ic: 0.1743 
2025-05-19 10:16:25,995 - 	time_step: 1300, epoch: 22 | train_loss: 1.1637776 | cval_loss: 1.1260966 | cval_ic: 0.2915 
2025-05-19 10:17:01,137 - Epoch: 21 | Time: 184.60s 
2025-05-19 10:17:01,138 - Train Loss: 1.1750 | Val Loss: 1.2009 | Test Loss: 1.2224 | Val IC Mean: 0.1279| Test IC Mean: 0.0526 
2025-05-19 10:17:01,138 - Updating learning rate to 7.938703110592242e-05 
2025-05-19 10:17:13,656 - 	time_step: 100, epoch: 23 | train_loss: 1.1257572 | cval_loss: 1.1674994 | cval_ic: 0.2016 
2025-05-19 10:17:24,904 - 	time_step: 200, epoch: 23 | train_loss: 1.2057669 | cval_loss: 1.1198145 | cval_ic: 0.2576 
2025-05-19 10:17:36,081 - 	time_step: 300, epoch: 23 | train_loss: 1.1351347 | cval_loss: 1.1108862 | cval_ic: 0.2323 
2025-05-19 10:17:47,217 - 	time_step: 400, epoch: 23 | train_loss: 1.2187123 | cval_loss: 1.1319467 | cval_ic: 0.1821 
2025-05-19 10:17:58,393 - 	time_step: 500, epoch: 23 | train_loss: 1.1837696 | cval_loss: 1.2141590 | cval_ic: 0.0379 
2025-05-19 10:18:09,574 - 	time_step: 600, epoch: 23 | train_loss: 1.1349174 | cval_loss: 1.2808484 | cval_ic: 0.1186 
2025-05-19 10:18:20,698 - 	time_step: 700, epoch: 23 | train_loss: 1.1125122 | cval_loss: 1.1053987 | cval_ic: 0.3237 
2025-05-19 10:18:31,819 - 	time_step: 800, epoch: 23 | train_loss: 1.1657664 | cval_loss: 1.1873400 | cval_ic: 0.2462 
2025-05-19 10:18:42,929 - 	time_step: 900, epoch: 23 | train_loss: 1.1001737 | cval_loss: 1.0423807 | cval_ic: 0.3109 
2025-05-19 10:18:54,244 - 	time_step: 1000, epoch: 23 | train_loss: 1.2273663 | cval_loss: 1.1116526 | cval_ic: 0.2929 
2025-05-19 10:19:05,467 - 	time_step: 1100, epoch: 23 | train_loss: 1.0417753 | cval_loss: 1.1619606 | cval_ic: 0.1709 
2025-05-19 10:19:16,539 - 	time_step: 1200, epoch: 23 | train_loss: 1.1893243 | cval_loss: 1.1296238 | cval_ic: 0.2176 
2025-05-19 10:19:27,797 - 	time_step: 1300, epoch: 23 | train_loss: 1.1475545 | cval_loss: 1.1817727 | cval_ic: 0.1640 
2025-05-19 10:20:02,899 - Epoch: 22 | Time: 181.76s 
2025-05-19 10:20:02,899 - Train Loss: 1.1719 | Val Loss: 1.2042 | Test Loss: 1.2277 | Val IC Mean: 0.1339| Test IC Mean: 0.0667 
2025-05-19 10:20:02,899 - -----------Early stopping---------- 
2025-05-19 10:20:02,908 - last model saved with test ic : 0.0667 
2025-05-19 10:20:16,396 - GRU final model test IC: 0.0667 
2025-05-19 10:20:16,397 - GRU pred_arr shape:(242, 3873) 
2025-05-19 10:22:07,515 - LightGBM test IC: 0.0626 
2025-05-19 10:22:45,579 - xgBoost test IC: 0.0638 
2025-05-19 10:28:43,122 - catBoost test IC: 0.0640 
2025-05-19 10:28:43,126 - gbdt_pred_arr shape:(242, 3873) 
